[0.987s] Invoking command in '/home/tomersi2/ros2_ws/build/sllidar_ros2': CMAKE_PREFIX_PATH=${CMAKE_PREFIX_PATH}:/home/tomersi2/ros2_ws/install/my_robot_controller:/opt/ros/humble /usr/bin/cmake --build /home/tomersi2/ros2_ws/build/sllidar_ros2 -- -j4 -l4
[1.588s] [ 10%] Built target sllidar_client
[1.613s] [100%] Built target sllidar_node
[1.656s] Invoked command in '/home/tomersi2/ros2_ws/build/sllidar_ros2' returned '0': CMAKE_PREFIX_PATH=${CMAKE_PREFIX_PATH}:/home/tomersi2/ros2_ws/install/my_robot_controller:/opt/ros/humble /usr/bin/cmake --build /home/tomersi2/ros2_ws/build/sllidar_ros2 -- -j4 -l4
[2.100s] Invoking command in '/home/tomersi2/ros2_ws/build/sllidar_ros2': CMAKE_PREFIX_PATH=${CMAKE_PREFIX_PATH}:/home/tomersi2/ros2_ws/install/my_robot_controller:/opt/ros/humble /usr/bin/cmake --install /home/tomersi2/ros2_ws/build/sllidar_ros2
[2.128s] -- Install configuration: ""
[2.133s] -- Execute custom install script
[2.144s] -- Up-to-date symlink: /home/tomersi2/ros2_ws/install/sllidar_ros2/share/sllidar_ros2/launch/sllidar_a1_launch.py
[2.146s] -- Up-to-date symlink: /home/tomersi2/ros2_ws/install/sllidar_ros2/share/sllidar_ros2/launch/sllidar_a2m12_launch .py
[2.147s] -- Up-to-date symlink: /home/tomersi2/ros2_ws/install/sllidar_ros2/share/sllidar_ros2/launch/sllidar_a2m7_launch.py
[2.149s] -- Up-to-date symlink: /home/tomersi2/ros2_ws/install/sllidar_ros2/share/sllidar_ros2/launch/sllidar_a2m8_launch.py
[2.151s] -- Up-to-date symlink: /home/tomersi2/ros2_ws/install/sllidar_ros2/share/sllidar_ros2/launch/sllidar_a3_launch.py
[2.153s] -- Up-to-date symlink: /home/tomersi2/ros2_ws/install/sllidar_ros2/share/sllidar_ros2/launch/sllidar_c1_launch.py
[2.154s] -- Up-to-date symlink: /home/tomersi2/ros2_ws/install/sllidar_ros2/share/sllidar_ros2/launch/sllidar_s1_launch.py
[2.156s] -- Up-to-date symlink: /home/tomersi2/ros2_ws/install/sllidar_ros2/share/sllidar_ros2/launch/sllidar_s1_tcp_launch.py
[2.157s] -- Up-to-date symlink: /home/tomersi2/ros2_ws/install/sllidar_ros2/share/sllidar_ros2/launch/sllidar_s2_launch.py
[2.159s] -- Up-to-date symlink: /home/tomersi2/ros2_ws/install/sllidar_ros2/share/sllidar_ros2/launch/sllidar_s2e_launch.py
[2.160s] -- Up-to-date symlink: /home/tomersi2/ros2_ws/install/sllidar_ros2/share/sllidar_ros2/launch/sllidar_s3_launch.py
[2.162s] -- Up-to-date symlink: /home/tomersi2/ros2_ws/install/sllidar_ros2/share/sllidar_ros2/launch/sllidar_t1_launch.py
[2.163s] -- Up-to-date symlink: /home/tomersi2/ros2_ws/install/sllidar_ros2/share/sllidar_ros2/launch/view_sllidar_a1_launch.py
[2.165s] -- Up-to-date symlink: /home/tomersi2/ros2_ws/install/sllidar_ros2/share/sllidar_ros2/launch/view_sllidar_a2m12_launch.py
[2.166s] -- Up-to-date symlink: /home/tomersi2/ros2_ws/install/sllidar_ros2/share/sllidar_ros2/launch/view_sllidar_a2m7_launch.py
[2.167s] -- Up-to-date symlink: /home/tomersi2/ros2_ws/install/sllidar_ros2/share/sllidar_ros2/launch/view_sllidar_a2m8_launch.py
[2.169s] -- Up-to-date symlink: /home/tomersi2/ros2_ws/install/sllidar_ros2/share/sllidar_ros2/launch/view_sllidar_a3_launch.py
[2.170s] -- Up-to-date symlink: /home/tomersi2/ros2_ws/install/sllidar_ros2/share/sllidar_ros2/launch/view_sllidar_c1_launch.py
[2.171s] -- Up-to-date symlink: /home/tomersi2/ros2_ws/install/sllidar_ros2/share/sllidar_ros2/launch/view_sllidar_s1_launch.py
[2.173s] -- Up-to-date symlink: /home/tomersi2/ros2_ws/install/sllidar_ros2/share/sllidar_ros2/launch/view_sllidar_s1_tcp_launch.py
[2.174s] -- Up-to-date symlink: /home/tomersi2/ros2_ws/install/sllidar_ros2/share/sllidar_ros2/launch/view_sllidar_s2_launch.py
[2.176s] -- Up-to-date symlink: /home/tomersi2/ros2_ws/install/sllidar_ros2/share/sllidar_ros2/launch/view_sllidar_s2e_launch.py
[2.177s] -- Up-to-date symlink: /home/tomersi2/ros2_ws/install/sllidar_ros2/share/sllidar_ros2/launch/view_sllidar_s3_launch.py
[2.178s] -- Up-to-date symlink: /home/tomersi2/ros2_ws/install/sllidar_ros2/share/sllidar_ros2/launch/view_sllidar_t1_launch.py
[2.182s] -- Up-to-date symlink: /home/tomersi2/ros2_ws/install/sllidar_ros2/share/sllidar_ros2/rviz/sllidar_ros2.rviz
[2.186s] -- Up-to-date symlink: /home/tomersi2/ros2_ws/install/sllidar_ros2/lib/sllidar_ros2/sllidar_node
[2.187s] -- Up-to-date symlink: /home/tomersi2/ros2_ws/install/sllidar_ros2/lib/sllidar_ros2/sllidar_client
[2.190s] -- Up-to-date symlink: /home/tomersi2/ros2_ws/install/sllidar_ros2/share/ament_index/resource_index/package_run_dependencies/sllidar_ros2
[2.192s] -- Up-to-date symlink: /home/tomersi2/ros2_ws/install/sllidar_ros2/share/ament_index/resource_index/parent_prefix_path/sllidar_ros2
[2.194s] -- Up-to-date symlink: /home/tomersi2/ros2_ws/install/sllidar_ros2/share/sllidar_ros2/environment/ament_prefix_path.sh
[2.195s] -- Up-to-date symlink: /home/tomersi2/ros2_ws/install/sllidar_ros2/share/sllidar_ros2/environment/ament_prefix_path.dsv
[2.197s] -- Up-to-date symlink: /home/tomersi2/ros2_ws/install/sllidar_ros2/share/sllidar_ros2/environment/path.sh
[2.198s] -- Up-to-date symlink: /home/tomersi2/ros2_ws/install/sllidar_ros2/share/sllidar_ros2/environment/path.dsv
[2.200s] -- Up-to-date symlink: /home/tomersi2/ros2_ws/install/sllidar_ros2/share/sllidar_ros2/local_setup.bash
[2.202s] -- Up-to-date symlink: /home/tomersi2/ros2_ws/install/sllidar_ros2/share/sllidar_ros2/local_setup.sh
[2.206s] -- Up-to-date symlink: /home/tomersi2/ros2_ws/install/sllidar_ros2/share/sllidar_ros2/local_setup.zsh
[2.207s] -- Up-to-date symlink: /home/tomersi2/ros2_ws/install/sllidar_ros2/share/sllidar_ros2/local_setup.dsv
[2.208s] -- Symlinking: /home/tomersi2/ros2_ws/install/sllidar_ros2/share/sllidar_ros2/package.dsv
[2.247s] -- Up-to-date symlink: /home/tomersi2/ros2_ws/install/sllidar_ros2/share/ament_index/resource_index/packages/sllidar_ros2
[2.249s] -- Up-to-date symlink: /home/tomersi2/ros2_ws/install/sllidar_ros2/share/sllidar_ros2/cmake/ament_cmake_export_dependencies-extras.cmake
[2.251s] -- Up-to-date symlink: /home/tomersi2/ros2_ws/install/sllidar_ros2/share/sllidar_ros2/cmake/ament_cmake_export_include_directories-extras.cmake
[2.252s] -- Up-to-date symlink: /home/tomersi2/ros2_ws/install/sllidar_ros2/share/sllidar_ros2/cmake/sllidar_ros2Config.cmake
[2.254s] -- Up-to-date symlink: /home/tomersi2/ros2_ws/install/sllidar_ros2/share/sllidar_ros2/cmake/sllidar_ros2Config-version.cmake
[2.255s] -- Up-to-date symlink: /home/tomersi2/ros2_ws/install/sllidar_ros2/share/sllidar_ros2/package.xml
[2.262s] Invoked command in '/home/tomersi2/ros2_ws/build/sllidar_ros2' returned '0': CMAKE_PREFIX_PATH=${CMAKE_PREFIX_PATH}:/home/tomersi2/ros2_ws/install/my_robot_controller:/opt/ros/humble /usr/bin/cmake --install /home/tomersi2/ros2_ws/build/sllidar_ros2
