[0.136s] Invoking command in '/home/tomersi2/ros2_ws/build/hector_map_tools': /usr/bin/cmake /home/tomersi2/ros2_ws/src/hector_slam/hector_map_tools -DCATKIN_INSTALL_INTO_PREFIX_ROOT=0 -DCMAKE_INSTALL_PREFIX=/home/tomersi2/ros2_ws/install/hector_map_tools
[1.089s] -- The C compiler identification is GNU 11.4.0
[2.059s] -- The CXX compiler identification is GNU 11.4.0
[2.104s] -- Detecting C compiler ABI info
[2.615s] -- Detecting C compiler ABI info - done
[2.657s] -- Check for working C compiler: /usr/bin/cc - skipped
[2.658s] -- Detecting C compile features
[2.663s] -- Detecting C compile features - done
[2.690s] -- Detecting CXX compiler ABI info
[3.310s] -- Detecting CXX compiler ABI info - done
[3.352s] -- Check for working CXX compiler: /usr/bin/c++ - skipped
[3.354s] -- Detecting CXX compile features
[3.354s] -- Detecting CXX compile features - done
[3.829s] -- Configuring incomplete, errors occurred!
[3.830s] See also "/home/tomersi2/ros2_ws/build/hector_map_tools/CMakeFiles/CMakeOutput.log".
[3.831s] [31mCMake Error at CMakeLists.txt:4 (find_package):
[3.832s]   By not providing "Findcatkin.cmake" in CMAKE_MODULE_PATH this project has
[3.836s]   asked CMake to find a package configuration file provided by "catkin", but
[3.837s]   CMake did not find one.
[3.837s] 
[3.839s]   Could not find a package configuration file provided by "catkin" with any
[3.840s]   of the following names:
[3.840s] 
[3.841s]     catkinConfig.cmake
[3.841s]     catkin-config.cmake
[3.842s] 
[3.843s]   Add the installation prefix of "catkin" to CMAKE_PREFIX_PATH or set
[3.843s]   "catkin_DIR" to a directory containing one of the above files.  If "catkin"
[3.844s]   provides a separate development package or SDK, be sure it has been
[3.845s]   installed.
[3.846s] 
[3.846s] [0m
[3.850s] Invoked command in '/home/tomersi2/ros2_ws/build/hector_map_tools' returned '1': /usr/bin/cmake /home/tomersi2/ros2_ws/src/hector_slam/hector_map_tools -DCATKIN_INSTALL_INTO_PREFIX_ROOT=0 -DCMAKE_INSTALL_PREFIX=/home/tomersi2/ros2_ws/install/hector_map_tools
