[0.114s] Invoking command in '/home/tomersi2/ros2_ws/build/hector_nav_msgs': /usr/bin/cmake /home/tomersi2/ros2_ws/src/hector_slam/hector_nav_msgs -DCATKIN_INSTALL_INTO_PREFIX_ROOT=0 -DCMAKE_INSTALL_PREFIX=/home/tomersi2/ros2_ws/install/hector_nav_msgs
[1.045s] -- The C compiler identification is GNU 11.4.0
[2.025s] -- The CXX compiler identification is GNU 11.4.0
[2.061s] -- Detecting C compiler ABI info
[2.591s] -- Detecting C compiler ABI info - done
[2.630s] -- Check for working C compiler: /usr/bin/cc - skipped
[2.631s] -- Detecting C compile features
[2.631s] -- Detecting C compile features - done
[2.646s] -- Detecting CXX compiler ABI info
[3.258s] -- Detecting CXX compiler ABI info - done
[3.310s] -- Check for working CXX compiler: /usr/bin/c++ - skipped
[3.313s] -- Detecting CXX compile features
[3.315s] -- Detecting CXX compile features - done
[3.709s] [31mCMake Error at CMakeLists.txt:4 (find_package):
[3.724s]   By not providing "Findcatkin.cmake" in CMAKE_MODULE_PATH this project has
[3.728s]   asked CMake to find a package configuration file provided by "catkin", but
[3.733s]   CMake did not find one.
[3.734s] 
[3.736s]   Could not find a package configuration file provided by "catkin" with any
[3.736s]   of the following names:
[3.737s] 
[3.741s]     catkinConfig.cmake
[3.742s]     catkin-config.cmake
[3.742s] 
[3.743s]   Add the installation prefix of "catkin" to CMAKE_PREFIX_PATH or set
[3.744s]   "catkin_DIR" to a directory containing one of the above files.  If "catkin"
[3.745s]   provides a separate development package or SDK, be sure it has been
[3.745s]   installed.
[3.746s] 
[3.752s] [0m
[3.753s] -- Configuring incomplete, errors occurred!
[3.756s] See also "/home/tomersi2/ros2_ws/build/hector_nav_msgs/CMakeFiles/CMakeOutput.log".
[3.800s] Invoked command in '/home/tomersi2/ros2_ws/build/hector_nav_msgs' returned '1': /usr/bin/cmake /home/tomersi2/ros2_ws/src/hector_slam/hector_nav_msgs -DCATKIN_INSTALL_INTO_PREFIX_ROOT=0 -DCMAKE_INSTALL_PREFIX=/home/tomersi2/ros2_ws/install/hector_nav_msgs
