[0.623s] DEBUG:colcon:Command line arguments: ['/usr/bin/colcon', 'build', '--packages-select', 'cmake_modules']
[0.623s] DEBUG:colcon:Parsed command line arguments: Namespace(log_base=None, log_level=None, verb_name='build', build_base='build', install_base='install', merge_install=False, symlink_install=False, test_result_base=None, continue_on_error=False, executor='parallel', parallel_workers=4, event_handlers=None, ignore_user_meta=False, metas=['./colcon.meta'], base_paths=['.'], packages_ignore=None, packages_ignore_regex=None, paths=None, packages_up_to=None, packages_up_to_regex=None, packages_above=None, packages_above_and_dependencies=None, packages_above_depth=None, packages_select_by_dep=None, packages_skip_by_dep=None, packages_skip_up_to=None, packages_select_build_failed=False, packages_skip_build_finished=False, packages_select_test_failures=False, packages_skip_test_passed=False, packages_select=['cmake_modules'], packages_skip=None, packages_select_regex=None, packages_skip_regex=None, packages_start=None, packages_end=None, allow_overriding=[], cmake_args=None, cmake_target=None, cmake_target_skip_unavailable=False, cmake_clean_cache=False, cmake_clean_first=False, cmake_force_configure=False, ament_cmake_args=None, catkin_cmake_args=None, catkin_skip_building_tests=False, verb_parser=<colcon_defaults.argument_parser.defaults.DefaultArgumentsDecorator object at 0xffffa058e800>, verb_extension=<colcon_core.verb.build.BuildVerb object at 0xffffa07232e0>, main=<bound method BuildVerb.main of <colcon_core.verb.build.BuildVerb object at 0xffffa07232e0>>)
[0.805s] Level 1:colcon.colcon_core.package_discovery:discover_packages(colcon_meta) check parameters
[0.805s] Level 1:colcon.colcon_core.package_discovery:discover_packages(recursive) check parameters
[0.805s] Level 1:colcon.colcon_core.package_discovery:discover_packages(ignore) check parameters
[0.806s] Level 1:colcon.colcon_core.package_discovery:discover_packages(path) check parameters
[0.806s] Level 1:colcon.colcon_core.package_discovery:discover_packages(colcon_meta) discover
[0.806s] Level 1:colcon.colcon_core.package_discovery:discover_packages(recursive) discover
[0.807s] INFO:colcon.colcon_core.package_discovery:Crawling recursively for packages in '/home/tomersi2/ros2_ws'
[0.807s] Level 1:colcon.colcon_core.package_identification:_identify(.) by extensions ['ignore', 'ignore_ament_install']
[0.807s] Level 1:colcon.colcon_core.package_identification:_identify(.) by extension 'ignore'
[0.808s] Level 1:colcon.colcon_core.package_identification:_identify(.) by extension 'ignore_ament_install'
[0.808s] Level 1:colcon.colcon_core.package_identification:_identify(.) by extensions ['colcon_pkg']
[0.808s] Level 1:colcon.colcon_core.package_identification:_identify(.) by extension 'colcon_pkg'
[0.808s] Level 1:colcon.colcon_core.package_identification:_identify(.) by extensions ['colcon_meta']
[0.808s] Level 1:colcon.colcon_core.package_identification:_identify(.) by extension 'colcon_meta'
[0.808s] Level 1:colcon.colcon_core.package_identification:_identify(.) by extensions ['ros']
[0.809s] Level 1:colcon.colcon_core.package_identification:_identify(.) by extension 'ros'
[0.871s] Level 1:colcon.colcon_core.package_identification:_identify(.) by extensions ['cmake', 'python']
[0.871s] Level 1:colcon.colcon_core.package_identification:_identify(.) by extension 'cmake'
[0.872s] Level 1:colcon.colcon_core.package_identification:_identify(.) by extension 'python'
[0.872s] Level 1:colcon.colcon_core.package_identification:_identify(.) by extensions ['python_setup_py']
[0.872s] Level 1:colcon.colcon_core.package_identification:_identify(.) by extension 'python_setup_py'
[0.872s] Level 1:colcon.colcon_core.package_identification:_identify(build) by extensions ['ignore', 'ignore_ament_install']
[0.873s] Level 1:colcon.colcon_core.package_identification:_identify(build) by extension 'ignore'
[0.873s] Level 1:colcon.colcon_core.package_identification:_identify(build) ignored
[0.874s] Level 1:colcon.colcon_core.package_identification:_identify(install) by extensions ['ignore', 'ignore_ament_install']
[0.874s] Level 1:colcon.colcon_core.package_identification:_identify(install) by extension 'ignore'
[0.874s] Level 1:colcon.colcon_core.package_identification:_identify(install) ignored
[0.876s] Level 1:colcon.colcon_core.package_identification:_identify(log) by extensions ['ignore', 'ignore_ament_install']
[0.876s] Level 1:colcon.colcon_core.package_identification:_identify(log) by extension 'ignore'
[0.876s] Level 1:colcon.colcon_core.package_identification:_identify(log) ignored
[0.876s] Level 1:colcon.colcon_core.package_identification:_identify(src) by extensions ['ignore', 'ignore_ament_install']
[0.877s] Level 1:colcon.colcon_core.package_identification:_identify(src) by extension 'ignore'
[0.877s] Level 1:colcon.colcon_core.package_identification:_identify(src) by extension 'ignore_ament_install'
[0.877s] Level 1:colcon.colcon_core.package_identification:_identify(src) by extensions ['colcon_pkg']
[0.877s] Level 1:colcon.colcon_core.package_identification:_identify(src) by extension 'colcon_pkg'
[0.877s] Level 1:colcon.colcon_core.package_identification:_identify(src) by extensions ['colcon_meta']
[0.878s] Level 1:colcon.colcon_core.package_identification:_identify(src) by extension 'colcon_meta'
[0.878s] Level 1:colcon.colcon_core.package_identification:_identify(src) by extensions ['ros']
[0.878s] Level 1:colcon.colcon_core.package_identification:_identify(src) by extension 'ros'
[0.878s] Level 1:colcon.colcon_core.package_identification:_identify(src) by extensions ['cmake', 'python']
[0.878s] Level 1:colcon.colcon_core.package_identification:_identify(src) by extension 'cmake'
[0.878s] Level 1:colcon.colcon_core.package_identification:_identify(src) by extension 'python'
[0.879s] Level 1:colcon.colcon_core.package_identification:_identify(src) by extensions ['python_setup_py']
[0.879s] Level 1:colcon.colcon_core.package_identification:_identify(src) by extension 'python_setup_py'
[0.879s] Level 1:colcon.colcon_core.package_identification:_identify(src/build) by extensions ['ignore', 'ignore_ament_install']
[0.879s] Level 1:colcon.colcon_core.package_identification:_identify(src/build) by extension 'ignore'
[0.880s] Level 1:colcon.colcon_core.package_identification:_identify(src/build) ignored
[0.880s] Level 1:colcon.colcon_core.package_identification:_identify(src/cmake_modules) by extensions ['ignore', 'ignore_ament_install']
[0.880s] Level 1:colcon.colcon_core.package_identification:_identify(src/cmake_modules) by extension 'ignore'
[0.881s] Level 1:colcon.colcon_core.package_identification:_identify(src/cmake_modules) by extension 'ignore_ament_install'
[0.881s] Level 1:colcon.colcon_core.package_identification:_identify(src/cmake_modules) by extensions ['colcon_pkg']
[0.881s] Level 1:colcon.colcon_core.package_identification:_identify(src/cmake_modules) by extension 'colcon_pkg'
[0.881s] Level 1:colcon.colcon_core.package_identification:_identify(src/cmake_modules) by extensions ['colcon_meta']
[0.881s] Level 1:colcon.colcon_core.package_identification:_identify(src/cmake_modules) by extension 'colcon_meta'
[0.881s] Level 1:colcon.colcon_core.package_identification:_identify(src/cmake_modules) by extensions ['ros']
[0.882s] Level 1:colcon.colcon_core.package_identification:_identify(src/cmake_modules) by extension 'ros'
[0.889s] DEBUG:colcon.colcon_core.package_identification:Package 'src/cmake_modules' with type 'ros.catkin' and name 'cmake_modules'
[0.890s] Level 1:colcon.colcon_core.package_identification:_identify(src/install) by extensions ['ignore', 'ignore_ament_install']
[0.890s] Level 1:colcon.colcon_core.package_identification:_identify(src/install) by extension 'ignore'
[0.891s] Level 1:colcon.colcon_core.package_identification:_identify(src/install) ignored
[0.891s] Level 1:colcon.colcon_core.package_identification:_identify(src/log) by extensions ['ignore', 'ignore_ament_install']
[0.891s] Level 1:colcon.colcon_core.package_identification:_identify(src/log) by extension 'ignore'
[0.892s] Level 1:colcon.colcon_core.package_identification:_identify(src/log) ignored
[0.892s] Level 1:colcon.colcon_core.package_identification:_identify(src/my_robot_controller) by extensions ['ignore', 'ignore_ament_install']
[0.892s] Level 1:colcon.colcon_core.package_identification:_identify(src/my_robot_controller) by extension 'ignore'
[0.893s] Level 1:colcon.colcon_core.package_identification:_identify(src/my_robot_controller) by extension 'ignore_ament_install'
[0.893s] Level 1:colcon.colcon_core.package_identification:_identify(src/my_robot_controller) by extensions ['colcon_pkg']
[0.893s] Level 1:colcon.colcon_core.package_identification:_identify(src/my_robot_controller) by extension 'colcon_pkg'
[0.893s] Level 1:colcon.colcon_core.package_identification:_identify(src/my_robot_controller) by extensions ['colcon_meta']
[0.893s] Level 1:colcon.colcon_core.package_identification:_identify(src/my_robot_controller) by extension 'colcon_meta'
[0.893s] Level 1:colcon.colcon_core.package_identification:_identify(src/my_robot_controller) by extensions ['ros']
[0.893s] Level 1:colcon.colcon_core.package_identification:_identify(src/my_robot_controller) by extension 'ros'
[0.896s] DEBUG:colcon.colcon_core.package_identification:Package 'src/my_robot_controller' with type 'ros.ament_python' and name 'my_robot_controller'
[0.896s] Level 1:colcon.colcon_core.package_identification:_identify(src/sllidar_ros2) by extensions ['ignore', 'ignore_ament_install']
[0.897s] Level 1:colcon.colcon_core.package_identification:_identify(src/sllidar_ros2) by extension 'ignore'
[0.897s] Level 1:colcon.colcon_core.package_identification:_identify(src/sllidar_ros2) by extension 'ignore_ament_install'
[0.897s] Level 1:colcon.colcon_core.package_identification:_identify(src/sllidar_ros2) by extensions ['colcon_pkg']
[0.897s] Level 1:colcon.colcon_core.package_identification:_identify(src/sllidar_ros2) by extension 'colcon_pkg'
[0.897s] Level 1:colcon.colcon_core.package_identification:_identify(src/sllidar_ros2) by extensions ['colcon_meta']
[0.898s] Level 1:colcon.colcon_core.package_identification:_identify(src/sllidar_ros2) by extension 'colcon_meta'
[0.898s] Level 1:colcon.colcon_core.package_identification:_identify(src/sllidar_ros2) by extensions ['ros']
[0.898s] Level 1:colcon.colcon_core.package_identification:_identify(src/sllidar_ros2) by extension 'ros'
[0.901s] DEBUG:colcon.colcon_core.package_identification:Package 'src/sllidar_ros2' with type 'ros.ament_cmake' and name 'sllidar_ros2'
[0.901s] Level 1:colcon.colcon_core.package_discovery:discover_packages(recursive) using defaults
[0.901s] Level 1:colcon.colcon_core.package_discovery:discover_packages(ignore) discover
[0.901s] Level 1:colcon.colcon_core.package_discovery:discover_packages(ignore) using defaults
[0.901s] Level 1:colcon.colcon_core.package_discovery:discover_packages(path) discover
[0.902s] Level 1:colcon.colcon_core.package_discovery:discover_packages(path) using defaults
[1.012s] INFO:colcon.colcon_core.package_selection:Skipping not selected package 'my_robot_controller' in 'src/my_robot_controller'
[1.012s] INFO:colcon.colcon_core.package_selection:Skipping not selected package 'sllidar_ros2' in 'src/sllidar_ros2'
[1.014s] Level 1:colcon.colcon_core.package_discovery:discover_packages(prefix_path) check parameters
[1.014s] Level 1:colcon.colcon_core.package_discovery:discover_packages(prefix_path) discover
[1.026s] DEBUG:colcon.colcon_installed_package_information.package_discovery:Found 3 installed packages in /home/tomersi2/ros2_ws/install
[1.035s] DEBUG:colcon.colcon_installed_package_information.package_discovery:Found 241 installed packages in /opt/ros/humble
[1.045s] Level 1:colcon.colcon_core.package_discovery:discover_packages(prefix_path) using defaults
[1.185s] Level 5:colcon.colcon_core.verb:set package 'cmake_modules' build argument 'cmake_args' from command line to 'None'
[1.186s] Level 5:colcon.colcon_core.verb:set package 'cmake_modules' build argument 'cmake_target' from command line to 'None'
[1.186s] Level 5:colcon.colcon_core.verb:set package 'cmake_modules' build argument 'cmake_target_skip_unavailable' from command line to 'False'
[1.186s] Level 5:colcon.colcon_core.verb:set package 'cmake_modules' build argument 'cmake_clean_cache' from command line to 'False'
[1.186s] Level 5:colcon.colcon_core.verb:set package 'cmake_modules' build argument 'cmake_clean_first' from command line to 'False'
[1.186s] Level 5:colcon.colcon_core.verb:set package 'cmake_modules' build argument 'cmake_force_configure' from command line to 'False'
[1.186s] Level 5:colcon.colcon_core.verb:set package 'cmake_modules' build argument 'ament_cmake_args' from command line to 'None'
[1.186s] Level 5:colcon.colcon_core.verb:set package 'cmake_modules' build argument 'catkin_cmake_args' from command line to 'None'
[1.186s] Level 5:colcon.colcon_core.verb:set package 'cmake_modules' build argument 'catkin_skip_building_tests' from command line to 'False'
[1.187s] DEBUG:colcon.colcon_core.verb:Building package 'cmake_modules' with the following arguments: {'ament_cmake_args': None, 'build_base': '/home/tomersi2/ros2_ws/build/cmake_modules', 'catkin_cmake_args': None, 'catkin_skip_building_tests': False, 'cmake_args': None, 'cmake_clean_cache': False, 'cmake_clean_first': False, 'cmake_force_configure': False, 'cmake_target': None, 'cmake_target_skip_unavailable': False, 'install_base': '/home/tomersi2/ros2_ws/install/cmake_modules', 'merge_install': False, 'path': '/home/tomersi2/ros2_ws/src/cmake_modules', 'symlink_install': False, 'test_result_base': None}
[1.187s] INFO:colcon.colcon_core.executor:Executing jobs using 'parallel' executor
[1.190s] DEBUG:colcon.colcon_parallel_executor.executor.parallel:run_until_complete
[1.191s] INFO:colcon.colcon_ros.task.catkin.build:Building ROS package in '/home/tomersi2/ros2_ws/src/cmake_modules' with build type 'catkin'
[1.192s] INFO:colcon.colcon_cmake.task.cmake.build:Building CMake package in '/home/tomersi2/ros2_ws/src/cmake_modules'
[1.207s] INFO:colcon.colcon_core.plugin_system:Skipping extension 'colcon_core.shell.bat': Not used on non-Windows systems
[1.208s] INFO:colcon.colcon_core.shell:Skip shell extension 'powershell' for command environment: Not usable outside of PowerShell
[1.208s] DEBUG:colcon.colcon_core.shell:Skip shell extension 'dsv' for command environment
[1.248s] DEBUG:colcon.colcon_core.event_handler.log_command:Invoking command in '/home/tomersi2/ros2_ws/build/cmake_modules': /usr/bin/cmake /home/tomersi2/ros2_ws/src/cmake_modules -DCATKIN_INSTALL_INTO_PREFIX_ROOT=0 -DCMAKE_INSTALL_PREFIX=/home/tomersi2/ros2_ws/install/cmake_modules
[4.011s] DEBUG:colcon.colcon_core.event_handler.log_command:Invoked command in '/home/tomersi2/ros2_ws/build/cmake_modules' returned '1': /usr/bin/cmake /home/tomersi2/ros2_ws/src/cmake_modules -DCATKIN_INSTALL_INTO_PREFIX_ROOT=0 -DCMAKE_INSTALL_PREFIX=/home/tomersi2/ros2_ws/install/cmake_modules
[4.063s] Level 1:colcon.colcon_core.environment:create_environment_scripts_only(cmake_modules)
[4.083s] Level 1:colcon.colcon_core.environment:checking '/home/tomersi2/ros2_ws/install/cmake_modules' for CMake module files
[4.085s] Level 1:colcon.colcon_core.environment:checking '/home/tomersi2/ros2_ws/install/cmake_modules' for CMake config files
[4.087s] Level 1:colcon.colcon_core.environment:checking '/home/tomersi2/ros2_ws/install/cmake_modules/bin'
[4.087s] Level 1:colcon.colcon_core.environment:checking '/home/tomersi2/ros2_ws/install/cmake_modules/lib/pkgconfig/cmake_modules.pc'
[4.088s] Level 1:colcon.colcon_core.environment:checking '/home/tomersi2/ros2_ws/install/cmake_modules/lib/python3.10/site-packages'
[4.089s] Level 1:colcon.colcon_core.environment:checking '/home/tomersi2/ros2_ws/install/cmake_modules/bin'
[4.090s] INFO:colcon.colcon_core.shell:Creating package script '/home/tomersi2/ros2_ws/install/cmake_modules/share/cmake_modules/package.ps1'
[4.093s] INFO:colcon.colcon_core.shell:Creating package descriptor '/home/tomersi2/ros2_ws/install/cmake_modules/share/cmake_modules/package.dsv'
[4.095s] INFO:colcon.colcon_core.shell:Creating package script '/home/tomersi2/ros2_ws/install/cmake_modules/share/cmake_modules/package.sh'
[4.098s] INFO:colcon.colcon_core.shell:Creating package script '/home/tomersi2/ros2_ws/install/cmake_modules/share/cmake_modules/package.bash'
[4.101s] INFO:colcon.colcon_core.shell:Creating package script '/home/tomersi2/ros2_ws/install/cmake_modules/share/cmake_modules/package.zsh'
[4.104s] Level 1:colcon.colcon_core.environment:create_file_with_runtime_dependencies(/home/tomersi2/ros2_ws/install/cmake_modules/share/colcon-core/packages/cmake_modules)
[4.116s] DEBUG:colcon.colcon_parallel_executor.executor.parallel:closing loop
[4.117s] DEBUG:colcon.colcon_parallel_executor.executor.parallel:loop closed
[4.117s] DEBUG:colcon.colcon_parallel_executor.executor.parallel:run_until_complete finished with '1'
[4.118s] DEBUG:colcon.colcon_core.event_reactor:joining thread
[4.153s] INFO:colcon.colcon_core.plugin_system:Skipping extension 'colcon_notification.desktop_notification.terminal_notifier': Not used on non-Darwin systems
[4.153s] INFO:colcon.colcon_core.plugin_system:Skipping extension 'colcon_notification.desktop_notification.win32': Not used on non-Windows systems
[4.153s] INFO:colcon.colcon_notification.desktop_notification:Sending desktop notification using 'notify2'
[4.218s] DEBUG:colcon.colcon_core.event_reactor:joined thread
[4.219s] INFO:colcon.colcon_core.shell:Creating prefix script '/home/tomersi2/ros2_ws/install/local_setup.ps1'
[4.225s] INFO:colcon.colcon_core.shell:Creating prefix util module '/home/tomersi2/ros2_ws/install/_local_setup_util_ps1.py'
[4.232s] INFO:colcon.colcon_core.shell:Creating prefix chain script '/home/tomersi2/ros2_ws/install/setup.ps1'
[4.243s] INFO:colcon.colcon_core.shell:Creating prefix script '/home/tomersi2/ros2_ws/install/local_setup.sh'
[4.249s] INFO:colcon.colcon_core.shell:Creating prefix util module '/home/tomersi2/ros2_ws/install/_local_setup_util_sh.py'
[4.254s] INFO:colcon.colcon_core.shell:Creating prefix chain script '/home/tomersi2/ros2_ws/install/setup.sh'
[4.265s] INFO:colcon.colcon_core.shell:Creating prefix script '/home/tomersi2/ros2_ws/install/local_setup.bash'
[4.273s] INFO:colcon.colcon_core.shell:Creating prefix chain script '/home/tomersi2/ros2_ws/install/setup.bash'
[4.283s] INFO:colcon.colcon_core.shell:Creating prefix script '/home/tomersi2/ros2_ws/install/local_setup.zsh'
[4.287s] INFO:colcon.colcon_core.shell:Creating prefix chain script '/home/tomersi2/ros2_ws/install/setup.zsh'
