[0.744s] DEBUG:colcon:Command line arguments: ['/usr/bin/colcon', 'build', '--executor', 'sequential']
[0.745s] DEBUG:colcon:Parsed command line arguments: Namespace(log_base=None, log_level=None, verb_name='build', build_base='build', install_base='install', merge_install=False, symlink_install=False, test_result_base=None, continue_on_error=False, executor='sequential', parallel_workers=4, event_handlers=None, ignore_user_meta=False, metas=['./colcon.meta'], base_paths=['.'], packages_ignore=None, packages_ignore_regex=None, paths=None, packages_up_to=None, packages_up_to_regex=None, packages_above=None, packages_above_and_dependencies=None, packages_above_depth=None, packages_select_by_dep=None, packages_skip_by_dep=None, packages_skip_up_to=None, packages_select_build_failed=False, packages_skip_build_finished=False, packages_select_test_failures=False, packages_skip_test_passed=False, packages_select=None, packages_skip=None, packages_select_regex=None, packages_skip_regex=None, packages_start=None, packages_end=None, allow_overriding=[], cmake_args=None, cmake_target=None, cmake_target_skip_unavailable=False, cmake_clean_cache=False, cmake_clean_first=False, cmake_force_configure=False, ament_cmake_args=None, catkin_cmake_args=None, catkin_skip_building_tests=False, verb_parser=<colcon_defaults.argument_parser.defaults.DefaultArgumentsDecorator object at 0xffffbdc8e800>, verb_extension=<colcon_core.verb.build.BuildVerb object at 0xffffbde232e0>, main=<bound method BuildVerb.main of <colcon_core.verb.build.BuildVerb object at 0xffffbde232e0>>)
[1.015s] Level 1:colcon.colcon_core.package_discovery:discover_packages(colcon_meta) check parameters
[1.016s] Level 1:colcon.colcon_core.package_discovery:discover_packages(recursive) check parameters
[1.016s] Level 1:colcon.colcon_core.package_discovery:discover_packages(ignore) check parameters
[1.016s] Level 1:colcon.colcon_core.package_discovery:discover_packages(path) check parameters
[1.016s] Level 1:colcon.colcon_core.package_discovery:discover_packages(colcon_meta) discover
[1.017s] Level 1:colcon.colcon_core.package_discovery:discover_packages(recursive) discover
[1.018s] INFO:colcon.colcon_core.package_discovery:Crawling recursively for packages in '/home/tomersi2/ros2_ws'
[1.019s] Level 1:colcon.colcon_core.package_identification:_identify(.) by extensions ['ignore', 'ignore_ament_install']
[1.019s] Level 1:colcon.colcon_core.package_identification:_identify(.) by extension 'ignore'
[1.020s] Level 1:colcon.colcon_core.package_identification:_identify(.) by extension 'ignore_ament_install'
[1.020s] Level 1:colcon.colcon_core.package_identification:_identify(.) by extensions ['colcon_pkg']
[1.021s] Level 1:colcon.colcon_core.package_identification:_identify(.) by extension 'colcon_pkg'
[1.021s] Level 1:colcon.colcon_core.package_identification:_identify(.) by extensions ['colcon_meta']
[1.022s] Level 1:colcon.colcon_core.package_identification:_identify(.) by extension 'colcon_meta'
[1.022s] Level 1:colcon.colcon_core.package_identification:_identify(.) by extensions ['ros']
[1.022s] Level 1:colcon.colcon_core.package_identification:_identify(.) by extension 'ros'
[1.111s] Level 1:colcon.colcon_core.package_identification:_identify(.) by extensions ['cmake', 'python']
[1.111s] Level 1:colcon.colcon_core.package_identification:_identify(.) by extension 'cmake'
[1.112s] Level 1:colcon.colcon_core.package_identification:_identify(.) by extension 'python'
[1.112s] Level 1:colcon.colcon_core.package_identification:_identify(.) by extensions ['python_setup_py']
[1.113s] Level 1:colcon.colcon_core.package_identification:_identify(.) by extension 'python_setup_py'
[1.114s] Level 1:colcon.colcon_core.package_identification:_identify(build) by extensions ['ignore', 'ignore_ament_install']
[1.114s] Level 1:colcon.colcon_core.package_identification:_identify(build) by extension 'ignore'
[1.115s] Level 1:colcon.colcon_core.package_identification:_identify(build) ignored
[1.116s] Level 1:colcon.colcon_core.package_identification:_identify(install) by extensions ['ignore', 'ignore_ament_install']
[1.117s] Level 1:colcon.colcon_core.package_identification:_identify(install) by extension 'ignore'
[1.117s] Level 1:colcon.colcon_core.package_identification:_identify(install) ignored
[1.119s] Level 1:colcon.colcon_core.package_identification:_identify(log) by extensions ['ignore', 'ignore_ament_install']
[1.120s] Level 1:colcon.colcon_core.package_identification:_identify(log) by extension 'ignore'
[1.120s] Level 1:colcon.colcon_core.package_identification:_identify(log) ignored
[1.121s] Level 1:colcon.colcon_core.package_identification:_identify(src) by extensions ['ignore', 'ignore_ament_install']
[1.122s] Level 1:colcon.colcon_core.package_identification:_identify(src) by extension 'ignore'
[1.123s] Level 1:colcon.colcon_core.package_identification:_identify(src) by extension 'ignore_ament_install'
[1.123s] Level 1:colcon.colcon_core.package_identification:_identify(src) by extensions ['colcon_pkg']
[1.123s] Level 1:colcon.colcon_core.package_identification:_identify(src) by extension 'colcon_pkg'
[1.124s] Level 1:colcon.colcon_core.package_identification:_identify(src) by extensions ['colcon_meta']
[1.124s] Level 1:colcon.colcon_core.package_identification:_identify(src) by extension 'colcon_meta'
[1.125s] Level 1:colcon.colcon_core.package_identification:_identify(src) by extensions ['ros']
[1.125s] Level 1:colcon.colcon_core.package_identification:_identify(src) by extension 'ros'
[1.126s] Level 1:colcon.colcon_core.package_identification:_identify(src) by extensions ['cmake', 'python']
[1.126s] Level 1:colcon.colcon_core.package_identification:_identify(src) by extension 'cmake'
[1.126s] Level 1:colcon.colcon_core.package_identification:_identify(src) by extension 'python'
[1.127s] Level 1:colcon.colcon_core.package_identification:_identify(src) by extensions ['python_setup_py']
[1.127s] Level 1:colcon.colcon_core.package_identification:_identify(src) by extension 'python_setup_py'
[1.128s] Level 1:colcon.colcon_core.package_identification:_identify(src/build) by extensions ['ignore', 'ignore_ament_install']
[1.129s] Level 1:colcon.colcon_core.package_identification:_identify(src/build) by extension 'ignore'
[1.129s] Level 1:colcon.colcon_core.package_identification:_identify(src/build) ignored
[1.130s] Level 1:colcon.colcon_core.package_identification:_identify(src/install) by extensions ['ignore', 'ignore_ament_install']
[1.131s] Level 1:colcon.colcon_core.package_identification:_identify(src/install) by extension 'ignore'
[1.131s] Level 1:colcon.colcon_core.package_identification:_identify(src/install) ignored
[1.132s] Level 1:colcon.colcon_core.package_identification:_identify(src/log) by extensions ['ignore', 'ignore_ament_install']
[1.133s] Level 1:colcon.colcon_core.package_identification:_identify(src/log) by extension 'ignore'
[1.133s] Level 1:colcon.colcon_core.package_identification:_identify(src/log) ignored
[1.134s] Level 1:colcon.colcon_core.package_identification:_identify(src/my_robot_controller) by extensions ['ignore', 'ignore_ament_install']
[1.135s] Level 1:colcon.colcon_core.package_identification:_identify(src/my_robot_controller) by extension 'ignore'
[1.135s] Level 1:colcon.colcon_core.package_identification:_identify(src/my_robot_controller) by extension 'ignore_ament_install'
[1.136s] Level 1:colcon.colcon_core.package_identification:_identify(src/my_robot_controller) by extensions ['colcon_pkg']
[1.136s] Level 1:colcon.colcon_core.package_identification:_identify(src/my_robot_controller) by extension 'colcon_pkg'
[1.137s] Level 1:colcon.colcon_core.package_identification:_identify(src/my_robot_controller) by extensions ['colcon_meta']
[1.137s] Level 1:colcon.colcon_core.package_identification:_identify(src/my_robot_controller) by extension 'colcon_meta'
[1.137s] Level 1:colcon.colcon_core.package_identification:_identify(src/my_robot_controller) by extensions ['ros']
[1.138s] Level 1:colcon.colcon_core.package_identification:_identify(src/my_robot_controller) by extension 'ros'
[1.150s] DEBUG:colcon.colcon_core.package_identification:Package 'src/my_robot_controller' with type 'ros.ament_python' and name 'my_robot_controller'
[1.151s] Level 1:colcon.colcon_core.package_identification:_identify(src/rf2o_laser_odometry) by extensions ['ignore', 'ignore_ament_install']
[1.152s] Level 1:colcon.colcon_core.package_identification:_identify(src/rf2o_laser_odometry) by extension 'ignore'
[1.152s] Level 1:colcon.colcon_core.package_identification:_identify(src/rf2o_laser_odometry) by extension 'ignore_ament_install'
[1.153s] Level 1:colcon.colcon_core.package_identification:_identify(src/rf2o_laser_odometry) by extensions ['colcon_pkg']
[1.153s] Level 1:colcon.colcon_core.package_identification:_identify(src/rf2o_laser_odometry) by extension 'colcon_pkg'
[1.154s] Level 1:colcon.colcon_core.package_identification:_identify(src/rf2o_laser_odometry) by extensions ['colcon_meta']
[1.154s] Level 1:colcon.colcon_core.package_identification:_identify(src/rf2o_laser_odometry) by extension 'colcon_meta'
[1.154s] Level 1:colcon.colcon_core.package_identification:_identify(src/rf2o_laser_odometry) by extensions ['ros']
[1.155s] Level 1:colcon.colcon_core.package_identification:_identify(src/rf2o_laser_odometry) by extension 'ros'
[1.160s] DEBUG:colcon.colcon_core.package_identification:Package 'src/rf2o_laser_odometry' with type 'ros.ament_cmake' and name 'rf2o_laser_odometry'
[1.161s] Level 1:colcon.colcon_core.package_identification:_identify(src/sllidar_ros2) by extensions ['ignore', 'ignore_ament_install']
[1.162s] Level 1:colcon.colcon_core.package_identification:_identify(src/sllidar_ros2) by extension 'ignore'
[1.162s] Level 1:colcon.colcon_core.package_identification:_identify(src/sllidar_ros2) by extension 'ignore_ament_install'
[1.163s] Level 1:colcon.colcon_core.package_identification:_identify(src/sllidar_ros2) by extensions ['colcon_pkg']
[1.163s] Level 1:colcon.colcon_core.package_identification:_identify(src/sllidar_ros2) by extension 'colcon_pkg'
[1.164s] Level 1:colcon.colcon_core.package_identification:_identify(src/sllidar_ros2) by extensions ['colcon_meta']
[1.164s] Level 1:colcon.colcon_core.package_identification:_identify(src/sllidar_ros2) by extension 'colcon_meta'
[1.165s] Level 1:colcon.colcon_core.package_identification:_identify(src/sllidar_ros2) by extensions ['ros']
[1.165s] Level 1:colcon.colcon_core.package_identification:_identify(src/sllidar_ros2) by extension 'ros'
[1.168s] DEBUG:colcon.colcon_core.package_identification:Package 'src/sllidar_ros2' with type 'ros.ament_cmake' and name 'sllidar_ros2'
[1.169s] Level 1:colcon.colcon_core.package_discovery:discover_packages(recursive) using defaults
[1.169s] Level 1:colcon.colcon_core.package_discovery:discover_packages(ignore) discover
[1.170s] Level 1:colcon.colcon_core.package_discovery:discover_packages(ignore) using defaults
[1.170s] Level 1:colcon.colcon_core.package_discovery:discover_packages(path) discover
[1.170s] Level 1:colcon.colcon_core.package_discovery:discover_packages(path) using defaults
[1.281s] Level 1:colcon.colcon_core.package_discovery:discover_packages(prefix_path) check parameters
[1.281s] Level 1:colcon.colcon_core.package_discovery:discover_packages(prefix_path) discover
[1.304s] DEBUG:colcon.colcon_installed_package_information.package_discovery:Found 5 installed packages in /home/tomersi2/ros2_ws/install
[1.313s] DEBUG:colcon.colcon_installed_package_information.package_discovery:Found 241 installed packages in /opt/ros/humble
[1.320s] Level 1:colcon.colcon_core.package_discovery:discover_packages(prefix_path) using defaults
[1.565s] Level 5:colcon.colcon_core.verb:set package 'my_robot_controller' build argument 'cmake_args' from command line to 'None'
[1.566s] Level 5:colcon.colcon_core.verb:set package 'my_robot_controller' build argument 'cmake_target' from command line to 'None'
[1.566s] Level 5:colcon.colcon_core.verb:set package 'my_robot_controller' build argument 'cmake_target_skip_unavailable' from command line to 'False'
[1.566s] Level 5:colcon.colcon_core.verb:set package 'my_robot_controller' build argument 'cmake_clean_cache' from command line to 'False'
[1.566s] Level 5:colcon.colcon_core.verb:set package 'my_robot_controller' build argument 'cmake_clean_first' from command line to 'False'
[1.566s] Level 5:colcon.colcon_core.verb:set package 'my_robot_controller' build argument 'cmake_force_configure' from command line to 'False'
[1.567s] Level 5:colcon.colcon_core.verb:set package 'my_robot_controller' build argument 'ament_cmake_args' from command line to 'None'
[1.567s] Level 5:colcon.colcon_core.verb:set package 'my_robot_controller' build argument 'catkin_cmake_args' from command line to 'None'
[1.567s] Level 5:colcon.colcon_core.verb:set package 'my_robot_controller' build argument 'catkin_skip_building_tests' from command line to 'False'
[1.567s] DEBUG:colcon.colcon_core.verb:Building package 'my_robot_controller' with the following arguments: {'ament_cmake_args': None, 'build_base': '/home/tomersi2/ros2_ws/build/my_robot_controller', 'catkin_cmake_args': None, 'catkin_skip_building_tests': False, 'cmake_args': None, 'cmake_clean_cache': False, 'cmake_clean_first': False, 'cmake_force_configure': False, 'cmake_target': None, 'cmake_target_skip_unavailable': False, 'install_base': '/home/tomersi2/ros2_ws/install/my_robot_controller', 'merge_install': False, 'path': '/home/tomersi2/ros2_ws/src/my_robot_controller', 'symlink_install': False, 'test_result_base': None}
[1.569s] Level 5:colcon.colcon_core.verb:set package 'rf2o_laser_odometry' build argument 'cmake_args' from command line to 'None'
[1.570s] Level 5:colcon.colcon_core.verb:set package 'rf2o_laser_odometry' build argument 'cmake_target' from command line to 'None'
[1.570s] Level 5:colcon.colcon_core.verb:set package 'rf2o_laser_odometry' build argument 'cmake_target_skip_unavailable' from command line to 'False'
[1.570s] Level 5:colcon.colcon_core.verb:set package 'rf2o_laser_odometry' build argument 'cmake_clean_cache' from command line to 'False'
[1.570s] Level 5:colcon.colcon_core.verb:set package 'rf2o_laser_odometry' build argument 'cmake_clean_first' from command line to 'False'
[1.571s] Level 5:colcon.colcon_core.verb:set package 'rf2o_laser_odometry' build argument 'cmake_force_configure' from command line to 'False'
[1.571s] Level 5:colcon.colcon_core.verb:set package 'rf2o_laser_odometry' build argument 'ament_cmake_args' from command line to 'None'
[1.571s] Level 5:colcon.colcon_core.verb:set package 'rf2o_laser_odometry' build argument 'catkin_cmake_args' from command line to 'None'
[1.571s] Level 5:colcon.colcon_core.verb:set package 'rf2o_laser_odometry' build argument 'catkin_skip_building_tests' from command line to 'False'
[1.571s] DEBUG:colcon.colcon_core.verb:Building package 'rf2o_laser_odometry' with the following arguments: {'ament_cmake_args': None, 'build_base': '/home/tomersi2/ros2_ws/build/rf2o_laser_odometry', 'catkin_cmake_args': None, 'catkin_skip_building_tests': False, 'cmake_args': None, 'cmake_clean_cache': False, 'cmake_clean_first': False, 'cmake_force_configure': False, 'cmake_target': None, 'cmake_target_skip_unavailable': False, 'install_base': '/home/tomersi2/ros2_ws/install/rf2o_laser_odometry', 'merge_install': False, 'path': '/home/tomersi2/ros2_ws/src/rf2o_laser_odometry', 'symlink_install': False, 'test_result_base': None}
[1.573s] Level 5:colcon.colcon_core.verb:set package 'sllidar_ros2' build argument 'cmake_args' from command line to 'None'
[1.574s] Level 5:colcon.colcon_core.verb:set package 'sllidar_ros2' build argument 'cmake_target' from command line to 'None'
[1.574s] Level 5:colcon.colcon_core.verb:set package 'sllidar_ros2' build argument 'cmake_target_skip_unavailable' from command line to 'False'
[1.574s] Level 5:colcon.colcon_core.verb:set package 'sllidar_ros2' build argument 'cmake_clean_cache' from command line to 'False'
[1.574s] Level 5:colcon.colcon_core.verb:set package 'sllidar_ros2' build argument 'cmake_clean_first' from command line to 'False'
[1.574s] Level 5:colcon.colcon_core.verb:set package 'sllidar_ros2' build argument 'cmake_force_configure' from command line to 'False'
[1.575s] Level 5:colcon.colcon_core.verb:set package 'sllidar_ros2' build argument 'ament_cmake_args' from command line to 'None'
[1.575s] Level 5:colcon.colcon_core.verb:set package 'sllidar_ros2' build argument 'catkin_cmake_args' from command line to 'None'
[1.575s] Level 5:colcon.colcon_core.verb:set package 'sllidar_ros2' build argument 'catkin_skip_building_tests' from command line to 'False'
[1.575s] DEBUG:colcon.colcon_core.verb:Building package 'sllidar_ros2' with the following arguments: {'ament_cmake_args': None, 'build_base': '/home/tomersi2/ros2_ws/build/sllidar_ros2', 'catkin_cmake_args': None, 'catkin_skip_building_tests': False, 'cmake_args': None, 'cmake_clean_cache': False, 'cmake_clean_first': False, 'cmake_force_configure': False, 'cmake_target': None, 'cmake_target_skip_unavailable': False, 'install_base': '/home/tomersi2/ros2_ws/install/sllidar_ros2', 'merge_install': False, 'path': '/home/tomersi2/ros2_ws/src/sllidar_ros2', 'symlink_install': False, 'test_result_base': None}
[1.576s] INFO:colcon.colcon_core.executor:Executing jobs using 'sequential' executor
[1.581s] DEBUG:colcon.colcon_core.executor.sequential:run_until_complete 'my_robot_controller'
[1.582s] INFO:colcon.colcon_ros.task.ament_python.build:Building ROS package in '/home/tomersi2/ros2_ws/src/my_robot_controller' with build type 'ament_python'
[1.583s] Level 1:colcon.colcon_core.shell:create_environment_hook('my_robot_controller', 'ament_prefix_path')
[1.607s] INFO:colcon.colcon_core.plugin_system:Skipping extension 'colcon_core.shell.bat': Not used on non-Windows systems
[1.609s] INFO:colcon.colcon_core.shell:Creating environment hook '/home/tomersi2/ros2_ws/install/my_robot_controller/share/my_robot_controller/hook/ament_prefix_path.ps1'
[1.615s] INFO:colcon.colcon_core.shell:Creating environment descriptor '/home/tomersi2/ros2_ws/install/my_robot_controller/share/my_robot_controller/hook/ament_prefix_path.dsv'
[1.621s] INFO:colcon.colcon_core.shell:Creating environment hook '/home/tomersi2/ros2_ws/install/my_robot_controller/share/my_robot_controller/hook/ament_prefix_path.sh'
[1.627s] INFO:colcon.colcon_core.shell:Skip shell extension 'powershell' for command environment: Not usable outside of PowerShell
[1.627s] DEBUG:colcon.colcon_core.shell:Skip shell extension 'dsv' for command environment
[3.099s] INFO:colcon.colcon_core.task.python.build:Building Python package in '/home/tomersi2/ros2_ws/src/my_robot_controller'
[3.100s] INFO:colcon.colcon_core.shell:Skip shell extension 'powershell' for command environment: Not usable outside of PowerShell
[3.101s] DEBUG:colcon.colcon_core.shell:Skip shell extension 'dsv' for command environment
[6.332s] DEBUG:colcon.colcon_core.event_handler.log_command:Invoking command in '/home/tomersi2/ros2_ws/src/my_robot_controller': PYTHONPATH=/home/tomersi2/ros2_ws/build/my_robot_controller/prefix_override:/home/tomersi2/ros2_ws/install/my_robot_controller/lib/python3.10/site-packages:${PYTHONPATH} /usr/bin/python3 -W ignore:setup.py install is deprecated setup.py egg_info --egg-base ../../build/my_robot_controller build --build-base /home/tomersi2/ros2_ws/build/my_robot_controller/build install --record /home/tomersi2/ros2_ws/build/my_robot_controller/install.log --single-version-externally-managed install_data
[9.503s] DEBUG:colcon.colcon_core.event_handler.log_command:Invoked command in '/home/tomersi2/ros2_ws/src/my_robot_controller' returned '0': PYTHONPATH=/home/tomersi2/ros2_ws/build/my_robot_controller/prefix_override:/home/tomersi2/ros2_ws/install/my_robot_controller/lib/python3.10/site-packages:${PYTHONPATH} /usr/bin/python3 -W ignore:setup.py install is deprecated setup.py egg_info --egg-base ../../build/my_robot_controller build --build-base /home/tomersi2/ros2_ws/build/my_robot_controller/build install --record /home/tomersi2/ros2_ws/build/my_robot_controller/install.log --single-version-externally-managed install_data
[9.525s] Level 1:colcon.colcon_core.environment:checking '/home/tomersi2/ros2_ws/install/my_robot_controller' for CMake module files
[9.528s] Level 1:colcon.colcon_core.environment:checking '/home/tomersi2/ros2_ws/install/my_robot_controller' for CMake config files
[9.534s] Level 1:colcon.colcon_core.environment:checking '/home/tomersi2/ros2_ws/install/my_robot_controller/lib'
[9.535s] Level 1:colcon.colcon_core.environment:checking '/home/tomersi2/ros2_ws/install/my_robot_controller/bin'
[9.535s] Level 1:colcon.colcon_core.environment:checking '/home/tomersi2/ros2_ws/install/my_robot_controller/lib/pkgconfig/my_robot_controller.pc'
[9.537s] Level 1:colcon.colcon_core.environment:checking '/home/tomersi2/ros2_ws/install/my_robot_controller/lib/python3.10/site-packages'
[9.537s] Level 1:colcon.colcon_core.shell:create_environment_hook('my_robot_controller', 'pythonpath')
[9.538s] INFO:colcon.colcon_core.shell:Creating environment hook '/home/tomersi2/ros2_ws/install/my_robot_controller/share/my_robot_controller/hook/pythonpath.ps1'
[9.540s] INFO:colcon.colcon_core.shell:Creating environment descriptor '/home/tomersi2/ros2_ws/install/my_robot_controller/share/my_robot_controller/hook/pythonpath.dsv'
[9.543s] INFO:colcon.colcon_core.shell:Creating environment hook '/home/tomersi2/ros2_ws/install/my_robot_controller/share/my_robot_controller/hook/pythonpath.sh'
[9.546s] Level 1:colcon.colcon_core.environment:checking '/home/tomersi2/ros2_ws/install/my_robot_controller/bin'
[9.547s] Level 1:colcon.colcon_core.environment:create_environment_scripts_only(my_robot_controller)
[9.548s] INFO:colcon.colcon_core.shell:Creating package script '/home/tomersi2/ros2_ws/install/my_robot_controller/share/my_robot_controller/package.ps1'
[9.552s] INFO:colcon.colcon_core.shell:Creating package descriptor '/home/tomersi2/ros2_ws/install/my_robot_controller/share/my_robot_controller/package.dsv'
[9.556s] INFO:colcon.colcon_core.shell:Creating package script '/home/tomersi2/ros2_ws/install/my_robot_controller/share/my_robot_controller/package.sh'
[9.560s] INFO:colcon.colcon_core.shell:Creating package script '/home/tomersi2/ros2_ws/install/my_robot_controller/share/my_robot_controller/package.bash'
[9.564s] INFO:colcon.colcon_core.shell:Creating package script '/home/tomersi2/ros2_ws/install/my_robot_controller/share/my_robot_controller/package.zsh'
[9.567s] Level 1:colcon.colcon_core.environment:create_file_with_runtime_dependencies(/home/tomersi2/ros2_ws/install/my_robot_controller/share/colcon-core/packages/my_robot_controller)
[9.569s] DEBUG:colcon.colcon_core.executor.sequential:run_until_complete 'my_robot_controller' finished with '0'
[9.570s] DEBUG:colcon.colcon_core.executor.sequential:run_until_complete 'rf2o_laser_odometry'
[9.570s] INFO:colcon.colcon_ros.task.ament_cmake.build:Building ROS package in '/home/tomersi2/ros2_ws/src/rf2o_laser_odometry' with build type 'ament_cmake'
[9.571s] INFO:colcon.colcon_cmake.task.cmake.build:Building CMake package in '/home/tomersi2/ros2_ws/src/rf2o_laser_odometry'
[9.572s] INFO:colcon.colcon_core.shell:Skip shell extension 'powershell' for command environment: Not usable outside of PowerShell
[9.573s] DEBUG:colcon.colcon_core.shell:Skip shell extension 'dsv' for command environment
[9.628s] DEBUG:colcon.colcon_core.event_handler.log_command:Invoking command in '/home/tomersi2/ros2_ws/build/rf2o_laser_odometry': CMAKE_PREFIX_PATH=${CMAKE_PREFIX_PATH}:/home/tomersi2/ros2_ws/install/my_robot_controller:/opt/ros/humble /usr/bin/cmake --build /home/tomersi2/ros2_ws/build/rf2o_laser_odometry -- -j4 -l4
[10.045s] DEBUG:colcon.colcon_core.event_handler.log_command:Invoked command in '/home/tomersi2/ros2_ws/build/rf2o_laser_odometry' returned '0': CMAKE_PREFIX_PATH=${CMAKE_PREFIX_PATH}:/home/tomersi2/ros2_ws/install/my_robot_controller:/opt/ros/humble /usr/bin/cmake --build /home/tomersi2/ros2_ws/build/rf2o_laser_odometry -- -j4 -l4
[10.249s] DEBUG:colcon.colcon_core.event_handler.log_command:Invoking command in '/home/tomersi2/ros2_ws/build/rf2o_laser_odometry': CMAKE_PREFIX_PATH=${CMAKE_PREFIX_PATH}:/home/tomersi2/ros2_ws/install/my_robot_controller:/opt/ros/humble /usr/bin/cmake --install /home/tomersi2/ros2_ws/build/rf2o_laser_odometry
[10.306s] Level 1:colcon.colcon_core.environment:create_environment_scripts_only(rf2o_laser_odometry)
[10.307s] Level 1:colcon.colcon_core.environment:checking '/home/tomersi2/ros2_ws/install/rf2o_laser_odometry' for CMake module files
[10.312s] DEBUG:colcon.colcon_core.event_handler.log_command:Invoked command in '/home/tomersi2/ros2_ws/build/rf2o_laser_odometry' returned '0': CMAKE_PREFIX_PATH=${CMAKE_PREFIX_PATH}:/home/tomersi2/ros2_ws/install/my_robot_controller:/opt/ros/humble /usr/bin/cmake --install /home/tomersi2/ros2_ws/build/rf2o_laser_odometry
[10.314s] Level 1:colcon.colcon_core.environment:checking '/home/tomersi2/ros2_ws/install/rf2o_laser_odometry' for CMake config files
[10.315s] Level 1:colcon.colcon_core.shell:create_environment_hook('rf2o_laser_odometry', 'cmake_prefix_path')
[10.316s] INFO:colcon.colcon_core.shell:Creating environment hook '/home/tomersi2/ros2_ws/install/rf2o_laser_odometry/share/rf2o_laser_odometry/hook/cmake_prefix_path.ps1'
[10.319s] INFO:colcon.colcon_core.shell:Creating environment descriptor '/home/tomersi2/ros2_ws/install/rf2o_laser_odometry/share/rf2o_laser_odometry/hook/cmake_prefix_path.dsv'
[10.321s] INFO:colcon.colcon_core.shell:Creating environment hook '/home/tomersi2/ros2_ws/install/rf2o_laser_odometry/share/rf2o_laser_odometry/hook/cmake_prefix_path.sh'
[10.325s] Level 1:colcon.colcon_core.environment:checking '/home/tomersi2/ros2_ws/install/rf2o_laser_odometry/lib'
[10.325s] Level 1:colcon.colcon_core.environment:checking '/home/tomersi2/ros2_ws/install/rf2o_laser_odometry/bin'
[10.326s] Level 1:colcon.colcon_core.environment:checking '/home/tomersi2/ros2_ws/install/rf2o_laser_odometry/lib/pkgconfig/rf2o_laser_odometry.pc'
[10.327s] Level 1:colcon.colcon_core.environment:checking '/home/tomersi2/ros2_ws/install/rf2o_laser_odometry/lib/python3.10/site-packages'
[10.328s] Level 1:colcon.colcon_core.environment:checking '/home/tomersi2/ros2_ws/install/rf2o_laser_odometry/bin'
[10.329s] INFO:colcon.colcon_core.shell:Creating package script '/home/tomersi2/ros2_ws/install/rf2o_laser_odometry/share/rf2o_laser_odometry/package.ps1'
[10.332s] INFO:colcon.colcon_core.shell:Creating package descriptor '/home/tomersi2/ros2_ws/install/rf2o_laser_odometry/share/rf2o_laser_odometry/package.dsv'
[10.335s] INFO:colcon.colcon_core.shell:Creating package script '/home/tomersi2/ros2_ws/install/rf2o_laser_odometry/share/rf2o_laser_odometry/package.sh'
[10.337s] INFO:colcon.colcon_core.shell:Creating package script '/home/tomersi2/ros2_ws/install/rf2o_laser_odometry/share/rf2o_laser_odometry/package.bash'
[10.339s] INFO:colcon.colcon_core.shell:Creating package script '/home/tomersi2/ros2_ws/install/rf2o_laser_odometry/share/rf2o_laser_odometry/package.zsh'
[10.342s] Level 1:colcon.colcon_core.environment:create_file_with_runtime_dependencies(/home/tomersi2/ros2_ws/install/rf2o_laser_odometry/share/colcon-core/packages/rf2o_laser_odometry)
[10.507s] Level 1:colcon.colcon_core.environment:create_environment_scripts_only(rf2o_laser_odometry)
[10.508s] Level 1:colcon.colcon_core.environment:checking '/home/tomersi2/ros2_ws/install/rf2o_laser_odometry' for CMake module files
[10.512s] Level 1:colcon.colcon_core.environment:checking '/home/tomersi2/ros2_ws/install/rf2o_laser_odometry' for CMake config files
[10.513s] Level 1:colcon.colcon_core.shell:create_environment_hook('rf2o_laser_odometry', 'cmake_prefix_path')
[10.514s] INFO:colcon.colcon_core.shell:Creating environment hook '/home/tomersi2/ros2_ws/install/rf2o_laser_odometry/share/rf2o_laser_odometry/hook/cmake_prefix_path.ps1'
[10.517s] INFO:colcon.colcon_core.shell:Creating environment descriptor '/home/tomersi2/ros2_ws/install/rf2o_laser_odometry/share/rf2o_laser_odometry/hook/cmake_prefix_path.dsv'
[10.519s] INFO:colcon.colcon_core.shell:Creating environment hook '/home/tomersi2/ros2_ws/install/rf2o_laser_odometry/share/rf2o_laser_odometry/hook/cmake_prefix_path.sh'
[10.523s] Level 1:colcon.colcon_core.environment:checking '/home/tomersi2/ros2_ws/install/rf2o_laser_odometry/lib'
[10.524s] Level 1:colcon.colcon_core.environment:checking '/home/tomersi2/ros2_ws/install/rf2o_laser_odometry/bin'
[10.524s] Level 1:colcon.colcon_core.environment:checking '/home/tomersi2/ros2_ws/install/rf2o_laser_odometry/lib/pkgconfig/rf2o_laser_odometry.pc'
[10.525s] Level 1:colcon.colcon_core.environment:checking '/home/tomersi2/ros2_ws/install/rf2o_laser_odometry/lib/python3.10/site-packages'
[10.527s] Level 1:colcon.colcon_core.environment:checking '/home/tomersi2/ros2_ws/install/rf2o_laser_odometry/bin'
[10.528s] INFO:colcon.colcon_core.shell:Creating package script '/home/tomersi2/ros2_ws/install/rf2o_laser_odometry/share/rf2o_laser_odometry/package.ps1'
[10.532s] INFO:colcon.colcon_core.shell:Creating package descriptor '/home/tomersi2/ros2_ws/install/rf2o_laser_odometry/share/rf2o_laser_odometry/package.dsv'
[10.538s] INFO:colcon.colcon_core.shell:Creating package script '/home/tomersi2/ros2_ws/install/rf2o_laser_odometry/share/rf2o_laser_odometry/package.sh'
[10.541s] INFO:colcon.colcon_core.shell:Creating package script '/home/tomersi2/ros2_ws/install/rf2o_laser_odometry/share/rf2o_laser_odometry/package.bash'
[10.544s] INFO:colcon.colcon_core.shell:Creating package script '/home/tomersi2/ros2_ws/install/rf2o_laser_odometry/share/rf2o_laser_odometry/package.zsh'
[10.547s] Level 1:colcon.colcon_core.environment:create_file_with_runtime_dependencies(/home/tomersi2/ros2_ws/install/rf2o_laser_odometry/share/colcon-core/packages/rf2o_laser_odometry)
[10.549s] DEBUG:colcon.colcon_core.executor.sequential:run_until_complete 'rf2o_laser_odometry' finished with '0'
[10.549s] DEBUG:colcon.colcon_core.executor.sequential:run_until_complete 'sllidar_ros2'
[10.550s] INFO:colcon.colcon_ros.task.ament_cmake.build:Building ROS package in '/home/tomersi2/ros2_ws/src/sllidar_ros2' with build type 'ament_cmake'
[10.551s] INFO:colcon.colcon_cmake.task.cmake.build:Building CMake package in '/home/tomersi2/ros2_ws/src/sllidar_ros2'
[10.552s] INFO:colcon.colcon_core.shell:Skip shell extension 'powershell' for command environment: Not usable outside of PowerShell
[10.552s] DEBUG:colcon.colcon_core.shell:Skip shell extension 'dsv' for command environment
[10.610s] DEBUG:colcon.colcon_core.event_handler.log_command:Invoking command in '/home/tomersi2/ros2_ws/build/sllidar_ros2': CMAKE_PREFIX_PATH=${CMAKE_PREFIX_PATH}:/home/tomersi2/ros2_ws/install/my_robot_controller:/opt/ros/humble /usr/bin/cmake --build /home/tomersi2/ros2_ws/build/sllidar_ros2 -- -j4 -l4
[11.053s] DEBUG:colcon.colcon_core.event_handler.log_command:Invoked command in '/home/tomersi2/ros2_ws/build/sllidar_ros2' returned '0': CMAKE_PREFIX_PATH=${CMAKE_PREFIX_PATH}:/home/tomersi2/ros2_ws/install/my_robot_controller:/opt/ros/humble /usr/bin/cmake --build /home/tomersi2/ros2_ws/build/sllidar_ros2 -- -j4 -l4
[11.478s] DEBUG:colcon.colcon_core.event_handler.log_command:Invoking command in '/home/tomersi2/ros2_ws/build/sllidar_ros2': CMAKE_PREFIX_PATH=${CMAKE_PREFIX_PATH}:/home/tomersi2/ros2_ws/install/my_robot_controller:/opt/ros/humble /usr/bin/cmake --install /home/tomersi2/ros2_ws/build/sllidar_ros2
[11.602s] Level 1:colcon.colcon_core.environment:create_environment_scripts_only(sllidar_ros2)
[11.603s] Level 1:colcon.colcon_core.environment:checking '/home/tomersi2/ros2_ws/install/sllidar_ros2' for CMake module files
[11.605s] DEBUG:colcon.colcon_core.event_handler.log_command:Invoked command in '/home/tomersi2/ros2_ws/build/sllidar_ros2' returned '0': CMAKE_PREFIX_PATH=${CMAKE_PREFIX_PATH}:/home/tomersi2/ros2_ws/install/my_robot_controller:/opt/ros/humble /usr/bin/cmake --install /home/tomersi2/ros2_ws/build/sllidar_ros2
[11.609s] Level 1:colcon.colcon_core.environment:checking '/home/tomersi2/ros2_ws/install/sllidar_ros2' for CMake config files
[11.612s] Level 1:colcon.colcon_core.shell:create_environment_hook('sllidar_ros2', 'cmake_prefix_path')
[11.613s] INFO:colcon.colcon_core.shell:Creating environment hook '/home/tomersi2/ros2_ws/install/sllidar_ros2/share/sllidar_ros2/hook/cmake_prefix_path.ps1'
[11.616s] INFO:colcon.colcon_core.shell:Creating environment descriptor '/home/tomersi2/ros2_ws/install/sllidar_ros2/share/sllidar_ros2/hook/cmake_prefix_path.dsv'
[11.672s] INFO:colcon.colcon_core.shell:Creating environment hook '/home/tomersi2/ros2_ws/install/sllidar_ros2/share/sllidar_ros2/hook/cmake_prefix_path.sh'
[11.676s] Level 1:colcon.colcon_core.environment:checking '/home/tomersi2/ros2_ws/install/sllidar_ros2/lib'
[11.676s] Level 1:colcon.colcon_core.environment:checking '/home/tomersi2/ros2_ws/install/sllidar_ros2/bin'
[11.677s] Level 1:colcon.colcon_core.environment:checking '/home/tomersi2/ros2_ws/install/sllidar_ros2/lib/pkgconfig/sllidar_ros2.pc'
[11.678s] Level 1:colcon.colcon_core.environment:checking '/home/tomersi2/ros2_ws/install/sllidar_ros2/lib/python3.10/site-packages'
[11.679s] Level 1:colcon.colcon_core.environment:checking '/home/tomersi2/ros2_ws/install/sllidar_ros2/bin'
[11.680s] INFO:colcon.colcon_core.shell:Creating package script '/home/tomersi2/ros2_ws/install/sllidar_ros2/share/sllidar_ros2/package.ps1'
[11.683s] INFO:colcon.colcon_core.shell:Creating package descriptor '/home/tomersi2/ros2_ws/install/sllidar_ros2/share/sllidar_ros2/package.dsv'
[11.685s] INFO:colcon.colcon_core.shell:Creating package script '/home/tomersi2/ros2_ws/install/sllidar_ros2/share/sllidar_ros2/package.sh'
[11.688s] INFO:colcon.colcon_core.shell:Creating package script '/home/tomersi2/ros2_ws/install/sllidar_ros2/share/sllidar_ros2/package.bash'
[11.691s] INFO:colcon.colcon_core.shell:Creating package script '/home/tomersi2/ros2_ws/install/sllidar_ros2/share/sllidar_ros2/package.zsh'
[11.693s] Level 1:colcon.colcon_core.environment:create_file_with_runtime_dependencies(/home/tomersi2/ros2_ws/install/sllidar_ros2/share/colcon-core/packages/sllidar_ros2)
[12.105s] Level 1:colcon.colcon_core.environment:create_environment_scripts_only(sllidar_ros2)
[12.106s] Level 1:colcon.colcon_core.environment:checking '/home/tomersi2/ros2_ws/install/sllidar_ros2' for CMake module files
[12.110s] Level 1:colcon.colcon_core.environment:checking '/home/tomersi2/ros2_ws/install/sllidar_ros2' for CMake config files
[12.111s] Level 1:colcon.colcon_core.shell:create_environment_hook('sllidar_ros2', 'cmake_prefix_path')
[12.112s] INFO:colcon.colcon_core.shell:Creating environment hook '/home/tomersi2/ros2_ws/install/sllidar_ros2/share/sllidar_ros2/hook/cmake_prefix_path.ps1'
[12.114s] INFO:colcon.colcon_core.shell:Creating environment descriptor '/home/tomersi2/ros2_ws/install/sllidar_ros2/share/sllidar_ros2/hook/cmake_prefix_path.dsv'
[12.117s] INFO:colcon.colcon_core.shell:Creating environment hook '/home/tomersi2/ros2_ws/install/sllidar_ros2/share/sllidar_ros2/hook/cmake_prefix_path.sh'
[12.120s] Level 1:colcon.colcon_core.environment:checking '/home/tomersi2/ros2_ws/install/sllidar_ros2/lib'
[12.121s] Level 1:colcon.colcon_core.environment:checking '/home/tomersi2/ros2_ws/install/sllidar_ros2/bin'
[12.122s] Level 1:colcon.colcon_core.environment:checking '/home/tomersi2/ros2_ws/install/sllidar_ros2/lib/pkgconfig/sllidar_ros2.pc'
[12.123s] Level 1:colcon.colcon_core.environment:checking '/home/tomersi2/ros2_ws/install/sllidar_ros2/lib/python3.10/site-packages'
[12.124s] Level 1:colcon.colcon_core.environment:checking '/home/tomersi2/ros2_ws/install/sllidar_ros2/bin'
[12.127s] INFO:colcon.colcon_core.shell:Creating package script '/home/tomersi2/ros2_ws/install/sllidar_ros2/share/sllidar_ros2/package.ps1'
[12.130s] INFO:colcon.colcon_core.shell:Creating package descriptor '/home/tomersi2/ros2_ws/install/sllidar_ros2/share/sllidar_ros2/package.dsv'
[12.134s] INFO:colcon.colcon_core.shell:Creating package script '/home/tomersi2/ros2_ws/install/sllidar_ros2/share/sllidar_ros2/package.sh'
[12.139s] INFO:colcon.colcon_core.shell:Creating package script '/home/tomersi2/ros2_ws/install/sllidar_ros2/share/sllidar_ros2/package.bash'
[12.142s] INFO:colcon.colcon_core.shell:Creating package script '/home/tomersi2/ros2_ws/install/sllidar_ros2/share/sllidar_ros2/package.zsh'
[12.144s] Level 1:colcon.colcon_core.environment:create_file_with_runtime_dependencies(/home/tomersi2/ros2_ws/install/sllidar_ros2/share/colcon-core/packages/sllidar_ros2)
[12.146s] DEBUG:colcon.colcon_core.executor.sequential:run_until_complete 'sllidar_ros2' finished with '0'
[12.147s] DEBUG:colcon.colcon_core.executor.sequential:closing loop
[12.148s] DEBUG:colcon.colcon_core.executor.sequential:loop closed
[12.149s] DEBUG:colcon.colcon_core.event_reactor:joining thread
[12.179s] INFO:colcon.colcon_core.plugin_system:Skipping extension 'colcon_notification.desktop_notification.terminal_notifier': Not used on non-Darwin systems
[12.180s] INFO:colcon.colcon_core.plugin_system:Skipping extension 'colcon_notification.desktop_notification.win32': Not used on non-Windows systems
[12.180s] INFO:colcon.colcon_notification.desktop_notification:Sending desktop notification using 'notify2'
[12.306s] DEBUG:colcon.colcon_core.event_reactor:joined thread
[12.308s] INFO:colcon.colcon_core.shell:Creating prefix script '/home/tomersi2/ros2_ws/install/local_setup.ps1'
[12.313s] INFO:colcon.colcon_core.shell:Creating prefix util module '/home/tomersi2/ros2_ws/install/_local_setup_util_ps1.py'
[12.320s] INFO:colcon.colcon_core.shell:Creating prefix chain script '/home/tomersi2/ros2_ws/install/setup.ps1'
[12.327s] INFO:colcon.colcon_core.shell:Creating prefix script '/home/tomersi2/ros2_ws/install/local_setup.sh'
[12.333s] INFO:colcon.colcon_core.shell:Creating prefix util module '/home/tomersi2/ros2_ws/install/_local_setup_util_sh.py'
[12.337s] INFO:colcon.colcon_core.shell:Creating prefix chain script '/home/tomersi2/ros2_ws/install/setup.sh'
[12.344s] INFO:colcon.colcon_core.shell:Creating prefix script '/home/tomersi2/ros2_ws/install/local_setup.bash'
[12.348s] INFO:colcon.colcon_core.shell:Creating prefix chain script '/home/tomersi2/ros2_ws/install/setup.bash'
[12.358s] INFO:colcon.colcon_core.shell:Creating prefix script '/home/tomersi2/ros2_ws/install/local_setup.zsh'
[12.363s] INFO:colcon.colcon_core.shell:Creating prefix chain script '/home/tomersi2/ros2_ws/install/setup.zsh'
