[2.771s] Invoking command in '/home/tomersi2/ros2_ws/build/slam_toolbox': CMAKE_PREFIX_PATH=${CMAKE_PREFIX_PATH}:/home/tomersi2/ros2_ws/install/my_robot_controller:/opt/ros/humble /usr/bin/cmake /home/tomersi2/ros2_ws/src/slam_toolbox -DCMAKE_INSTALL_PREFIX=/home/tomersi2/ros2_ws/install/slam_toolbox
[4.335s] -- Found ament_cmake: 1.3.8 (/opt/ros/humble/share/ament_cmake/cmake)
[6.447s] -- Found message_filters: 4.3.3 (/opt/ros/humble/share/message_filters/cmake)
[6.969s] -- Found rosidl_generator_c: 3.1.5 (/opt/ros/humble/share/rosidl_generator_c/cmake)
[7.045s] -- Found rosidl_adapter: 3.1.5 (/opt/ros/humble/share/rosidl_adapter/cmake)
[7.092s] -- Found rosidl_generator_cpp: 3.1.5 (/opt/ros/humble/share/rosidl_generator_cpp/cmake)
[7.288s] -- Using all available rosidl_typesupport_c: rosidl_typesupport_fastrtps_c;rosidl_typesupport_introspection_c
[7.506s] -- Using all available rosidl_typesupport_cpp: rosidl_typesupport_fastrtps_cpp;rosidl_typesupport_introspection_cpp
[8.259s] -- Found rmw_implementation_cmake: 6.1.1 (/opt/ros/humble/share/rmw_implementation_cmake/cmake)
[8.292s] -- Found rmw_fastrtps_cpp: 6.2.6 (/opt/ros/humble/share/rmw_fastrtps_cpp/cmake)
[9.806s] -- Using RMW implementation 'rmw_fastrtps_cpp' as default
[11.688s] -- Found nav_msgs: 4.2.3 (/opt/ros/humble/share/nav_msgs/cmake)
[12.640s] -- Found sensor_msgs: 4.2.3 (/opt/ros/humble/share/sensor_msgs/cmake)
[13.501s] -- Found tf2: 0.25.6 (/opt/ros/humble/share/tf2/cmake)
[13.653s] -- Found tf2_ros: 0.25.6 (/opt/ros/humble/share/tf2_ros/cmake)
[19.047s] -- Found visualization_msgs: 4.2.3 (/opt/ros/humble/share/visualization_msgs/cmake)
[21.290s] -- Found pluginlib: 5.1.0 (/opt/ros/humble/share/pluginlib/cmake)
[21.613s] -- Found tf2_geometry_msgs: 0.25.6 (/opt/ros/humble/share/tf2_geometry_msgs/cmake)
[21.703s] -- Found eigen3_cmake_module: 0.1.1 (/opt/ros/humble/share/eigen3_cmake_module/cmake)
[21.727s] -- Ensuring Eigen3 include directory is part of orocos-kdl CMake target
[21.835s] -- Found tf2_sensor_msgs: 0.25.6 (/opt/ros/humble/share/tf2_sensor_msgs/cmake)
[22.001s] -- Found std_srvs: 4.2.3 (/opt/ros/humble/share/std_srvs/cmake)
[22.220s] -- Found rosidl_default_generators: 1.2.0 (/opt/ros/humble/share/rosidl_default_generators/cmake)
[22.442s] -- Found lifecycle_msgs: 1.2.1 (/opt/ros/humble/share/lifecycle_msgs/cmake)
[22.728s] -- Found bondcpp: 3.0.2 (/opt/ros/humble/share/bondcpp/cmake)
[23.938s] -- Found rviz_common: 11.2.12 (/opt/ros/humble/share/rviz_common/cmake)
[24.267s] -- Setting OGRE_DIR to: '/opt/ros/humble/share/rviz_ogre_vendor/cmake/../../../opt/rviz_ogre_vendor/lib/OGRE/cmake'
[24.281s] -- Found OGRE
[24.281s] --   static     : OFF
[24.282s] --   components : HLMS;MeshLodGenerator;Overlay;Paging;Property;RTShaderSystem;Terrain;Volume
[24.283s] --   plugins    : Plugin_BSPSceneManager;Plugin_OctreeSceneManager;Plugin_PCZSceneManager;Plugin_ParticleFX;RenderSystem_GL;RenderSystem_GL3Plus;Codec_STBI
[24.284s] --   media      : /opt/ros/humble/opt/rviz_ogre_vendor/share/OGRE/Media
[24.293s] -- OGRE_LIBRARIES: OgreHLMS;OgreMeshLodGenerator;OgreOverlay;OgrePaging;OgreProperty;OgreRTShaderSystem;OgreTerrain;OgreVolume;OgreMain
[24.294s] -- OGRE_LIBRARY_DIRS: /opt/ros/humble/opt/rviz_ogre_vendor/lib
[24.311s] -- OGRE_PLUGINS: Plugin_BSPSceneManager;Plugin_OctreeSceneManager;Plugin_PCZSceneManager;Plugin_ParticleFX;RenderSystem_GL;RenderSystem_GL3Plus;Codec_STBI
[24.339s] -- OGRE_PLUGIN_DIR: /opt/ros/humble/opt/rviz_ogre_vendor/lib/OGRE
[24.342s] -- rviz_ogre_vendor::OgreOverlay for IMPORTED_LOCATION_RELEASE: /opt/ros/humble/opt/rviz_ogre_vendor/lib/libOgreOverlay.so
[24.351s] -- rviz_ogre_vendor::OgreOverlay for IMPORTED_LOCATION_DEBUG: /opt/ros/humble/opt/rviz_ogre_vendor/lib/libOgreOverlay.so
[24.363s] -- rviz_ogre_vendor::OgreMain for IMPORTED_LOCATION_RELEASE: /opt/ros/humble/opt/rviz_ogre_vendor/lib/libOgreMain.so
[24.366s] -- rviz_ogre_vendor::OgreMain for IMPORTED_LOCATION_DEBUG: /opt/ros/humble/opt/rviz_ogre_vendor/lib/libOgreMain.so
[24.367s] -- Could not find freeimage library
[24.652s] -- rviz_ogre_vendor::RenderSystem_GL for IMPORTED_LOCATION_RELEASE: _render_system_gl_static_library_abs-NOTFOUND
[24.656s] -- rviz_ogre_vendor::RenderSystem_GL for IMPORTED_LOCATION_DEBUG: _render_system_gl_static_library_abs-NOTFOUND
[25.041s] -- library: /usr/lib/aarch64-linux-gnu/libcurl.so
[25.857s] -- Found rviz_default_plugins: 11.2.12 (/opt/ros/humble/share/rviz_default_plugins/cmake)
[29.352s] -- Found Boost: /usr/lib/aarch64-linux-gnu/cmake/Boost-1.74.0/BoostConfig.cmake (found version "1.74.0") found components: system serialization filesystem thread 
[29.567s] [31mCMake Error at lib/karto_sdk/CMakeLists.txt:15 (find_package):
[29.568s]   Could not find a package configuration file provided by "TBB" with any of
[29.568s]   the following names:
[29.569s] 
[29.576s]     TBBConfig.cmake
[29.586s]     tbb-config.cmake
[29.594s] 
[29.628s]   Add the installation prefix of "TBB" to CMAKE_PREFIX_PATH or set "TBB_DIR"
[29.632s]   to a directory containing one of the above files.  If "TBB" provides a
[29.642s]   separate development package or SDK, be sure it has been installed.
[29.643s] 
[29.645s] -- Configuring incomplete, errors occurred!
[29.655s] See also "/home/tomersi2/ros2_ws/build/slam_toolbox/CMakeFiles/CMakeOutput.log".
[29.662s] [0m
[29.695s] Invoked command in '/home/tomersi2/ros2_ws/build/slam_toolbox' returned '1': CMAKE_PREFIX_PATH=${CMAKE_PREFIX_PATH}:/home/tomersi2/ros2_ws/install/my_robot_controller:/opt/ros/humble /usr/bin/cmake /home/tomersi2/ros2_ws/src/slam_toolbox -DCMAKE_INSTALL_PREFIX=/home/tomersi2/ros2_ws/install/slam_toolbox
