[3.632s] Invoking command in '/home/tomersi2/ros2_ws/src/my_robot_controller': PYTHONPATH=/home/tomersi2/ros2_ws/build/my_robot_controller/prefix_override:/home/tomersi2/ros2_ws/install/my_robot_controller/lib/python3.10/site-packages:${PYTHONPATH} /usr/bin/python3 -W ignore:setup.py install is deprecated setup.py egg_info --egg-base ../../build/my_robot_controller build --build-base /home/tomersi2/ros2_ws/build/my_robot_controller/build install --record /home/tomersi2/ros2_ws/build/my_robot_controller/install.log --single-version-externally-managed install_data
[4.620s] running egg_info
[4.680s] writing ../../build/my_robot_controller/my_robot_controller.egg-info/PKG-INFO
[4.682s] writing dependency_links to ../../build/my_robot_controller/my_robot_controller.egg-info/dependency_links.txt
[4.684s] writing entry points to ../../build/my_robot_controller/my_robot_controller.egg-info/entry_points.txt
[4.685s] writing requirements to ../../build/my_robot_controller/my_robot_controller.egg-info/requires.txt
[4.686s] writing top-level names to ../../build/my_robot_controller/my_robot_controller.egg-info/top_level.txt
[4.799s] reading manifest file '../../build/my_robot_controller/my_robot_controller.egg-info/SOURCES.txt'
[4.803s] writing manifest file '../../build/my_robot_controller/my_robot_controller.egg-info/SOURCES.txt'
[4.804s] running build
[4.804s] running build_py
[4.805s] copying my_robot_controller/motor_control.py -> /home/tomersi2/ros2_ws/build/my_robot_controller/build/lib/my_robot_controller
[4.806s] copying my_robot_controller/robot_controller.py -> /home/tomersi2/ros2_ws/build/my_robot_controller/build/lib/my_robot_controller
[4.808s] copying my_robot_controller/__init__.py -> /home/tomersi2/ros2_ws/build/my_robot_controller/build/lib/my_robot_controller
[4.809s] running install
[4.831s] running install_lib
[4.893s] copying /home/tomersi2/ros2_ws/build/my_robot_controller/build/lib/my_robot_controller/robot_controller.py -> /home/tomersi2/ros2_ws/install/my_robot_controller/lib/python3.10/site-packages/my_robot_controller
[4.897s] byte-compiling /home/tomersi2/ros2_ws/install/my_robot_controller/lib/python3.10/site-packages/my_robot_controller/robot_controller.py to robot_controller.cpython-310.pyc
[4.901s] running install_data
[4.902s] copying resource/my_robot_controller -> /home/tomersi2/ros2_ws/install/my_robot_controller/share/ament_index/resource_index/packages
[4.903s] copying package.xml -> /home/tomersi2/ros2_ws/install/my_robot_controller/share/my_robot_controller
[4.904s] copying launch/start_robot.launch.py -> /home/tomersi2/ros2_ws/install/my_robot_controller/share/my_robot_controller/launch/
[4.905s] running install_egg_info
[4.963s] removing '/home/tomersi2/ros2_ws/install/my_robot_controller/lib/python3.10/site-packages/my_robot_controller-0.0.0-py3.10.egg-info' (and everything under it)
[4.965s] Copying ../../build/my_robot_controller/my_robot_controller.egg-info to /home/tomersi2/ros2_ws/install/my_robot_controller/lib/python3.10/site-packages/my_robot_controller-0.0.0-py3.10.egg-info
[4.975s] running install_scripts
[5.555s] Installing motor_control script to /home/tomersi2/ros2_ws/install/my_robot_controller/lib/my_robot_controller
[5.556s] Installing robot_controller script to /home/tomersi2/ros2_ws/install/my_robot_controller/lib/my_robot_controller
[5.557s] Installing robot_state_publisher_node script to /home/tomersi2/ros2_ws/install/my_robot_controller/lib/my_robot_controller
[5.559s] writing list of installed files to '/home/tomersi2/ros2_ws/build/my_robot_controller/install.log'
[5.703s] Invoked command in '/home/tomersi2/ros2_ws/src/my_robot_controller' returned '0': PYTHONPATH=/home/tomersi2/ros2_ws/build/my_robot_controller/prefix_override:/home/tomersi2/ros2_ws/install/my_robot_controller/lib/python3.10/site-packages:${PYTHONPATH} /usr/bin/python3 -W ignore:setup.py install is deprecated setup.py egg_info --egg-base ../../build/my_robot_controller build --build-base /home/tomersi2/ros2_ws/build/my_robot_controller/build install --record /home/tomersi2/ros2_ws/build/my_robot_controller/install.log --single-version-externally-managed install_data
