[3.473s] Invoking command in '/home/tomersi2/ros2_ws/src/my_robot_controller': PYTHONPATH=/home/tomersi2/ros2_ws/build/my_robot_controller/prefix_override:/home/tomersi2/ros2_ws/install/my_robot_controller/lib/python3.10/site-packages:${PYTHONPATH} /usr/bin/python3 -W ignore:setup.py install is deprecated setup.py egg_info --egg-base ../../build/my_robot_controller build --build-base /home/tomersi2/ros2_ws/build/my_robot_controller/build install --record /home/tomersi2/ros2_ws/build/my_robot_controller/install.log --single-version-externally-managed install_data
[4.449s] running egg_info
[4.503s] writing ../../build/my_robot_controller/my_robot_controller.egg-info/PKG-INFO
[4.505s] writing dependency_links to ../../build/my_robot_controller/my_robot_controller.egg-info/dependency_links.txt
[4.506s] writing entry points to ../../build/my_robot_controller/my_robot_controller.egg-info/entry_points.txt
[4.507s] writing requirements to ../../build/my_robot_controller/my_robot_controller.egg-info/requires.txt
[4.509s] writing top-level names to ../../build/my_robot_controller/my_robot_controller.egg-info/top_level.txt
[4.622s] reading manifest file '../../build/my_robot_controller/my_robot_controller.egg-info/SOURCES.txt'
[4.627s] writing manifest file '../../build/my_robot_controller/my_robot_controller.egg-info/SOURCES.txt'
[4.628s] running build
[4.628s] running build_py
[4.629s] copying my_robot_controller/motor_control.py -> /home/tomersi2/ros2_ws/build/my_robot_controller/build/lib/my_robot_controller
[4.630s] copying my_robot_controller/__init__.py -> /home/tomersi2/ros2_ws/build/my_robot_controller/build/lib/my_robot_controller
[4.632s] running install
[4.653s] running install_lib
[4.711s] running install_data
[4.712s] copying resource/my_robot_controller -> /home/tomersi2/ros2_ws/install/my_robot_controller/share/ament_index/resource_index/packages
[4.714s] copying package.xml -> /home/tomersi2/ros2_ws/install/my_robot_controller/share/my_robot_controller
[4.715s] copying launch/start_robot.launch.py -> /home/tomersi2/ros2_ws/install/my_robot_controller/share/my_robot_controller/launch/
[4.716s] running install_egg_info
[4.786s] removing '/home/tomersi2/ros2_ws/install/my_robot_controller/lib/python3.10/site-packages/my_robot_controller-0.0.0-py3.10.egg-info' (and everything under it)
[4.788s] Copying ../../build/my_robot_controller/my_robot_controller.egg-info to /home/tomersi2/ros2_ws/install/my_robot_controller/lib/python3.10/site-packages/my_robot_controller-0.0.0-py3.10.egg-info
[4.794s] running install_scripts
[5.331s] Installing motor_control script to /home/tomersi2/ros2_ws/install/my_robot_controller/lib/my_robot_controller
[5.333s] Installing robot_state_publisher_node script to /home/tomersi2/ros2_ws/install/my_robot_controller/lib/my_robot_controller
[5.335s] writing list of installed files to '/home/tomersi2/ros2_ws/build/my_robot_controller/install.log'
[5.485s] Invoked command in '/home/tomersi2/ros2_ws/src/my_robot_controller' returned '0': PYTHONPATH=/home/tomersi2/ros2_ws/build/my_robot_controller/prefix_override:/home/tomersi2/ros2_ws/install/my_robot_controller/lib/python3.10/site-packages:${PYTHONPATH} /usr/bin/python3 -W ignore:setup.py install is deprecated setup.py egg_info --egg-base ../../build/my_robot_controller build --build-base /home/tomersi2/ros2_ws/build/my_robot_controller/build install --record /home/tomersi2/ros2_ws/build/my_robot_controller/install.log --single-version-externally-managed install_data
