[0.052s] Invoking command in '/home/tomersi2/ros2_ws/build/rf2o_laser_odometry': CMAKE_PREFIX_PATH=${CMAKE_PREFIX_PATH}:/home/tomersi2/ros2_ws/install/my_robot_controller:/opt/ros/humble /usr/bin/cmake --build /home/tomersi2/ros2_ws/build/rf2o_laser_odometry -- -j4 -l4
[0.336s] [ 40%] Built target rf2o_laser_odometry
[0.345s] [100%] Built target rf2o_laser_odometry_node
[0.385s] Invoked command in '/home/tomersi2/ros2_ws/build/rf2o_laser_odometry' returned '0': CMAKE_PREFIX_PATH=${CMAKE_PREFIX_PATH}:/home/tomersi2/ros2_ws/install/my_robot_controller:/opt/ros/humble /usr/bin/cmake --build /home/tomersi2/ros2_ws/build/rf2o_laser_odometry -- -j4 -l4
[0.594s] Invoking command in '/home/tomersi2/ros2_ws/build/rf2o_laser_odometry': CMAKE_PREFIX_PATH=${CMAKE_PREFIX_PATH}:/home/tomersi2/ros2_ws/install/my_robot_controller:/opt/ros/humble /usr/bin/cmake --install /home/tomersi2/ros2_ws/build/rf2o_laser_odometry
[0.626s] -- Install configuration: ""
[0.627s] -- Up-to-date: /home/tomersi2/ros2_ws/install/rf2o_laser_odometry/lib/rf2o_laser_odometry/rf2o_laser_odometry_node
[0.629s] -- Up-to-date: /home/tomersi2/ros2_ws/install/rf2o_laser_odometry/share/rf2o_laser_odometry/launch
[0.629s] -- Up-to-date: /home/tomersi2/ros2_ws/install/rf2o_laser_odometry/share/rf2o_laser_odometry/launch/rf2o_laser_odometry.launch.py
[0.630s] -- Up-to-date: /home/tomersi2/ros2_ws/install/rf2o_laser_odometry/share/ament_index/resource_index/package_run_dependencies/rf2o_laser_odometry
[0.630s] -- Up-to-date: /home/tomersi2/ros2_ws/install/rf2o_laser_odometry/share/ament_index/resource_index/parent_prefix_path/rf2o_laser_odometry
[0.630s] -- Up-to-date: /home/tomersi2/ros2_ws/install/rf2o_laser_odometry/share/rf2o_laser_odometry/environment/ament_prefix_path.sh
[0.631s] -- Up-to-date: /home/tomersi2/ros2_ws/install/rf2o_laser_odometry/share/rf2o_laser_odometry/environment/ament_prefix_path.dsv
[0.631s] -- Up-to-date: /home/tomersi2/ros2_ws/install/rf2o_laser_odometry/share/rf2o_laser_odometry/environment/path.sh
[0.632s] -- Up-to-date: /home/tomersi2/ros2_ws/install/rf2o_laser_odometry/share/rf2o_laser_odometry/environment/path.dsv
[0.632s] -- Up-to-date: /home/tomersi2/ros2_ws/install/rf2o_laser_odometry/share/rf2o_laser_odometry/local_setup.bash
[0.633s] -- Up-to-date: /home/tomersi2/ros2_ws/install/rf2o_laser_odometry/share/rf2o_laser_odometry/local_setup.sh
[0.633s] -- Up-to-date: /home/tomersi2/ros2_ws/install/rf2o_laser_odometry/share/rf2o_laser_odometry/local_setup.zsh
[0.633s] -- Up-to-date: /home/tomersi2/ros2_ws/install/rf2o_laser_odometry/share/rf2o_laser_odometry/local_setup.dsv
[0.634s] -- Installing: /home/tomersi2/ros2_ws/install/rf2o_laser_odometry/share/rf2o_laser_odometry/package.dsv
[0.635s] -- Up-to-date: /home/tomersi2/ros2_ws/install/rf2o_laser_odometry/share/ament_index/resource_index/packages/rf2o_laser_odometry
[0.637s] -- Up-to-date: /home/tomersi2/ros2_ws/install/rf2o_laser_odometry/share/rf2o_laser_odometry/cmake/rf2o_laser_odometryConfig.cmake
[0.638s] -- Up-to-date: /home/tomersi2/ros2_ws/install/rf2o_laser_odometry/share/rf2o_laser_odometry/cmake/rf2o_laser_odometryConfig-version.cmake
[0.639s] -- Up-to-date: /home/tomersi2/ros2_ws/install/rf2o_laser_odometry/share/rf2o_laser_odometry/package.xml
[0.646s] Invoked command in '/home/tomersi2/ros2_ws/build/rf2o_laser_odometry' returned '0': CMAKE_PREFIX_PATH=${CMAKE_PREFIX_PATH}:/home/tomersi2/ros2_ws/install/my_robot_controller:/opt/ros/humble /usr/bin/cmake --install /home/tomersi2/ros2_ws/build/rf2o_laser_odometry
