[5.096s] Invoking command in '/home/tomersi2/ros2_ws/src/my_robot_controller': PYTHONPATH=/home/tomersi2/ros2_ws/build/my_robot_controller/prefix_override:/home/tomersi2/ros2_ws/install/my_robot_controller/lib/python3.10/site-packages:${PYTHONPATH} /usr/bin/python3 -W ignore:setup.py install is deprecated setup.py egg_info --egg-base ../../build/my_robot_controller build --build-base /home/tomersi2/ros2_ws/build/my_robot_controller/build install --record /home/tomersi2/ros2_ws/build/my_robot_controller/install.log --single-version-externally-managed install_data
[6.092s] running egg_info
[6.152s] writing ../../build/my_robot_controller/my_robot_controller.egg-info/PKG-INFO
[6.155s] writing dependency_links to ../../build/my_robot_controller/my_robot_controller.egg-info/dependency_links.txt
[6.156s] writing entry points to ../../build/my_robot_controller/my_robot_controller.egg-info/entry_points.txt
[6.157s] writing requirements to ../../build/my_robot_controller/my_robot_controller.egg-info/requires.txt
[6.158s] writing top-level names to ../../build/my_robot_controller/my_robot_controller.egg-info/top_level.txt
[6.266s] reading manifest file '../../build/my_robot_controller/my_robot_controller.egg-info/SOURCES.txt'
[6.271s] writing manifest file '../../build/my_robot_controller/my_robot_controller.egg-info/SOURCES.txt'
[6.272s] running build
[6.272s] running build_py
[6.273s] copying my_robot_controller/motor_control.py -> /home/tomersi2/ros2_ws/build/my_robot_controller/build/lib/my_robot_controller
[6.275s] copying my_robot_controller/my_first_node.py -> /home/tomersi2/ros2_ws/build/my_robot_controller/build/lib/my_robot_controller
[6.276s] copying my_robot_controller/__init__.py -> /home/tomersi2/ros2_ws/build/my_robot_controller/build/lib/my_robot_controller
[6.278s] running install
[6.301s] running install_lib
[6.357s] copying /home/tomersi2/ros2_ws/build/my_robot_controller/build/lib/my_robot_controller/motor_control.py -> /home/tomersi2/ros2_ws/install/my_robot_controller/lib/python3.10/site-packages/my_robot_controller
[6.361s] byte-compiling /home/tomersi2/ros2_ws/install/my_robot_controller/lib/python3.10/site-packages/my_robot_controller/motor_control.py to motor_control.cpython-310.pyc
[6.364s] running install_data
[6.365s] copying resource/my_robot_controller -> /home/tomersi2/ros2_ws/install/my_robot_controller/share/ament_index/resource_index/packages
[6.366s] copying package.xml -> /home/tomersi2/ros2_ws/install/my_robot_controller/share/my_robot_controller
[6.367s] running install_egg_info
[6.426s] removing '/home/tomersi2/ros2_ws/install/my_robot_controller/lib/python3.10/site-packages/my_robot_controller-0.0.0-py3.10.egg-info' (and everything under it)
[6.428s] Copying ../../build/my_robot_controller/my_robot_controller.egg-info to /home/tomersi2/ros2_ws/install/my_robot_controller/lib/python3.10/site-packages/my_robot_controller-0.0.0-py3.10.egg-info
[6.434s] running install_scripts
[6.982s] Installing motor_forward script to /home/tomersi2/ros2_ws/install/my_robot_controller/lib/my_robot_controller
[6.984s] Installing my_node script to /home/tomersi2/ros2_ws/install/my_robot_controller/lib/my_robot_controller
[6.986s] writing list of installed files to '/home/tomersi2/ros2_ws/build/my_robot_controller/install.log'
[7.138s] Invoked command in '/home/tomersi2/ros2_ws/src/my_robot_controller' returned '0': PYTHONPATH=/home/tomersi2/ros2_ws/build/my_robot_controller/prefix_override:/home/tomersi2/ros2_ws/install/my_robot_controller/lib/python3.10/site-packages:${PYTHONPATH} /usr/bin/python3 -W ignore:setup.py install is deprecated setup.py egg_info --egg-base ../../build/my_robot_controller build --build-base /home/tomersi2/ros2_ws/build/my_robot_controller/build install --record /home/tomersi2/ros2_ws/build/my_robot_controller/install.log --single-version-externally-managed install_data
