[1.022s] Invoking command in '/home/tomersi2/ros2_ws/build/ros2_laser_scan_matcher': /usr/bin/cmake /home/tomersi2/ros2_ws/src/ros2_laser_scan_matcher -DCMAKE_INSTALL_PREFIX=/home/tomersi2/ros2_ws/install/ros2_laser_scan_matcher
[2.091s] -- The C compiler identification is GNU 11.4.0
[2.843s] -- The CXX compiler identification is GNU 11.4.0
[2.891s] -- Detecting C compiler ABI info
[3.278s] -- Detecting C compiler ABI info - done
[3.310s] -- Check for working C compiler: /usr/bin/cc - skipped
[3.313s] -- Detecting C compile features
[3.317s] -- Detecting C compile features - done
[3.335s] -- Detecting CXX compiler ABI info
[3.723s] -- Detecting CXX compiler ABI info - done
[3.750s] -- Check for working CXX compiler: /usr/bin/c++ - skipped
[3.751s] -- Detecting CXX compile features
[3.753s] -- Detecting CXX compile features - done
[3.915s] [31mCMake Error at CMakeLists.txt:5 (find_package):
[3.916s]   By not providing "Findament_cmake.cmake" in CMAKE_MODULE_PATH this project
[3.919s]   has asked CMake to find a package configuration file provided by
[3.922s]   "ament_cmake", but CMake did not find one.
[3.923s] 
[3.925s]   Could not find a package configuration file provided by "ament_cmake" with
[3.926s]   any of the following names:
[3.927s] 
[3.929s]     ament_cmakeConfig.cmake
[3.935s]     ament_cmake-config.cmake
[3.939s] 
[3.941s]   Add the installation prefix of "ament_cmake" to CMAKE_PREFIX_PATH or set
[3.943s]   "ament_cmake_DIR" to a directory containing one of the above files.  If
[3.944s]   "ament_cmake" provides a separate development package or SDK, be sure it
[3.946s]   has been installed.
[3.951s] 
[3.956s] [0m
[3.957s] -- Configuring incomplete, errors occurred!
[3.958s] See also "/home/tomersi2/ros2_ws/build/ros2_laser_scan_matcher/CMakeFiles/CMakeOutput.log".
[3.960s] Invoked command in '/home/tomersi2/ros2_ws/build/ros2_laser_scan_matcher' returned '1': /usr/bin/cmake /home/tomersi2/ros2_ws/src/ros2_laser_scan_matcher -DCMAKE_INSTALL_PREFIX=/home/tomersi2/ros2_ws/install/ros2_laser_scan_matcher
