[1.416s] Invoking command in '/home/tomersi2/ros2_ws/src/build/rf2o_laser_odometry': CMAKE_PREFIX_PATH=${CMAKE_PREFIX_PATH}:/home/tomersi2/ros2_ws/install/my_robot_controller:/opt/ros/humble /usr/bin/cmake /home/tomersi2/ros2_ws/src/rf2o_laser_odometry -DCMAKE_INSTALL_PREFIX=/home/tomersi2/ros2_ws/src/install/rf2o_laser_odometry
[2.702s] -- The C compiler identification is GNU 11.4.0
[3.549s] -- The CXX compiler identification is GNU 11.4.0
[3.613s] -- Detecting C compiler ABI info
[4.183s] -- Detecting C compiler ABI info - done
[4.220s] -- Check for working C compiler: /usr/bin/cc - skipped
[4.226s] -- Detecting C compile features
[4.231s] -- Detecting C compile features - done
[4.250s] -- Detecting CXX compiler ABI info
[4.806s] -- Detecting CXX compiler ABI info - done
[4.842s] -- Check for working CXX compiler: /usr/bin/c++ - skipped
[4.843s] -- Detecting CXX compile features
[4.844s] -- Detecting CXX compile features - done
[4.902s] -- Found ament_cmake: 1.3.8 (/opt/ros/humble/share/ament_cmake/cmake)
[7.344s] -- Found Python3: /usr/bin/python3 (found version "3.10.12") found components: Interpreter 
[8.303s] -- Found rclcpp: 16.0.8 (/opt/ros/humble/share/rclcpp/cmake)
[8.813s] -- Found rosidl_generator_c: 3.1.5 (/opt/ros/humble/share/rosidl_generator_c/cmake)
[8.877s] -- Found rosidl_adapter: 3.1.5 (/opt/ros/humble/share/rosidl_adapter/cmake)
[8.967s] -- Found rosidl_generator_cpp: 3.1.5 (/opt/ros/humble/share/rosidl_generator_cpp/cmake)
[9.759s] -- Using all available rosidl_typesupport_c: rosidl_typesupport_fastrtps_c;rosidl_typesupport_introspection_c
[10.130s] -- Using all available rosidl_typesupport_cpp: rosidl_typesupport_fastrtps_cpp;rosidl_typesupport_introspection_cpp
[10.741s] -- Found rmw_implementation_cmake: 6.1.1 (/opt/ros/humble/share/rmw_implementation_cmake/cmake)
[10.798s] -- Found rmw_fastrtps_cpp: 6.2.6 (/opt/ros/humble/share/rmw_fastrtps_cpp/cmake)
[12.035s] -- Found OpenSSL: /usr/lib/aarch64-linux-gnu/libcrypto.so (found version "3.0.2")  
[12.389s] -- Found FastRTPS: /opt/ros/humble/include  
[12.967s] -- Using RMW implementation 'rmw_fastrtps_cpp' as default
[13.163s] -- Looking for pthread.h
[14.167s] -- Looking for pthread.h - found
[14.173s] -- Performing Test CMAKE_HAVE_LIBC_PTHREAD
[15.214s] -- Performing Test CMAKE_HAVE_LIBC_PTHREAD - Success
[15.233s] -- Found Threads: TRUE  
[16.820s] -- Found geometry_msgs: 4.2.3 (/opt/ros/humble/share/geometry_msgs/cmake)
[17.266s] -- Found tf2_geometry_msgs: 0.25.6 (/opt/ros/humble/share/tf2_geometry_msgs/cmake)
[17.566s] -- Found eigen3_cmake_module: 0.1.1 (/opt/ros/humble/share/eigen3_cmake_module/cmake)
[17.577s] -- Found Eigen3: TRUE (found version "3.4.0") 
[17.577s] -- Ensuring Eigen3 include directory is part of orocos-kdl CMake target
[21.386s] -- Found sensor_msgs: 4.2.3 (/opt/ros/humble/share/sensor_msgs/cmake)
[22.105s] -- Found nav_msgs: 4.2.3 (/opt/ros/humble/share/nav_msgs/cmake)
[22.851s] -- Found Boost: /usr/lib/aarch64-linux-gnu/cmake/Boost-1.74.0/BoostConfig.cmake (found version "1.74.0")  
[23.785s] -- Configuring done
[23.981s] -- Generating done
[24.001s] -- Build files have been written to: /home/tomersi2/ros2_ws/src/build/rf2o_laser_odometry
[24.128s] Invoked command in '/home/tomersi2/ros2_ws/src/build/rf2o_laser_odometry' returned '0': CMAKE_PREFIX_PATH=${CMAKE_PREFIX_PATH}:/home/tomersi2/ros2_ws/install/my_robot_controller:/opt/ros/humble /usr/bin/cmake /home/tomersi2/ros2_ws/src/rf2o_laser_odometry -DCMAKE_INSTALL_PREFIX=/home/tomersi2/ros2_ws/src/install/rf2o_laser_odometry
[24.133s] Invoking command in '/home/tomersi2/ros2_ws/src/build/rf2o_laser_odometry': CMAKE_PREFIX_PATH=${CMAKE_PREFIX_PATH}:/home/tomersi2/ros2_ws/install/my_robot_controller:/opt/ros/humble /usr/bin/cmake --build /home/tomersi2/ros2_ws/src/build/rf2o_laser_odometry -- -j4 -l4
[24.719s] [ 20%] [32mBuilding CXX object CMakeFiles/rf2o_laser_odometry_node.dir/src/CLaserOdometry2DNode.cpp.o[0m
