[0.117s] Invoking command in '/home/tomersi2/ros2_ws/build/hector_mapping': /usr/bin/cmake /home/tomersi2/ros2_ws/src/hector_slam/hector_mapping -DCATKIN_INSTALL_INTO_PREFIX_ROOT=0 -DCMAKE_INSTALL_PREFIX=/home/tomersi2/ros2_ws/install/hector_mapping
[0.989s] -- The C compiler identification is GNU 11.4.0
[1.985s] -- The CXX compiler identification is GNU 11.4.0
[2.023s] -- Detecting C compiler ABI info
[2.519s] -- Detecting C compiler ABI info - done
[2.556s] -- Check for working C compiler: /usr/bin/cc - skipped
[2.560s] -- Detecting C compile features
[2.572s] -- Detecting C compile features - done
[2.593s] -- Detecting CXX compiler ABI info
[3.207s] -- Detecting CXX compiler ABI info - done
[3.257s] -- Check for working CXX compiler: /usr/bin/c++ - skipped
[3.258s] -- Detecting CXX compile features
[3.258s] -- Detecting CXX compile features - done
[3.628s] [31mCMake Error at CMakeLists.txt:4 (find_package):
[3.629s]   By not providing "Findcatkin.cmake" in CMAKE_MODULE_PATH this project has
[3.629s]   asked CMake to find a package configuration file provided by "catkin", but
[3.630s]   CMake did not find one.
[3.630s] 
[3.630s]   Could not find a package configuration file provided by "catkin" with any
[3.631s]   of the following names:
[3.631s] 
[3.632s]     catkinConfig.cmake
[3.632s]     catkin-config.cmake
[3.633s] 
[3.634s]   Add the installation prefix of "catkin" to CMAKE_PREFIX_PATH or set
[3.648s]   "catkin_DIR" to a directory containing one of the above files.  If "catkin"
[3.650s]   provides a separate development package or SDK, be sure it has been
[3.652s]   installed.
[3.654s] 
[3.655s] [0m
[3.657s] -- Configuring incomplete, errors occurred!
[3.658s] See also "/home/tomersi2/ros2_ws/build/hector_mapping/CMakeFiles/CMakeOutput.log".
[3.728s] Invoked command in '/home/tomersi2/ros2_ws/build/hector_mapping' returned '1': /usr/bin/cmake /home/tomersi2/ros2_ws/src/hector_slam/hector_mapping -DCATKIN_INSTALL_INTO_PREFIX_ROOT=0 -DCMAKE_INSTALL_PREFIX=/home/tomersi2/ros2_ws/install/hector_mapping
