[1.110s] Invoking command in '/home/tomersi2/ros2_ws/build/sllidar_ros2': CMAKE_PREFIX_PATH=${CMAKE_PREFIX_PATH}:/home/tomersi2/ros2_ws/install/my_robot_controller:/opt/ros/humble /usr/bin/cmake --build /home/tomersi2/ros2_ws/build/sllidar_ros2 -- -j4 -l4
[1.609s] [ 10%] Built target sllidar_client
[1.626s] [100%] Built target sllidar_node
[1.672s] Invoked command in '/home/tomersi2/ros2_ws/build/sllidar_ros2' returned '0': CMAKE_PREFIX_PATH=${CMAKE_PREFIX_PATH}:/home/tomersi2/ros2_ws/install/my_robot_controller:/opt/ros/humble /usr/bin/cmake --build /home/tomersi2/ros2_ws/build/sllidar_ros2 -- -j4 -l4
[2.132s] Invoking command in '/home/tomersi2/ros2_ws/build/sllidar_ros2': CMAKE_PREFIX_PATH=${CMAKE_PREFIX_PATH}:/home/tomersi2/ros2_ws/install/my_robot_controller:/opt/ros/humble /usr/bin/cmake --install /home/tomersi2/ros2_ws/build/sllidar_ros2
[2.163s] -- Install configuration: ""
[2.166s] -- Execute custom install script
[2.169s] -- Up-to-date symlink: /home/tomersi2/ros2_ws/install/sllidar_ros2/share/sllidar_ros2/launch/sllidar_a1_launch.py
[2.170s] -- Up-to-date symlink: /home/tomersi2/ros2_ws/install/sllidar_ros2/share/sllidar_ros2/launch/sllidar_a2m12_launch .py
[2.171s] -- Up-to-date symlink: /home/tomersi2/ros2_ws/install/sllidar_ros2/share/sllidar_ros2/launch/sllidar_a2m7_launch.py
[2.172s] -- Up-to-date symlink: /home/tomersi2/ros2_ws/install/sllidar_ros2/share/sllidar_ros2/launch/sllidar_a2m8_launch.py
[2.172s] -- Up-to-date symlink: /home/tomersi2/ros2_ws/install/sllidar_ros2/share/sllidar_ros2/launch/sllidar_a3_launch.py
[2.174s] -- Up-to-date symlink: /home/tomersi2/ros2_ws/install/sllidar_ros2/share/sllidar_ros2/launch/sllidar_c1_launch.py
[2.175s] -- Up-to-date symlink: /home/tomersi2/ros2_ws/install/sllidar_ros2/share/sllidar_ros2/launch/sllidar_s1_launch.py
[2.175s] -- Up-to-date symlink: /home/tomersi2/ros2_ws/install/sllidar_ros2/share/sllidar_ros2/launch/sllidar_s1_tcp_launch.py
[2.176s] -- Up-to-date symlink: /home/tomersi2/ros2_ws/install/sllidar_ros2/share/sllidar_ros2/launch/sllidar_s2_launch.py
[2.177s] -- Up-to-date symlink: /home/tomersi2/ros2_ws/install/sllidar_ros2/share/sllidar_ros2/launch/sllidar_s2e_launch.py
[2.178s] -- Up-to-date symlink: /home/tomersi2/ros2_ws/install/sllidar_ros2/share/sllidar_ros2/launch/sllidar_s3_launch.py
[2.178s] -- Up-to-date symlink: /home/tomersi2/ros2_ws/install/sllidar_ros2/share/sllidar_ros2/launch/sllidar_t1_launch.py
[2.179s] -- Up-to-date symlink: /home/tomersi2/ros2_ws/install/sllidar_ros2/share/sllidar_ros2/launch/view_sllidar_a1_launch.py
[2.181s] -- Up-to-date symlink: /home/tomersi2/ros2_ws/install/sllidar_ros2/share/sllidar_ros2/launch/view_sllidar_a2m12_launch.py
[2.181s] -- Up-to-date symlink: /home/tomersi2/ros2_ws/install/sllidar_ros2/share/sllidar_ros2/launch/view_sllidar_a2m7_launch.py
[2.183s] -- Up-to-date symlink: /home/tomersi2/ros2_ws/install/sllidar_ros2/share/sllidar_ros2/launch/view_sllidar_a2m8_launch.py
[2.183s] -- Up-to-date symlink: /home/tomersi2/ros2_ws/install/sllidar_ros2/share/sllidar_ros2/launch/view_sllidar_a3_launch.py
[2.184s] -- Up-to-date symlink: /home/tomersi2/ros2_ws/install/sllidar_ros2/share/sllidar_ros2/launch/view_sllidar_c1_launch.py
[2.185s] -- Up-to-date symlink: /home/tomersi2/ros2_ws/install/sllidar_ros2/share/sllidar_ros2/launch/view_sllidar_s1_launch.py
[2.186s] -- Up-to-date symlink: /home/tomersi2/ros2_ws/install/sllidar_ros2/share/sllidar_ros2/launch/view_sllidar_s1_tcp_launch.py
[2.187s] -- Up-to-date symlink: /home/tomersi2/ros2_ws/install/sllidar_ros2/share/sllidar_ros2/launch/view_sllidar_s2_launch.py
[2.188s] -- Up-to-date symlink: /home/tomersi2/ros2_ws/install/sllidar_ros2/share/sllidar_ros2/launch/view_sllidar_s2e_launch.py
[2.188s] -- Up-to-date symlink: /home/tomersi2/ros2_ws/install/sllidar_ros2/share/sllidar_ros2/launch/view_sllidar_s3_launch.py
[2.197s] -- Up-to-date symlink: /home/tomersi2/ros2_ws/install/sllidar_ros2/share/sllidar_ros2/launch/view_sllidar_t1_launch.py
[2.197s] -- Up-to-date symlink: /home/tomersi2/ros2_ws/install/sllidar_ros2/share/sllidar_ros2/rviz/sllidar_ros2.rviz
[2.199s] -- Up-to-date symlink: /home/tomersi2/ros2_ws/install/sllidar_ros2/lib/sllidar_ros2/sllidar_node
[2.201s] -- Up-to-date symlink: /home/tomersi2/ros2_ws/install/sllidar_ros2/lib/sllidar_ros2/sllidar_client
[2.203s] -- Up-to-date symlink: /home/tomersi2/ros2_ws/install/sllidar_ros2/share/ament_index/resource_index/package_run_dependencies/sllidar_ros2
[2.204s] -- Up-to-date symlink: /home/tomersi2/ros2_ws/install/sllidar_ros2/share/ament_index/resource_index/parent_prefix_path/sllidar_ros2
[2.205s] -- Up-to-date symlink: /home/tomersi2/ros2_ws/install/sllidar_ros2/share/sllidar_ros2/environment/ament_prefix_path.sh
[2.206s] -- Up-to-date symlink: /home/tomersi2/ros2_ws/install/sllidar_ros2/share/sllidar_ros2/environment/ament_prefix_path.dsv
[2.206s] -- Up-to-date symlink: /home/tomersi2/ros2_ws/install/sllidar_ros2/share/sllidar_ros2/environment/path.sh
[2.207s] -- Up-to-date symlink: /home/tomersi2/ros2_ws/install/sllidar_ros2/share/sllidar_ros2/environment/path.dsv
[2.208s] -- Up-to-date symlink: /home/tomersi2/ros2_ws/install/sllidar_ros2/share/sllidar_ros2/local_setup.bash
[2.209s] -- Up-to-date symlink: /home/tomersi2/ros2_ws/install/sllidar_ros2/share/sllidar_ros2/local_setup.sh
[2.210s] -- Up-to-date symlink: /home/tomersi2/ros2_ws/install/sllidar_ros2/share/sllidar_ros2/local_setup.zsh
[2.211s] -- Up-to-date symlink: /home/tomersi2/ros2_ws/install/sllidar_ros2/share/sllidar_ros2/local_setup.dsv
[2.212s] -- Symlinking: /home/tomersi2/ros2_ws/install/sllidar_ros2/share/sllidar_ros2/package.dsv
[2.253s] -- Up-to-date symlink: /home/tomersi2/ros2_ws/install/sllidar_ros2/share/ament_index/resource_index/packages/sllidar_ros2
[2.256s] -- Up-to-date symlink: /home/tomersi2/ros2_ws/install/sllidar_ros2/share/sllidar_ros2/cmake/ament_cmake_export_dependencies-extras.cmake
[2.257s] -- Up-to-date symlink: /home/tomersi2/ros2_ws/install/sllidar_ros2/share/sllidar_ros2/cmake/ament_cmake_export_include_directories-extras.cmake
[2.258s] -- Up-to-date symlink: /home/tomersi2/ros2_ws/install/sllidar_ros2/share/sllidar_ros2/cmake/sllidar_ros2Config.cmake
[2.259s] -- Up-to-date symlink: /home/tomersi2/ros2_ws/install/sllidar_ros2/share/sllidar_ros2/cmake/sllidar_ros2Config-version.cmake
[2.261s] -- Up-to-date symlink: /home/tomersi2/ros2_ws/install/sllidar_ros2/share/sllidar_ros2/package.xml
[2.270s] Invoked command in '/home/tomersi2/ros2_ws/build/sllidar_ros2' returned '0': CMAKE_PREFIX_PATH=${CMAKE_PREFIX_PATH}:/home/tomersi2/ros2_ws/install/my_robot_controller:/opt/ros/humble /usr/bin/cmake --install /home/tomersi2/ros2_ws/build/sllidar_ros2
