[0.993s] Invoking command in '/home/tomersi2/ros2_ws/build/sllidar_ros2': CMAKE_PREFIX_PATH=/home/tomersi2/ros2_ws/install/my_robot_controller:/opt/ros/humble /usr/bin/cmake /home/tomersi2/ros2_ws/src/sllidar_ros2 -DAMENT_CMAKE_SYMLINK_INSTALL=1 -DCMAKE_INSTALL_PREFIX=/home/tomersi2/ros2_ws/install/sllidar_ros2
[2.036s] -- The C compiler identification is GNU 11.4.0
[2.905s] -- The CXX compiler identification is unknown
[2.938s] -- Detecting C compiler ABI info
[3.313s] -- Detecting C compiler ABI info - done
[3.340s] -- Check for working C compiler: /usr/bin/cc - skipped
[3.342s] -- Detecting C compile features
[3.345s] -- Detecting C compile features - done
[3.348s] [31mCMake Error at CMakeLists.txt:5 (project):
[3.349s]   No CMAKE_CXX_COMPILER could be found.
[3.349s] 
[3.350s]   Tell CMake where to find the compiler by setting either the environment
[3.350s]   variable "CXX" or the CMake cache entry CMAKE_CXX_COMPILER to the full path
[3.351s]   to the compiler, or to the compiler name if it is in the PATH.
[3.351s] 
[3.351s] [0m
[3.357s] -- Configuring incomplete, errors occurred!
[3.357s] See also "/home/tomersi2/ros2_ws/build/sllidar_ros2/CMakeFiles/CMakeOutput.log".
[3.358s] See also "/home/tomersi2/ros2_ws/build/sllidar_ros2/CMakeFiles/CMakeError.log".
[3.378s] Invoked command in '/home/tomersi2/ros2_ws/build/sllidar_ros2' returned '1': CMAKE_PREFIX_PATH=/home/tomersi2/ros2_ws/install/my_robot_controller:/opt/ros/humble /usr/bin/cmake /home/tomersi2/ros2_ws/src/sllidar_ros2 -DAMENT_CMAKE_SYMLINK_INSTALL=1 -DCMAKE_INSTALL_PREFIX=/home/tomersi2/ros2_ws/install/sllidar_ros2
