[0.448s] DEBUG:colcon:Command line arguments: ['/usr/bin/colcon', 'build']
[0.449s] DEBUG:colcon:Parsed command line arguments: Namespace(log_base=None, log_level=None, verb_name='build', build_base='build', install_base='install', merge_install=False, symlink_install=False, test_result_base=None, continue_on_error=False, executor='parallel', parallel_workers=4, event_handlers=None, ignore_user_meta=False, metas=['./colcon.meta'], base_paths=['.'], packages_ignore=None, packages_ignore_regex=None, paths=None, packages_up_to=None, packages_up_to_regex=None, packages_above=None, packages_above_and_dependencies=None, packages_above_depth=None, packages_select_by_dep=None, packages_skip_by_dep=None, packages_skip_up_to=None, packages_select_build_failed=False, packages_skip_build_finished=False, packages_select_test_failures=False, packages_skip_test_passed=False, packages_select=None, packages_skip=None, packages_select_regex=None, packages_skip_regex=None, packages_start=None, packages_end=None, allow_overriding=[], cmake_args=None, cmake_target=None, cmake_target_skip_unavailable=False, cmake_clean_cache=False, cmake_clean_first=False, cmake_force_configure=False, ament_cmake_args=None, catkin_cmake_args=None, catkin_skip_building_tests=False, verb_parser=<colcon_defaults.argument_parser.defaults.DefaultArgumentsDecorator object at 0xffffbc41e3b0>, verb_extension=<colcon_core.verb.build.BuildVerb object at 0xffffbc5aefb0>, main=<bound method BuildVerb.main of <colcon_core.verb.build.BuildVerb object at 0xffffbc5aefb0>>)
[0.625s] Level 1:colcon.colcon_core.package_discovery:discover_packages(colcon_meta) check parameters
[0.627s] Level 1:colcon.colcon_core.package_discovery:discover_packages(recursive) check parameters
[0.627s] Level 1:colcon.colcon_core.package_discovery:discover_packages(ignore) check parameters
[0.627s] Level 1:colcon.colcon_core.package_discovery:discover_packages(path) check parameters
[0.627s] Level 1:colcon.colcon_core.package_discovery:discover_packages(colcon_meta) discover
[0.627s] Level 1:colcon.colcon_core.package_discovery:discover_packages(recursive) discover
[0.628s] INFO:colcon.colcon_core.package_discovery:Crawling recursively for packages in '/home/tomersi2/ros2_ws'
[0.628s] Level 1:colcon.colcon_core.package_identification:_identify(.) by extensions ['ignore', 'ignore_ament_install']
[0.628s] Level 1:colcon.colcon_core.package_identification:_identify(.) by extension 'ignore'
[0.629s] Level 1:colcon.colcon_core.package_identification:_identify(.) by extension 'ignore_ament_install'
[0.629s] Level 1:colcon.colcon_core.package_identification:_identify(.) by extensions ['colcon_pkg']
[0.629s] Level 1:colcon.colcon_core.package_identification:_identify(.) by extension 'colcon_pkg'
[0.629s] Level 1:colcon.colcon_core.package_identification:_identify(.) by extensions ['colcon_meta']
[0.629s] Level 1:colcon.colcon_core.package_identification:_identify(.) by extension 'colcon_meta'
[0.629s] Level 1:colcon.colcon_core.package_identification:_identify(.) by extensions ['ros']
[0.630s] Level 1:colcon.colcon_core.package_identification:_identify(.) by extension 'ros'
[0.752s] Level 1:colcon.colcon_core.package_identification:_identify(.) by extensions ['cmake', 'python']
[0.753s] Level 1:colcon.colcon_core.package_identification:_identify(.) by extension 'cmake'
[0.753s] Level 1:colcon.colcon_core.package_identification:_identify(.) by extension 'python'
[0.753s] Level 1:colcon.colcon_core.package_identification:_identify(.) by extensions ['python_setup_py']
[0.753s] Level 1:colcon.colcon_core.package_identification:_identify(.) by extension 'python_setup_py'
[0.754s] Level 1:colcon.colcon_core.package_identification:_identify(build) by extensions ['ignore', 'ignore_ament_install']
[0.755s] Level 1:colcon.colcon_core.package_identification:_identify(build) by extension 'ignore'
[0.755s] Level 1:colcon.colcon_core.package_identification:_identify(build) ignored
[0.755s] Level 1:colcon.colcon_core.package_identification:_identify(install) by extensions ['ignore', 'ignore_ament_install']
[0.756s] Level 1:colcon.colcon_core.package_identification:_identify(install) by extension 'ignore'
[0.756s] Level 1:colcon.colcon_core.package_identification:_identify(install) ignored
[0.757s] Level 1:colcon.colcon_core.package_identification:_identify(log) by extensions ['ignore', 'ignore_ament_install']
[0.757s] Level 1:colcon.colcon_core.package_identification:_identify(log) by extension 'ignore'
[0.758s] Level 1:colcon.colcon_core.package_identification:_identify(log) ignored
[0.758s] Level 1:colcon.colcon_core.package_identification:_identify(src) by extensions ['ignore', 'ignore_ament_install']
[0.758s] Level 1:colcon.colcon_core.package_identification:_identify(src) by extension 'ignore'
[0.758s] Level 1:colcon.colcon_core.package_identification:_identify(src) by extension 'ignore_ament_install'
[0.759s] Level 1:colcon.colcon_core.package_identification:_identify(src) by extensions ['colcon_pkg']
[0.759s] Level 1:colcon.colcon_core.package_identification:_identify(src) by extension 'colcon_pkg'
[0.759s] Level 1:colcon.colcon_core.package_identification:_identify(src) by extensions ['colcon_meta']
[0.759s] Level 1:colcon.colcon_core.package_identification:_identify(src) by extension 'colcon_meta'
[0.759s] Level 1:colcon.colcon_core.package_identification:_identify(src) by extensions ['ros']
[0.759s] Level 1:colcon.colcon_core.package_identification:_identify(src) by extension 'ros'
[0.760s] Level 1:colcon.colcon_core.package_identification:_identify(src) by extensions ['cmake', 'python']
[0.760s] Level 1:colcon.colcon_core.package_identification:_identify(src) by extension 'cmake'
[0.760s] Level 1:colcon.colcon_core.package_identification:_identify(src) by extension 'python'
[0.760s] Level 1:colcon.colcon_core.package_identification:_identify(src) by extensions ['python_setup_py']
[0.760s] Level 1:colcon.colcon_core.package_identification:_identify(src) by extension 'python_setup_py'
[0.761s] Level 1:colcon.colcon_core.package_identification:_identify(src/my_robot_controller) by extensions ['ignore', 'ignore_ament_install']
[0.761s] Level 1:colcon.colcon_core.package_identification:_identify(src/my_robot_controller) by extension 'ignore'
[0.761s] Level 1:colcon.colcon_core.package_identification:_identify(src/my_robot_controller) by extension 'ignore_ament_install'
[0.761s] Level 1:colcon.colcon_core.package_identification:_identify(src/my_robot_controller) by extensions ['colcon_pkg']
[0.761s] Level 1:colcon.colcon_core.package_identification:_identify(src/my_robot_controller) by extension 'colcon_pkg'
[0.762s] Level 1:colcon.colcon_core.package_identification:_identify(src/my_robot_controller) by extensions ['colcon_meta']
[0.762s] Level 1:colcon.colcon_core.package_identification:_identify(src/my_robot_controller) by extension 'colcon_meta'
[0.762s] Level 1:colcon.colcon_core.package_identification:_identify(src/my_robot_controller) by extensions ['ros']
[0.762s] Level 1:colcon.colcon_core.package_identification:_identify(src/my_robot_controller) by extension 'ros'
[0.770s] DEBUG:colcon.colcon_core.package_identification:Package 'src/my_robot_controller' with type 'ros.ament_python' and name 'my_robot_controller'
[0.771s] Level 1:colcon.colcon_core.package_identification:_identify(src/sllidar_ros2) by extensions ['ignore', 'ignore_ament_install']
[0.771s] Level 1:colcon.colcon_core.package_identification:_identify(src/sllidar_ros2) by extension 'ignore'
[0.772s] Level 1:colcon.colcon_core.package_identification:_identify(src/sllidar_ros2) by extension 'ignore_ament_install'
[0.772s] Level 1:colcon.colcon_core.package_identification:_identify(src/sllidar_ros2) by extensions ['colcon_pkg']
[0.772s] Level 1:colcon.colcon_core.package_identification:_identify(src/sllidar_ros2) by extension 'colcon_pkg'
[0.772s] Level 1:colcon.colcon_core.package_identification:_identify(src/sllidar_ros2) by extensions ['colcon_meta']
[0.772s] Level 1:colcon.colcon_core.package_identification:_identify(src/sllidar_ros2) by extension 'colcon_meta'
[0.772s] Level 1:colcon.colcon_core.package_identification:_identify(src/sllidar_ros2) by extensions ['ros']
[0.773s] Level 1:colcon.colcon_core.package_identification:_identify(src/sllidar_ros2) by extension 'ros'
[0.775s] DEBUG:colcon.colcon_core.package_identification:Package 'src/sllidar_ros2' with type 'ros.ament_cmake' and name 'sllidar_ros2'
[0.775s] Level 1:colcon.colcon_core.package_discovery:discover_packages(recursive) using defaults
[0.776s] Level 1:colcon.colcon_core.package_discovery:discover_packages(ignore) discover
[0.776s] Level 1:colcon.colcon_core.package_discovery:discover_packages(ignore) using defaults
[0.776s] Level 1:colcon.colcon_core.package_discovery:discover_packages(path) discover
[0.776s] Level 1:colcon.colcon_core.package_discovery:discover_packages(path) using defaults
[0.852s] Level 1:colcon.colcon_core.package_discovery:discover_packages(prefix_path) check parameters
[0.852s] Level 1:colcon.colcon_core.package_discovery:discover_packages(prefix_path) discover
[0.861s] DEBUG:colcon.colcon_installed_package_information.package_discovery:Found 3 installed packages in /home/tomersi2/ros2_ws/install
[0.868s] DEBUG:colcon.colcon_installed_package_information.package_discovery:Found 241 installed packages in /opt/ros/humble
[0.878s] Level 1:colcon.colcon_core.package_discovery:discover_packages(prefix_path) using defaults
[1.031s] Level 5:colcon.colcon_core.verb:set package 'my_robot_controller' build argument 'cmake_args' from command line to 'None'
[1.031s] Level 5:colcon.colcon_core.verb:set package 'my_robot_controller' build argument 'cmake_target' from command line to 'None'
[1.031s] Level 5:colcon.colcon_core.verb:set package 'my_robot_controller' build argument 'cmake_target_skip_unavailable' from command line to 'False'
[1.031s] Level 5:colcon.colcon_core.verb:set package 'my_robot_controller' build argument 'cmake_clean_cache' from command line to 'False'
[1.031s] Level 5:colcon.colcon_core.verb:set package 'my_robot_controller' build argument 'cmake_clean_first' from command line to 'False'
[1.032s] Level 5:colcon.colcon_core.verb:set package 'my_robot_controller' build argument 'cmake_force_configure' from command line to 'False'
[1.032s] Level 5:colcon.colcon_core.verb:set package 'my_robot_controller' build argument 'ament_cmake_args' from command line to 'None'
[1.032s] Level 5:colcon.colcon_core.verb:set package 'my_robot_controller' build argument 'catkin_cmake_args' from command line to 'None'
[1.032s] Level 5:colcon.colcon_core.verb:set package 'my_robot_controller' build argument 'catkin_skip_building_tests' from command line to 'False'
[1.032s] DEBUG:colcon.colcon_core.verb:Building package 'my_robot_controller' with the following arguments: {'ament_cmake_args': None, 'build_base': '/home/tomersi2/ros2_ws/build/my_robot_controller', 'catkin_cmake_args': None, 'catkin_skip_building_tests': False, 'cmake_args': None, 'cmake_clean_cache': False, 'cmake_clean_first': False, 'cmake_force_configure': False, 'cmake_target': None, 'cmake_target_skip_unavailable': False, 'install_base': '/home/tomersi2/ros2_ws/install/my_robot_controller', 'merge_install': False, 'path': '/home/tomersi2/ros2_ws/src/my_robot_controller', 'symlink_install': False, 'test_result_base': None}
[1.034s] Level 5:colcon.colcon_core.verb:set package 'sllidar_ros2' build argument 'cmake_args' from command line to 'None'
[1.034s] Level 5:colcon.colcon_core.verb:set package 'sllidar_ros2' build argument 'cmake_target' from command line to 'None'
[1.034s] Level 5:colcon.colcon_core.verb:set package 'sllidar_ros2' build argument 'cmake_target_skip_unavailable' from command line to 'False'
[1.034s] Level 5:colcon.colcon_core.verb:set package 'sllidar_ros2' build argument 'cmake_clean_cache' from command line to 'False'
[1.034s] Level 5:colcon.colcon_core.verb:set package 'sllidar_ros2' build argument 'cmake_clean_first' from command line to 'False'
[1.034s] Level 5:colcon.colcon_core.verb:set package 'sllidar_ros2' build argument 'cmake_force_configure' from command line to 'False'
[1.034s] Level 5:colcon.colcon_core.verb:set package 'sllidar_ros2' build argument 'ament_cmake_args' from command line to 'None'
[1.034s] Level 5:colcon.colcon_core.verb:set package 'sllidar_ros2' build argument 'catkin_cmake_args' from command line to 'None'
[1.035s] Level 5:colcon.colcon_core.verb:set package 'sllidar_ros2' build argument 'catkin_skip_building_tests' from command line to 'False'
[1.035s] DEBUG:colcon.colcon_core.verb:Building package 'sllidar_ros2' with the following arguments: {'ament_cmake_args': None, 'build_base': '/home/tomersi2/ros2_ws/build/sllidar_ros2', 'catkin_cmake_args': None, 'catkin_skip_building_tests': False, 'cmake_args': None, 'cmake_clean_cache': False, 'cmake_clean_first': False, 'cmake_force_configure': False, 'cmake_target': None, 'cmake_target_skip_unavailable': False, 'install_base': '/home/tomersi2/ros2_ws/install/sllidar_ros2', 'merge_install': False, 'path': '/home/tomersi2/ros2_ws/src/sllidar_ros2', 'symlink_install': False, 'test_result_base': None}
[1.035s] INFO:colcon.colcon_core.executor:Executing jobs using 'parallel' executor
[1.038s] DEBUG:colcon.colcon_parallel_executor.executor.parallel:run_until_complete
[1.040s] INFO:colcon.colcon_ros.task.ament_python.build:Building ROS package in '/home/tomersi2/ros2_ws/src/my_robot_controller' with build type 'ament_python'
[1.040s] Level 1:colcon.colcon_core.shell:create_environment_hook('my_robot_controller', 'ament_prefix_path')
[1.049s] INFO:colcon.colcon_core.plugin_system:Skipping extension 'colcon_core.shell.bat': Not used on non-Windows systems
[1.050s] INFO:colcon.colcon_core.shell:Creating environment hook '/home/tomersi2/ros2_ws/install/my_robot_controller/share/my_robot_controller/hook/ament_prefix_path.ps1'
[1.053s] INFO:colcon.colcon_core.shell:Creating environment descriptor '/home/tomersi2/ros2_ws/install/my_robot_controller/share/my_robot_controller/hook/ament_prefix_path.dsv'
[1.055s] INFO:colcon.colcon_core.shell:Creating environment hook '/home/tomersi2/ros2_ws/install/my_robot_controller/share/my_robot_controller/hook/ament_prefix_path.sh'
[1.059s] INFO:colcon.colcon_core.shell:Skip shell extension 'powershell' for command environment: Not usable outside of PowerShell
[1.059s] DEBUG:colcon.colcon_core.shell:Skip shell extension 'dsv' for command environment
[1.077s] INFO:colcon.colcon_ros.task.ament_cmake.build:Building ROS package in '/home/tomersi2/ros2_ws/src/sllidar_ros2' with build type 'ament_cmake'
[1.078s] INFO:colcon.colcon_cmake.task.cmake.build:Building CMake package in '/home/tomersi2/ros2_ws/src/sllidar_ros2'
[1.080s] INFO:colcon.colcon_core.shell:Skip shell extension 'powershell' for command environment: Not usable outside of PowerShell
[1.082s] DEBUG:colcon.colcon_core.shell:Skip shell extension 'dsv' for command environment
[2.013s] INFO:colcon.colcon_core.task.python.build:Building Python package in '/home/tomersi2/ros2_ws/src/my_robot_controller'
[2.014s] INFO:colcon.colcon_core.shell:Skip shell extension 'powershell' for command environment: Not usable outside of PowerShell
[2.014s] DEBUG:colcon.colcon_core.shell:Skip shell extension 'dsv' for command environment
[2.052s] DEBUG:colcon.colcon_core.event_handler.log_command:Invoking command in '/home/tomersi2/ros2_ws/build/sllidar_ros2': CMAKE_PREFIX_PATH=${CMAKE_PREFIX_PATH}:/home/tomersi2/ros2_ws/install/my_robot_controller:/opt/ros/humble /usr/bin/cmake --build /home/tomersi2/ros2_ws/build/sllidar_ros2 -- -j4 -l4
[2.417s] DEBUG:colcon.colcon_core.event_handler.log_command:Invoked command in '/home/tomersi2/ros2_ws/build/sllidar_ros2' returned '0': CMAKE_PREFIX_PATH=${CMAKE_PREFIX_PATH}:/home/tomersi2/ros2_ws/install/my_robot_controller:/opt/ros/humble /usr/bin/cmake --build /home/tomersi2/ros2_ws/build/sllidar_ros2 -- -j4 -l4
[2.879s] DEBUG:colcon.colcon_core.event_handler.log_command:Invoking command in '/home/tomersi2/ros2_ws/build/sllidar_ros2': CMAKE_PREFIX_PATH=${CMAKE_PREFIX_PATH}:/home/tomersi2/ros2_ws/install/my_robot_controller:/opt/ros/humble /usr/bin/cmake --install /home/tomersi2/ros2_ws/build/sllidar_ros2
[3.000s] Level 1:colcon.colcon_core.environment:create_environment_scripts_only(sllidar_ros2)
[3.017s] Level 1:colcon.colcon_core.environment:checking '/home/tomersi2/ros2_ws/install/sllidar_ros2' for CMake module files
[3.018s] DEBUG:colcon.colcon_core.event_handler.log_command:Invoked command in '/home/tomersi2/ros2_ws/build/sllidar_ros2' returned '0': CMAKE_PREFIX_PATH=${CMAKE_PREFIX_PATH}:/home/tomersi2/ros2_ws/install/my_robot_controller:/opt/ros/humble /usr/bin/cmake --install /home/tomersi2/ros2_ws/build/sllidar_ros2
[3.022s] Level 1:colcon.colcon_core.environment:checking '/home/tomersi2/ros2_ws/install/sllidar_ros2' for CMake config files
[3.023s] Level 1:colcon.colcon_core.shell:create_environment_hook('sllidar_ros2', 'cmake_prefix_path')
[3.024s] INFO:colcon.colcon_core.shell:Creating environment hook '/home/tomersi2/ros2_ws/install/sllidar_ros2/share/sllidar_ros2/hook/cmake_prefix_path.ps1'
[3.026s] INFO:colcon.colcon_core.shell:Creating environment descriptor '/home/tomersi2/ros2_ws/install/sllidar_ros2/share/sllidar_ros2/hook/cmake_prefix_path.dsv'
[3.028s] INFO:colcon.colcon_core.shell:Creating environment hook '/home/tomersi2/ros2_ws/install/sllidar_ros2/share/sllidar_ros2/hook/cmake_prefix_path.sh'
[3.031s] Level 1:colcon.colcon_core.environment:checking '/home/tomersi2/ros2_ws/install/sllidar_ros2/lib'
[3.032s] Level 1:colcon.colcon_core.environment:checking '/home/tomersi2/ros2_ws/install/sllidar_ros2/bin'
[3.032s] Level 1:colcon.colcon_core.environment:checking '/home/tomersi2/ros2_ws/install/sllidar_ros2/lib/pkgconfig/sllidar_ros2.pc'
[3.033s] Level 1:colcon.colcon_core.environment:checking '/home/tomersi2/ros2_ws/install/sllidar_ros2/lib/python3.10/site-packages'
[3.035s] Level 1:colcon.colcon_core.environment:checking '/home/tomersi2/ros2_ws/install/sllidar_ros2/bin'
[3.036s] INFO:colcon.colcon_core.shell:Creating package script '/home/tomersi2/ros2_ws/install/sllidar_ros2/share/sllidar_ros2/package.ps1'
[3.040s] INFO:colcon.colcon_core.shell:Creating package descriptor '/home/tomersi2/ros2_ws/install/sllidar_ros2/share/sllidar_ros2/package.dsv'
[3.043s] INFO:colcon.colcon_core.shell:Creating package script '/home/tomersi2/ros2_ws/install/sllidar_ros2/share/sllidar_ros2/package.sh'
[3.047s] INFO:colcon.colcon_core.shell:Creating package script '/home/tomersi2/ros2_ws/install/sllidar_ros2/share/sllidar_ros2/package.bash'
[3.050s] INFO:colcon.colcon_core.shell:Creating package script '/home/tomersi2/ros2_ws/install/sllidar_ros2/share/sllidar_ros2/package.zsh'
[3.054s] Level 1:colcon.colcon_core.environment:create_file_with_runtime_dependencies(/home/tomersi2/ros2_ws/install/sllidar_ros2/share/colcon-core/packages/sllidar_ros2)
[3.470s] Level 1:colcon.colcon_core.environment:create_environment_scripts_only(sllidar_ros2)
[3.471s] Level 1:colcon.colcon_core.environment:checking '/home/tomersi2/ros2_ws/install/sllidar_ros2' for CMake module files
[3.475s] Level 1:colcon.colcon_core.environment:checking '/home/tomersi2/ros2_ws/install/sllidar_ros2' for CMake config files
[3.476s] Level 1:colcon.colcon_core.shell:create_environment_hook('sllidar_ros2', 'cmake_prefix_path')
[3.477s] INFO:colcon.colcon_core.shell:Creating environment hook '/home/tomersi2/ros2_ws/install/sllidar_ros2/share/sllidar_ros2/hook/cmake_prefix_path.ps1'
[3.479s] INFO:colcon.colcon_core.shell:Creating environment descriptor '/home/tomersi2/ros2_ws/install/sllidar_ros2/share/sllidar_ros2/hook/cmake_prefix_path.dsv'
[3.481s] INFO:colcon.colcon_core.shell:Creating environment hook '/home/tomersi2/ros2_ws/install/sllidar_ros2/share/sllidar_ros2/hook/cmake_prefix_path.sh'
[3.483s] Level 1:colcon.colcon_core.environment:checking '/home/tomersi2/ros2_ws/install/sllidar_ros2/lib'
[3.484s] Level 1:colcon.colcon_core.environment:checking '/home/tomersi2/ros2_ws/install/sllidar_ros2/bin'
[3.484s] Level 1:colcon.colcon_core.environment:checking '/home/tomersi2/ros2_ws/install/sllidar_ros2/lib/pkgconfig/sllidar_ros2.pc'
[3.485s] Level 1:colcon.colcon_core.environment:checking '/home/tomersi2/ros2_ws/install/sllidar_ros2/lib/python3.10/site-packages'
[3.486s] Level 1:colcon.colcon_core.environment:checking '/home/tomersi2/ros2_ws/install/sllidar_ros2/bin'
[3.488s] INFO:colcon.colcon_core.shell:Creating package script '/home/tomersi2/ros2_ws/install/sllidar_ros2/share/sllidar_ros2/package.ps1'
[3.490s] INFO:colcon.colcon_core.shell:Creating package descriptor '/home/tomersi2/ros2_ws/install/sllidar_ros2/share/sllidar_ros2/package.dsv'
[3.493s] INFO:colcon.colcon_core.shell:Creating package script '/home/tomersi2/ros2_ws/install/sllidar_ros2/share/sllidar_ros2/package.sh'
[3.495s] INFO:colcon.colcon_core.shell:Creating package script '/home/tomersi2/ros2_ws/install/sllidar_ros2/share/sllidar_ros2/package.bash'
[3.499s] INFO:colcon.colcon_core.shell:Creating package script '/home/tomersi2/ros2_ws/install/sllidar_ros2/share/sllidar_ros2/package.zsh'
[3.502s] Level 1:colcon.colcon_core.environment:create_file_with_runtime_dependencies(/home/tomersi2/ros2_ws/install/sllidar_ros2/share/colcon-core/packages/sllidar_ros2)
[4.528s] DEBUG:colcon.colcon_core.event_handler.log_command:Invoking command in '/home/tomersi2/ros2_ws/src/my_robot_controller': PYTHONPATH=/home/tomersi2/ros2_ws/build/my_robot_controller/prefix_override:/home/tomersi2/ros2_ws/install/my_robot_controller/lib/python3.10/site-packages:${PYTHONPATH} /usr/bin/python3 -W ignore:setup.py install is deprecated setup.py egg_info --egg-base ../../build/my_robot_controller build --build-base /home/tomersi2/ros2_ws/build/my_robot_controller/build install --record /home/tomersi2/ros2_ws/build/my_robot_controller/install.log --single-version-externally-managed install_data
[6.541s] Level 1:colcon.colcon_core.environment:checking '/home/tomersi2/ros2_ws/install/my_robot_controller' for CMake module files
[6.543s] DEBUG:colcon.colcon_core.event_handler.log_command:Invoked command in '/home/tomersi2/ros2_ws/src/my_robot_controller' returned '0': PYTHONPATH=/home/tomersi2/ros2_ws/build/my_robot_controller/prefix_override:/home/tomersi2/ros2_ws/install/my_robot_controller/lib/python3.10/site-packages:${PYTHONPATH} /usr/bin/python3 -W ignore:setup.py install is deprecated setup.py egg_info --egg-base ../../build/my_robot_controller build --build-base /home/tomersi2/ros2_ws/build/my_robot_controller/build install --record /home/tomersi2/ros2_ws/build/my_robot_controller/install.log --single-version-externally-managed install_data
[6.545s] Level 1:colcon.colcon_core.environment:checking '/home/tomersi2/ros2_ws/install/my_robot_controller' for CMake config files
[6.549s] Level 1:colcon.colcon_core.environment:checking '/home/tomersi2/ros2_ws/install/my_robot_controller/lib'
[6.549s] Level 1:colcon.colcon_core.environment:checking '/home/tomersi2/ros2_ws/install/my_robot_controller/bin'
[6.550s] Level 1:colcon.colcon_core.environment:checking '/home/tomersi2/ros2_ws/install/my_robot_controller/lib/pkgconfig/my_robot_controller.pc'
[6.551s] Level 1:colcon.colcon_core.environment:checking '/home/tomersi2/ros2_ws/install/my_robot_controller/lib/python3.10/site-packages'
[6.551s] Level 1:colcon.colcon_core.shell:create_environment_hook('my_robot_controller', 'pythonpath')
[6.553s] INFO:colcon.colcon_core.shell:Creating environment hook '/home/tomersi2/ros2_ws/install/my_robot_controller/share/my_robot_controller/hook/pythonpath.ps1'
[6.559s] INFO:colcon.colcon_core.shell:Creating environment descriptor '/home/tomersi2/ros2_ws/install/my_robot_controller/share/my_robot_controller/hook/pythonpath.dsv'
[6.628s] INFO:colcon.colcon_core.shell:Creating environment hook '/home/tomersi2/ros2_ws/install/my_robot_controller/share/my_robot_controller/hook/pythonpath.sh'
[6.633s] Level 1:colcon.colcon_core.environment:checking '/home/tomersi2/ros2_ws/install/my_robot_controller/bin'
[6.634s] Level 1:colcon.colcon_core.environment:create_environment_scripts_only(my_robot_controller)
[6.636s] INFO:colcon.colcon_core.shell:Creating package script '/home/tomersi2/ros2_ws/install/my_robot_controller/share/my_robot_controller/package.ps1'
[6.639s] INFO:colcon.colcon_core.shell:Creating package descriptor '/home/tomersi2/ros2_ws/install/my_robot_controller/share/my_robot_controller/package.dsv'
[6.641s] INFO:colcon.colcon_core.shell:Creating package script '/home/tomersi2/ros2_ws/install/my_robot_controller/share/my_robot_controller/package.sh'
[6.642s] INFO:colcon.colcon_core.shell:Creating package script '/home/tomersi2/ros2_ws/install/my_robot_controller/share/my_robot_controller/package.bash'
[6.644s] INFO:colcon.colcon_core.shell:Creating package script '/home/tomersi2/ros2_ws/install/my_robot_controller/share/my_robot_controller/package.zsh'
[6.645s] Level 1:colcon.colcon_core.environment:create_file_with_runtime_dependencies(/home/tomersi2/ros2_ws/install/my_robot_controller/share/colcon-core/packages/my_robot_controller)
[6.646s] DEBUG:colcon.colcon_parallel_executor.executor.parallel:closing loop
[6.647s] DEBUG:colcon.colcon_parallel_executor.executor.parallel:loop closed
[6.648s] DEBUG:colcon.colcon_parallel_executor.executor.parallel:run_until_complete finished with '0'
[6.648s] DEBUG:colcon.colcon_core.event_reactor:joining thread
[6.674s] INFO:colcon.colcon_core.plugin_system:Skipping extension 'colcon_notification.desktop_notification.terminal_notifier': Not used on non-Darwin systems
[6.675s] INFO:colcon.colcon_core.plugin_system:Skipping extension 'colcon_notification.desktop_notification.win32': Not used on non-Windows systems
[6.675s] INFO:colcon.colcon_notification.desktop_notification:Sending desktop notification using 'notify2'
[6.729s] DEBUG:colcon.colcon_core.event_reactor:joined thread
[6.730s] INFO:colcon.colcon_core.shell:Creating prefix script '/home/tomersi2/ros2_ws/install/local_setup.ps1'
[6.735s] INFO:colcon.colcon_core.shell:Creating prefix util module '/home/tomersi2/ros2_ws/install/_local_setup_util_ps1.py'
[6.743s] INFO:colcon.colcon_core.shell:Creating prefix chain script '/home/tomersi2/ros2_ws/install/setup.ps1'
[6.750s] INFO:colcon.colcon_core.shell:Creating prefix script '/home/tomersi2/ros2_ws/install/local_setup.sh'
[6.756s] INFO:colcon.colcon_core.shell:Creating prefix util module '/home/tomersi2/ros2_ws/install/_local_setup_util_sh.py'
[6.759s] INFO:colcon.colcon_core.shell:Creating prefix chain script '/home/tomersi2/ros2_ws/install/setup.sh'
[6.765s] INFO:colcon.colcon_core.shell:Creating prefix script '/home/tomersi2/ros2_ws/install/local_setup.bash'
[6.769s] INFO:colcon.colcon_core.shell:Creating prefix chain script '/home/tomersi2/ros2_ws/install/setup.bash'
[6.776s] INFO:colcon.colcon_core.shell:Creating prefix script '/home/tomersi2/ros2_ws/install/local_setup.zsh'
[6.782s] INFO:colcon.colcon_core.shell:Creating prefix chain script '/home/tomersi2/ros2_ws/install/setup.zsh'
