[0.935s] DEBUG:colcon:Command line arguments: ['/usr/bin/colcon', 'build']
[0.937s] DEBUG:colcon:Parsed command line arguments: Namespace(log_base=None, log_level=None, verb_name='build', build_base='build', install_base='install', merge_install=False, symlink_install=False, test_result_base=None, continue_on_error=False, executor='parallel', parallel_workers=4, event_handlers=None, ignore_user_meta=False, metas=['./colcon.meta'], base_paths=['.'], packages_ignore=None, packages_ignore_regex=None, paths=None, packages_up_to=None, packages_up_to_regex=None, packages_above=None, packages_above_and_dependencies=None, packages_above_depth=None, packages_select_by_dep=None, packages_skip_by_dep=None, packages_skip_up_to=None, packages_select_build_failed=False, packages_skip_build_finished=False, packages_select_test_failures=False, packages_skip_test_passed=False, packages_select=None, packages_skip=None, packages_select_regex=None, packages_skip_regex=None, packages_start=None, packages_end=None, allow_overriding=[], cmake_args=None, cmake_target=None, cmake_target_skip_unavailable=False, cmake_clean_cache=False, cmake_clean_first=False, cmake_force_configure=False, ament_cmake_args=None, catkin_cmake_args=None, catkin_skip_building_tests=False, verb_parser=<colcon_defaults.argument_parser.defaults.DefaultArgumentsDecorator object at 0xffff9940e3b0>, verb_extension=<colcon_core.verb.build.BuildVerb object at 0xffff9959efb0>, main=<bound method BuildVerb.main of <colcon_core.verb.build.BuildVerb object at 0xffff9959efb0>>)
[1.273s] Level 1:colcon.colcon_core.package_discovery:discover_packages(colcon_meta) check parameters
[1.275s] Level 1:colcon.colcon_core.package_discovery:discover_packages(recursive) check parameters
[1.275s] Level 1:colcon.colcon_core.package_discovery:discover_packages(ignore) check parameters
[1.276s] Level 1:colcon.colcon_core.package_discovery:discover_packages(path) check parameters
[1.276s] Level 1:colcon.colcon_core.package_discovery:discover_packages(colcon_meta) discover
[1.277s] Level 1:colcon.colcon_core.package_discovery:discover_packages(recursive) discover
[1.277s] INFO:colcon.colcon_core.package_discovery:Crawling recursively for packages in '/home/tomersi2/ros2_ws'
[1.279s] Level 1:colcon.colcon_core.package_identification:_identify(.) by extensions ['ignore', 'ignore_ament_install']
[1.280s] Level 1:colcon.colcon_core.package_identification:_identify(.) by extension 'ignore'
[1.281s] Level 1:colcon.colcon_core.package_identification:_identify(.) by extension 'ignore_ament_install'
[1.282s] Level 1:colcon.colcon_core.package_identification:_identify(.) by extensions ['colcon_pkg']
[1.282s] Level 1:colcon.colcon_core.package_identification:_identify(.) by extension 'colcon_pkg'
[1.283s] Level 1:colcon.colcon_core.package_identification:_identify(.) by extensions ['colcon_meta']
[1.284s] Level 1:colcon.colcon_core.package_identification:_identify(.) by extension 'colcon_meta'
[1.285s] Level 1:colcon.colcon_core.package_identification:_identify(.) by extensions ['ros']
[1.286s] Level 1:colcon.colcon_core.package_identification:_identify(.) by extension 'ros'
[1.419s] Level 1:colcon.colcon_core.package_identification:_identify(.) by extensions ['cmake', 'python']
[1.420s] Level 1:colcon.colcon_core.package_identification:_identify(.) by extension 'cmake'
[1.421s] Level 1:colcon.colcon_core.package_identification:_identify(.) by extension 'python'
[1.422s] Level 1:colcon.colcon_core.package_identification:_identify(.) by extensions ['python_setup_py']
[1.423s] Level 1:colcon.colcon_core.package_identification:_identify(.) by extension 'python_setup_py'
[1.425s] Level 1:colcon.colcon_core.package_identification:_identify(build) by extensions ['ignore', 'ignore_ament_install']
[1.428s] Level 1:colcon.colcon_core.package_identification:_identify(build) by extension 'ignore'
[1.430s] Level 1:colcon.colcon_core.package_identification:_identify(build) ignored
[1.433s] Level 1:colcon.colcon_core.package_identification:_identify(install) by extensions ['ignore', 'ignore_ament_install']
[1.434s] Level 1:colcon.colcon_core.package_identification:_identify(install) by extension 'ignore'
[1.435s] Level 1:colcon.colcon_core.package_identification:_identify(install) ignored
[1.438s] Level 1:colcon.colcon_core.package_identification:_identify(log) by extensions ['ignore', 'ignore_ament_install']
[1.439s] Level 1:colcon.colcon_core.package_identification:_identify(log) by extension 'ignore'
[1.440s] Level 1:colcon.colcon_core.package_identification:_identify(log) ignored
[1.441s] Level 1:colcon.colcon_core.package_identification:_identify(src) by extensions ['ignore', 'ignore_ament_install']
[1.442s] Level 1:colcon.colcon_core.package_identification:_identify(src) by extension 'ignore'
[1.443s] Level 1:colcon.colcon_core.package_identification:_identify(src) by extension 'ignore_ament_install'
[1.443s] Level 1:colcon.colcon_core.package_identification:_identify(src) by extensions ['colcon_pkg']
[1.443s] Level 1:colcon.colcon_core.package_identification:_identify(src) by extension 'colcon_pkg'
[1.443s] Level 1:colcon.colcon_core.package_identification:_identify(src) by extensions ['colcon_meta']
[1.444s] Level 1:colcon.colcon_core.package_identification:_identify(src) by extension 'colcon_meta'
[1.444s] Level 1:colcon.colcon_core.package_identification:_identify(src) by extensions ['ros']
[1.444s] Level 1:colcon.colcon_core.package_identification:_identify(src) by extension 'ros'
[1.445s] Level 1:colcon.colcon_core.package_identification:_identify(src) by extensions ['cmake', 'python']
[1.445s] Level 1:colcon.colcon_core.package_identification:_identify(src) by extension 'cmake'
[1.445s] Level 1:colcon.colcon_core.package_identification:_identify(src) by extension 'python'
[1.445s] Level 1:colcon.colcon_core.package_identification:_identify(src) by extensions ['python_setup_py']
[1.445s] Level 1:colcon.colcon_core.package_identification:_identify(src) by extension 'python_setup_py'
[1.446s] Level 1:colcon.colcon_core.package_identification:_identify(src/my_robot_controller) by extensions ['ignore', 'ignore_ament_install']
[1.447s] Level 1:colcon.colcon_core.package_identification:_identify(src/my_robot_controller) by extension 'ignore'
[1.447s] Level 1:colcon.colcon_core.package_identification:_identify(src/my_robot_controller) by extension 'ignore_ament_install'
[1.447s] Level 1:colcon.colcon_core.package_identification:_identify(src/my_robot_controller) by extensions ['colcon_pkg']
[1.448s] Level 1:colcon.colcon_core.package_identification:_identify(src/my_robot_controller) by extension 'colcon_pkg'
[1.448s] Level 1:colcon.colcon_core.package_identification:_identify(src/my_robot_controller) by extensions ['colcon_meta']
[1.448s] Level 1:colcon.colcon_core.package_identification:_identify(src/my_robot_controller) by extension 'colcon_meta'
[1.448s] Level 1:colcon.colcon_core.package_identification:_identify(src/my_robot_controller) by extensions ['ros']
[1.448s] Level 1:colcon.colcon_core.package_identification:_identify(src/my_robot_controller) by extension 'ros'
[1.465s] DEBUG:colcon.colcon_core.package_identification:Package 'src/my_robot_controller' with type 'ros.ament_python' and name 'my_robot_controller'
[1.467s] Level 1:colcon.colcon_core.package_identification:_identify(src/sllidar_ros2) by extensions ['ignore', 'ignore_ament_install']
[1.468s] Level 1:colcon.colcon_core.package_identification:_identify(src/sllidar_ros2) by extension 'ignore'
[1.468s] Level 1:colcon.colcon_core.package_identification:_identify(src/sllidar_ros2) by extension 'ignore_ament_install'
[1.469s] Level 1:colcon.colcon_core.package_identification:_identify(src/sllidar_ros2) by extensions ['colcon_pkg']
[1.469s] Level 1:colcon.colcon_core.package_identification:_identify(src/sllidar_ros2) by extension 'colcon_pkg'
[1.470s] Level 1:colcon.colcon_core.package_identification:_identify(src/sllidar_ros2) by extensions ['colcon_meta']
[1.470s] Level 1:colcon.colcon_core.package_identification:_identify(src/sllidar_ros2) by extension 'colcon_meta'
[1.471s] Level 1:colcon.colcon_core.package_identification:_identify(src/sllidar_ros2) by extensions ['ros']
[1.472s] Level 1:colcon.colcon_core.package_identification:_identify(src/sllidar_ros2) by extension 'ros'
[1.479s] DEBUG:colcon.colcon_core.package_identification:Package 'src/sllidar_ros2' with type 'ros.ament_cmake' and name 'sllidar_ros2'
[1.480s] Level 1:colcon.colcon_core.package_discovery:discover_packages(recursive) using defaults
[1.481s] Level 1:colcon.colcon_core.package_discovery:discover_packages(ignore) discover
[1.482s] Level 1:colcon.colcon_core.package_discovery:discover_packages(ignore) using defaults
[1.482s] Level 1:colcon.colcon_core.package_discovery:discover_packages(path) discover
[1.483s] Level 1:colcon.colcon_core.package_discovery:discover_packages(path) using defaults
[1.631s] Level 1:colcon.colcon_core.package_discovery:discover_packages(prefix_path) check parameters
[1.632s] Level 1:colcon.colcon_core.package_discovery:discover_packages(prefix_path) discover
[1.659s] DEBUG:colcon.colcon_installed_package_information.package_discovery:Found 3 installed packages in /home/tomersi2/ros2_ws/install
[1.671s] DEBUG:colcon.colcon_installed_package_information.package_discovery:Found 241 installed packages in /opt/ros/humble
[1.691s] Level 1:colcon.colcon_core.package_discovery:discover_packages(prefix_path) using defaults
[1.950s] Level 5:colcon.colcon_core.verb:set package 'my_robot_controller' build argument 'cmake_args' from command line to 'None'
[1.951s] Level 5:colcon.colcon_core.verb:set package 'my_robot_controller' build argument 'cmake_target' from command line to 'None'
[1.952s] Level 5:colcon.colcon_core.verb:set package 'my_robot_controller' build argument 'cmake_target_skip_unavailable' from command line to 'False'
[1.952s] Level 5:colcon.colcon_core.verb:set package 'my_robot_controller' build argument 'cmake_clean_cache' from command line to 'False'
[1.952s] Level 5:colcon.colcon_core.verb:set package 'my_robot_controller' build argument 'cmake_clean_first' from command line to 'False'
[1.952s] Level 5:colcon.colcon_core.verb:set package 'my_robot_controller' build argument 'cmake_force_configure' from command line to 'False'
[1.952s] Level 5:colcon.colcon_core.verb:set package 'my_robot_controller' build argument 'ament_cmake_args' from command line to 'None'
[1.952s] Level 5:colcon.colcon_core.verb:set package 'my_robot_controller' build argument 'catkin_cmake_args' from command line to 'None'
[1.952s] Level 5:colcon.colcon_core.verb:set package 'my_robot_controller' build argument 'catkin_skip_building_tests' from command line to 'False'
[1.953s] DEBUG:colcon.colcon_core.verb:Building package 'my_robot_controller' with the following arguments: {'ament_cmake_args': None, 'build_base': '/home/tomersi2/ros2_ws/build/my_robot_controller', 'catkin_cmake_args': None, 'catkin_skip_building_tests': False, 'cmake_args': None, 'cmake_clean_cache': False, 'cmake_clean_first': False, 'cmake_force_configure': False, 'cmake_target': None, 'cmake_target_skip_unavailable': False, 'install_base': '/home/tomersi2/ros2_ws/install/my_robot_controller', 'merge_install': False, 'path': '/home/tomersi2/ros2_ws/src/my_robot_controller', 'symlink_install': False, 'test_result_base': None}
[1.956s] Level 5:colcon.colcon_core.verb:set package 'sllidar_ros2' build argument 'cmake_args' from command line to 'None'
[1.956s] Level 5:colcon.colcon_core.verb:set package 'sllidar_ros2' build argument 'cmake_target' from command line to 'None'
[1.956s] Level 5:colcon.colcon_core.verb:set package 'sllidar_ros2' build argument 'cmake_target_skip_unavailable' from command line to 'False'
[1.956s] Level 5:colcon.colcon_core.verb:set package 'sllidar_ros2' build argument 'cmake_clean_cache' from command line to 'False'
[1.957s] Level 5:colcon.colcon_core.verb:set package 'sllidar_ros2' build argument 'cmake_clean_first' from command line to 'False'
[1.957s] Level 5:colcon.colcon_core.verb:set package 'sllidar_ros2' build argument 'cmake_force_configure' from command line to 'False'
[1.957s] Level 5:colcon.colcon_core.verb:set package 'sllidar_ros2' build argument 'ament_cmake_args' from command line to 'None'
[1.957s] Level 5:colcon.colcon_core.verb:set package 'sllidar_ros2' build argument 'catkin_cmake_args' from command line to 'None'
[1.957s] Level 5:colcon.colcon_core.verb:set package 'sllidar_ros2' build argument 'catkin_skip_building_tests' from command line to 'False'
[1.958s] DEBUG:colcon.colcon_core.verb:Building package 'sllidar_ros2' with the following arguments: {'ament_cmake_args': None, 'build_base': '/home/tomersi2/ros2_ws/build/sllidar_ros2', 'catkin_cmake_args': None, 'catkin_skip_building_tests': False, 'cmake_args': None, 'cmake_clean_cache': False, 'cmake_clean_first': False, 'cmake_force_configure': False, 'cmake_target': None, 'cmake_target_skip_unavailable': False, 'install_base': '/home/tomersi2/ros2_ws/install/sllidar_ros2', 'merge_install': False, 'path': '/home/tomersi2/ros2_ws/src/sllidar_ros2', 'symlink_install': False, 'test_result_base': None}
[1.959s] INFO:colcon.colcon_core.executor:Executing jobs using 'parallel' executor
[1.968s] DEBUG:colcon.colcon_parallel_executor.executor.parallel:run_until_complete
[1.971s] INFO:colcon.colcon_ros.task.ament_python.build:Building ROS package in '/home/tomersi2/ros2_ws/src/my_robot_controller' with build type 'ament_python'
[1.973s] Level 1:colcon.colcon_core.shell:create_environment_hook('my_robot_controller', 'ament_prefix_path')
[2.002s] INFO:colcon.colcon_core.plugin_system:Skipping extension 'colcon_core.shell.bat': Not used on non-Windows systems
[2.004s] INFO:colcon.colcon_core.shell:Creating environment hook '/home/tomersi2/ros2_ws/install/my_robot_controller/share/my_robot_controller/hook/ament_prefix_path.ps1'
[2.010s] INFO:colcon.colcon_core.shell:Creating environment descriptor '/home/tomersi2/ros2_ws/install/my_robot_controller/share/my_robot_controller/hook/ament_prefix_path.dsv'
[2.014s] INFO:colcon.colcon_core.shell:Creating environment hook '/home/tomersi2/ros2_ws/install/my_robot_controller/share/my_robot_controller/hook/ament_prefix_path.sh'
[2.021s] INFO:colcon.colcon_core.shell:Skip shell extension 'powershell' for command environment: Not usable outside of PowerShell
[2.022s] DEBUG:colcon.colcon_core.shell:Skip shell extension 'dsv' for command environment
[2.054s] INFO:colcon.colcon_ros.task.ament_cmake.build:Building ROS package in '/home/tomersi2/ros2_ws/src/sllidar_ros2' with build type 'ament_cmake'
[2.057s] INFO:colcon.colcon_cmake.task.cmake.build:Building CMake package in '/home/tomersi2/ros2_ws/src/sllidar_ros2'
[2.060s] INFO:colcon.colcon_core.shell:Skip shell extension 'powershell' for command environment: Not usable outside of PowerShell
[2.062s] DEBUG:colcon.colcon_core.shell:Skip shell extension 'dsv' for command environment
[4.191s] INFO:colcon.colcon_core.task.python.build:Building Python package in '/home/tomersi2/ros2_ws/src/my_robot_controller'
[4.194s] INFO:colcon.colcon_core.shell:Skip shell extension 'powershell' for command environment: Not usable outside of PowerShell
[4.195s] DEBUG:colcon.colcon_core.shell:Skip shell extension 'dsv' for command environment
[4.274s] DEBUG:colcon.colcon_core.event_handler.log_command:Invoking command in '/home/tomersi2/ros2_ws/build/sllidar_ros2': CMAKE_PREFIX_PATH=${CMAKE_PREFIX_PATH}:/home/tomersi2/ros2_ws/install/my_robot_controller:/opt/ros/humble /usr/bin/cmake --build /home/tomersi2/ros2_ws/build/sllidar_ros2 -- -j4 -l4
[5.094s] DEBUG:colcon.colcon_core.event_handler.log_command:Invoked command in '/home/tomersi2/ros2_ws/build/sllidar_ros2' returned '0': CMAKE_PREFIX_PATH=${CMAKE_PREFIX_PATH}:/home/tomersi2/ros2_ws/install/my_robot_controller:/opt/ros/humble /usr/bin/cmake --build /home/tomersi2/ros2_ws/build/sllidar_ros2 -- -j4 -l4
[6.044s] DEBUG:colcon.colcon_core.event_handler.log_command:Invoking command in '/home/tomersi2/ros2_ws/build/sllidar_ros2': CMAKE_PREFIX_PATH=${CMAKE_PREFIX_PATH}:/home/tomersi2/ros2_ws/install/my_robot_controller:/opt/ros/humble /usr/bin/cmake --install /home/tomersi2/ros2_ws/build/sllidar_ros2
[6.347s] Level 1:colcon.colcon_core.environment:create_environment_scripts_only(sllidar_ros2)
[6.351s] DEBUG:colcon.colcon_core.event_handler.log_command:Invoked command in '/home/tomersi2/ros2_ws/build/sllidar_ros2' returned '0': CMAKE_PREFIX_PATH=${CMAKE_PREFIX_PATH}:/home/tomersi2/ros2_ws/install/my_robot_controller:/opt/ros/humble /usr/bin/cmake --install /home/tomersi2/ros2_ws/build/sllidar_ros2
[6.392s] Level 1:colcon.colcon_core.environment:checking '/home/tomersi2/ros2_ws/install/sllidar_ros2' for CMake module files
[6.400s] Level 1:colcon.colcon_core.environment:checking '/home/tomersi2/ros2_ws/install/sllidar_ros2' for CMake config files
[6.403s] Level 1:colcon.colcon_core.shell:create_environment_hook('sllidar_ros2', 'cmake_prefix_path')
[6.406s] INFO:colcon.colcon_core.shell:Creating environment hook '/home/tomersi2/ros2_ws/install/sllidar_ros2/share/sllidar_ros2/hook/cmake_prefix_path.ps1'
[6.412s] INFO:colcon.colcon_core.shell:Creating environment descriptor '/home/tomersi2/ros2_ws/install/sllidar_ros2/share/sllidar_ros2/hook/cmake_prefix_path.dsv'
[6.419s] INFO:colcon.colcon_core.shell:Creating environment hook '/home/tomersi2/ros2_ws/install/sllidar_ros2/share/sllidar_ros2/hook/cmake_prefix_path.sh'
[6.430s] Level 1:colcon.colcon_core.environment:checking '/home/tomersi2/ros2_ws/install/sllidar_ros2/lib'
[6.432s] Level 1:colcon.colcon_core.environment:checking '/home/tomersi2/ros2_ws/install/sllidar_ros2/bin'
[6.433s] Level 1:colcon.colcon_core.environment:checking '/home/tomersi2/ros2_ws/install/sllidar_ros2/lib/pkgconfig/sllidar_ros2.pc'
[6.436s] Level 1:colcon.colcon_core.environment:checking '/home/tomersi2/ros2_ws/install/sllidar_ros2/lib/python3.10/site-packages'
[6.440s] Level 1:colcon.colcon_core.environment:checking '/home/tomersi2/ros2_ws/install/sllidar_ros2/bin'
[6.444s] INFO:colcon.colcon_core.shell:Creating package script '/home/tomersi2/ros2_ws/install/sllidar_ros2/share/sllidar_ros2/package.ps1'
[6.454s] INFO:colcon.colcon_core.shell:Creating package descriptor '/home/tomersi2/ros2_ws/install/sllidar_ros2/share/sllidar_ros2/package.dsv'
[6.462s] INFO:colcon.colcon_core.shell:Creating package script '/home/tomersi2/ros2_ws/install/sllidar_ros2/share/sllidar_ros2/package.sh'
[6.468s] INFO:colcon.colcon_core.shell:Creating package script '/home/tomersi2/ros2_ws/install/sllidar_ros2/share/sllidar_ros2/package.bash'
[6.478s] INFO:colcon.colcon_core.shell:Creating package script '/home/tomersi2/ros2_ws/install/sllidar_ros2/share/sllidar_ros2/package.zsh'
[6.487s] Level 1:colcon.colcon_core.environment:create_file_with_runtime_dependencies(/home/tomersi2/ros2_ws/install/sllidar_ros2/share/colcon-core/packages/sllidar_ros2)
[7.385s] Level 1:colcon.colcon_core.environment:create_environment_scripts_only(sllidar_ros2)
[7.389s] Level 1:colcon.colcon_core.environment:checking '/home/tomersi2/ros2_ws/install/sllidar_ros2' for CMake module files
[7.395s] Level 1:colcon.colcon_core.environment:checking '/home/tomersi2/ros2_ws/install/sllidar_ros2' for CMake config files
[7.398s] Level 1:colcon.colcon_core.shell:create_environment_hook('sllidar_ros2', 'cmake_prefix_path')
[7.400s] INFO:colcon.colcon_core.shell:Creating environment hook '/home/tomersi2/ros2_ws/install/sllidar_ros2/share/sllidar_ros2/hook/cmake_prefix_path.ps1'
[7.407s] INFO:colcon.colcon_core.shell:Creating environment descriptor '/home/tomersi2/ros2_ws/install/sllidar_ros2/share/sllidar_ros2/hook/cmake_prefix_path.dsv'
[7.413s] INFO:colcon.colcon_core.shell:Creating environment hook '/home/tomersi2/ros2_ws/install/sllidar_ros2/share/sllidar_ros2/hook/cmake_prefix_path.sh'
[7.424s] Level 1:colcon.colcon_core.environment:checking '/home/tomersi2/ros2_ws/install/sllidar_ros2/lib'
[7.425s] Level 1:colcon.colcon_core.environment:checking '/home/tomersi2/ros2_ws/install/sllidar_ros2/bin'
[7.426s] Level 1:colcon.colcon_core.environment:checking '/home/tomersi2/ros2_ws/install/sllidar_ros2/lib/pkgconfig/sllidar_ros2.pc'
[7.428s] Level 1:colcon.colcon_core.environment:checking '/home/tomersi2/ros2_ws/install/sllidar_ros2/lib/python3.10/site-packages'
[7.429s] Level 1:colcon.colcon_core.environment:checking '/home/tomersi2/ros2_ws/install/sllidar_ros2/bin'
[7.431s] INFO:colcon.colcon_core.shell:Creating package script '/home/tomersi2/ros2_ws/install/sllidar_ros2/share/sllidar_ros2/package.ps1'
[7.438s] INFO:colcon.colcon_core.shell:Creating package descriptor '/home/tomersi2/ros2_ws/install/sllidar_ros2/share/sllidar_ros2/package.dsv'
[7.445s] INFO:colcon.colcon_core.shell:Creating package script '/home/tomersi2/ros2_ws/install/sllidar_ros2/share/sllidar_ros2/package.sh'
[7.456s] INFO:colcon.colcon_core.shell:Creating package script '/home/tomersi2/ros2_ws/install/sllidar_ros2/share/sllidar_ros2/package.bash'
[7.462s] INFO:colcon.colcon_core.shell:Creating package script '/home/tomersi2/ros2_ws/install/sllidar_ros2/share/sllidar_ros2/package.zsh'
[7.468s] Level 1:colcon.colcon_core.environment:create_file_with_runtime_dependencies(/home/tomersi2/ros2_ws/install/sllidar_ros2/share/colcon-core/packages/sllidar_ros2)
[10.148s] DEBUG:colcon.colcon_core.event_handler.log_command:Invoking command in '/home/tomersi2/ros2_ws/src/my_robot_controller': PYTHONPATH=/home/tomersi2/ros2_ws/build/my_robot_controller/prefix_override:/home/tomersi2/ros2_ws/install/my_robot_controller/lib/python3.10/site-packages:${PYTHONPATH} /usr/bin/python3 -W ignore:setup.py install is deprecated setup.py egg_info --egg-base ../../build/my_robot_controller build --build-base /home/tomersi2/ros2_ws/build/my_robot_controller/build install --record /home/tomersi2/ros2_ws/build/my_robot_controller/install.log --single-version-externally-managed install_data
[15.300s] Level 1:colcon.colcon_core.environment:checking '/home/tomersi2/ros2_ws/install/my_robot_controller' for CMake module files
[15.305s] DEBUG:colcon.colcon_core.event_handler.log_command:Invoked command in '/home/tomersi2/ros2_ws/src/my_robot_controller' returned '0': PYTHONPATH=/home/tomersi2/ros2_ws/build/my_robot_controller/prefix_override:/home/tomersi2/ros2_ws/install/my_robot_controller/lib/python3.10/site-packages:${PYTHONPATH} /usr/bin/python3 -W ignore:setup.py install is deprecated setup.py egg_info --egg-base ../../build/my_robot_controller build --build-base /home/tomersi2/ros2_ws/build/my_robot_controller/build install --record /home/tomersi2/ros2_ws/build/my_robot_controller/install.log --single-version-externally-managed install_data
[15.308s] Level 1:colcon.colcon_core.environment:checking '/home/tomersi2/ros2_ws/install/my_robot_controller' for CMake config files
[15.316s] Level 1:colcon.colcon_core.environment:checking '/home/tomersi2/ros2_ws/install/my_robot_controller/lib'
[15.317s] Level 1:colcon.colcon_core.environment:checking '/home/tomersi2/ros2_ws/install/my_robot_controller/bin'
[15.318s] Level 1:colcon.colcon_core.environment:checking '/home/tomersi2/ros2_ws/install/my_robot_controller/lib/pkgconfig/my_robot_controller.pc'
[15.319s] Level 1:colcon.colcon_core.environment:checking '/home/tomersi2/ros2_ws/install/my_robot_controller/lib/python3.10/site-packages'
[15.320s] Level 1:colcon.colcon_core.shell:create_environment_hook('my_robot_controller', 'pythonpath')
[15.321s] INFO:colcon.colcon_core.shell:Creating environment hook '/home/tomersi2/ros2_ws/install/my_robot_controller/share/my_robot_controller/hook/pythonpath.ps1'
[15.324s] INFO:colcon.colcon_core.shell:Creating environment descriptor '/home/tomersi2/ros2_ws/install/my_robot_controller/share/my_robot_controller/hook/pythonpath.dsv'
[15.327s] INFO:colcon.colcon_core.shell:Creating environment hook '/home/tomersi2/ros2_ws/install/my_robot_controller/share/my_robot_controller/hook/pythonpath.sh'
[15.331s] Level 1:colcon.colcon_core.environment:checking '/home/tomersi2/ros2_ws/install/my_robot_controller/bin'
[15.332s] Level 1:colcon.colcon_core.environment:create_environment_scripts_only(my_robot_controller)
[15.334s] INFO:colcon.colcon_core.shell:Creating package script '/home/tomersi2/ros2_ws/install/my_robot_controller/share/my_robot_controller/package.ps1'
[15.340s] INFO:colcon.colcon_core.shell:Creating package descriptor '/home/tomersi2/ros2_ws/install/my_robot_controller/share/my_robot_controller/package.dsv'
[15.347s] INFO:colcon.colcon_core.shell:Creating package script '/home/tomersi2/ros2_ws/install/my_robot_controller/share/my_robot_controller/package.sh'
[15.353s] INFO:colcon.colcon_core.shell:Creating package script '/home/tomersi2/ros2_ws/install/my_robot_controller/share/my_robot_controller/package.bash'
[15.359s] INFO:colcon.colcon_core.shell:Creating package script '/home/tomersi2/ros2_ws/install/my_robot_controller/share/my_robot_controller/package.zsh'
[15.363s] Level 1:colcon.colcon_core.environment:create_file_with_runtime_dependencies(/home/tomersi2/ros2_ws/install/my_robot_controller/share/colcon-core/packages/my_robot_controller)
[15.366s] DEBUG:colcon.colcon_parallel_executor.executor.parallel:closing loop
[15.370s] DEBUG:colcon.colcon_parallel_executor.executor.parallel:loop closed
[15.374s] DEBUG:colcon.colcon_parallel_executor.executor.parallel:run_until_complete finished with '0'
[15.377s] DEBUG:colcon.colcon_core.event_reactor:joining thread
[15.437s] INFO:colcon.colcon_core.plugin_system:Skipping extension 'colcon_notification.desktop_notification.terminal_notifier': Not used on non-Darwin systems
[15.438s] INFO:colcon.colcon_core.plugin_system:Skipping extension 'colcon_notification.desktop_notification.win32': Not used on non-Windows systems
[15.438s] INFO:colcon.colcon_notification.desktop_notification:Sending desktop notification using 'notify2'
[15.567s] DEBUG:colcon.colcon_core.event_reactor:joined thread
[15.570s] INFO:colcon.colcon_core.shell:Creating prefix script '/home/tomersi2/ros2_ws/install/local_setup.ps1'
[15.578s] INFO:colcon.colcon_core.shell:Creating prefix util module '/home/tomersi2/ros2_ws/install/_local_setup_util_ps1.py'
[15.588s] INFO:colcon.colcon_core.shell:Creating prefix chain script '/home/tomersi2/ros2_ws/install/setup.ps1'
[15.599s] INFO:colcon.colcon_core.shell:Creating prefix script '/home/tomersi2/ros2_ws/install/local_setup.sh'
[15.608s] INFO:colcon.colcon_core.shell:Creating prefix util module '/home/tomersi2/ros2_ws/install/_local_setup_util_sh.py'
[15.615s] INFO:colcon.colcon_core.shell:Creating prefix chain script '/home/tomersi2/ros2_ws/install/setup.sh'
[15.624s] INFO:colcon.colcon_core.shell:Creating prefix script '/home/tomersi2/ros2_ws/install/local_setup.bash'
[15.630s] INFO:colcon.colcon_core.shell:Creating prefix chain script '/home/tomersi2/ros2_ws/install/setup.bash'
[15.645s] INFO:colcon.colcon_core.shell:Creating prefix script '/home/tomersi2/ros2_ws/install/local_setup.zsh'
[15.652s] INFO:colcon.colcon_core.shell:Creating prefix chain script '/home/tomersi2/ros2_ws/install/setup.zsh'
