[0.055s] Invoking command in '/home/tomersi2/ros2_ws/build/cmake_modules': /usr/bin/cmake /home/tomersi2/ros2_ws/src/cmake_modules -DCATKIN_INSTALL_INTO_PREFIX_ROOT=0 -DCMAKE_INSTALL_PREFIX=/home/tomersi2/ros2_ws/install/cmake_modules
[0.974s] -- The C compiler identification is GNU 11.4.0
[1.719s] -- The CXX compiler identification is GNU 11.4.0
[1.765s] -- Detecting C compiler ABI info
[2.146s] -- Detecting C compiler ABI info - done
[2.180s] -- Check for working C compiler: /usr/bin/cc - skipped
[2.183s] -- Detecting C compile features
[2.186s] -- Detecting C compile features - done
[2.204s] -- Detecting CXX compiler ABI info
[2.596s] -- Detecting CXX compiler ABI info - done
[2.626s] -- Check for working CXX compiler: /usr/bin/c++ - skipped
[2.627s] -- Detecting CXX compile features
[2.629s] -- Detecting CXX compile features - done
[2.805s] [31mCMake Error at CMakeLists.txt:4 (find_package):
[2.806s]   By not providing "Findcatkin.cmake" in CMAKE_MODULE_PATH this project has
[2.806s]   asked CMake to find a package configuration file provided by "catkin", but
[2.806s]   CMake did not find one.
[2.807s] 
[2.807s]   Could not find a package configuration file provided by "catkin" with any
[2.808s]   of the following names:
[2.808s] 
[2.809s]     catkinConfig.cmake
[2.810s]     catkin-config.cmake
[2.810s] 
[2.811s]   Add the installation prefix of "catkin" to CMAKE_PREFIX_PATH or set
[2.811s]   "catkin_DIR" to a directory containing one of the above files.  If "catkin"
[2.812s]   provides a separate development package or SDK, be sure it has been
[2.812s]   installed.
[2.813s] 
[2.813s] [0m
[2.814s] -- Configuring incomplete, errors occurred!
[2.815s] See also "/home/tomersi2/ros2_ws/build/cmake_modules/CMakeFiles/CMakeOutput.log".
[2.818s] Invoked command in '/home/tomersi2/ros2_ws/build/cmake_modules' returned '1': /usr/bin/cmake /home/tomersi2/ros2_ws/src/cmake_modules -DCATKIN_INSTALL_INTO_PREFIX_ROOT=0 -DCMAKE_INSTALL_PREFIX=/home/tomersi2/ros2_ws/install/cmake_modules
