[2.066s] DEBUG:colcon:Command line arguments: ['/usr/bin/colcon', 'list', '-p', '--base-paths', '/home/tomersi2/ros2_ws']
[2.079s] DEBUG:colcon:Parsed command line arguments: Namespace(log_base=None, log_level=None, verb_name='list', build_base='build', ignore_user_meta=False, metas=['./colcon.meta'], base_paths=['/home/tomersi2/ros2_ws'], packages_ignore=None, packages_ignore_regex=None, paths=None, packages_up_to=None, packages_up_to_regex=None, packages_above=None, packages_above_and_dependencies=None, packages_above_depth=None, packages_select_by_dep=None, packages_skip_by_dep=None, packages_skip_up_to=None, packages_select_build_failed=False, packages_skip_build_finished=False, packages_select_test_failures=False, packages_skip_test_passed=False, packages_select=None, packages_skip=None, packages_select_regex=None, packages_skip_regex=None, packages_start=None, packages_end=None, allow_overriding=[], topological_order=False, names_only=False, paths_only=True, topological_graph=False, topological_graph_dot=False, topological_graph_density=False, topological_graph_legend=False, topological_graph_dot_cluster=False, topological_graph_dot_include_skipped=False, verb_parser=<colcon_defaults.argument_parser.defaults.DefaultArgumentsDecorator object at 0xffffafcf2650>, verb_extension=<colcon_package_information.verb.list.ListVerb object at 0xffffafe99c60>, main=<bound method ListVerb.main of <colcon_package_information.verb.list.ListVerb object at 0xffffafe99c60>>)
[3.167s] Level 1:colcon.colcon_core.package_discovery:discover_packages(colcon_meta) check parameters
[3.168s] Level 1:colcon.colcon_core.package_discovery:discover_packages(recursive) check parameters
[3.171s] Level 1:colcon.colcon_core.package_discovery:discover_packages(ignore) check parameters
[3.172s] Level 1:colcon.colcon_core.package_discovery:discover_packages(path) check parameters
[3.172s] Level 1:colcon.colcon_core.package_discovery:discover_packages(recursive) discover
[3.174s] INFO:colcon.colcon_core.package_discovery:Crawling recursively for packages in '/home/tomersi2/ros2_ws'
[3.177s] Level 1:colcon.colcon_core.package_identification:_identify(/home/tomersi2/ros2_ws) by extensions ['ignore', 'ignore_ament_install']
[3.179s] Level 1:colcon.colcon_core.package_identification:_identify(/home/tomersi2/ros2_ws) by extension 'ignore'
[3.181s] Level 1:colcon.colcon_core.package_identification:_identify(/home/tomersi2/ros2_ws) by extension 'ignore_ament_install'
[3.184s] Level 1:colcon.colcon_core.package_identification:_identify(/home/tomersi2/ros2_ws) by extensions ['colcon_pkg']
[3.185s] Level 1:colcon.colcon_core.package_identification:_identify(/home/tomersi2/ros2_ws) by extension 'colcon_pkg'
[3.187s] Level 1:colcon.colcon_core.package_identification:_identify(/home/tomersi2/ros2_ws) by extensions ['colcon_meta']
[3.188s] Level 1:colcon.colcon_core.package_identification:_identify(/home/tomersi2/ros2_ws) by extension 'colcon_meta'
[3.189s] Level 1:colcon.colcon_core.package_identification:_identify(/home/tomersi2/ros2_ws) by extensions ['ros']
[3.189s] Level 1:colcon.colcon_core.package_identification:_identify(/home/tomersi2/ros2_ws) by extension 'ros'
[3.422s] Level 1:colcon.colcon_core.package_identification:_identify(/home/tomersi2/ros2_ws) by extensions ['cmake', 'python']
[3.424s] Level 1:colcon.colcon_core.package_identification:_identify(/home/tomersi2/ros2_ws) by extension 'cmake'
[3.426s] Level 1:colcon.colcon_core.package_identification:_identify(/home/tomersi2/ros2_ws) by extension 'python'
[3.428s] Level 1:colcon.colcon_core.package_identification:_identify(/home/tomersi2/ros2_ws) by extensions ['python_setup_py']
[3.429s] Level 1:colcon.colcon_core.package_identification:_identify(/home/tomersi2/ros2_ws) by extension 'python_setup_py'
[3.433s] Level 1:colcon.colcon_core.package_identification:_identify(/home/tomersi2/ros2_ws/build) by extensions ['ignore', 'ignore_ament_install']
[3.435s] Level 1:colcon.colcon_core.package_identification:_identify(/home/tomersi2/ros2_ws/build) by extension 'ignore'
[3.435s] Level 1:colcon.colcon_core.package_identification:_identify(/home/tomersi2/ros2_ws/build) ignored
[3.437s] Level 1:colcon.colcon_core.package_identification:_identify(/home/tomersi2/ros2_ws/install) by extensions ['ignore', 'ignore_ament_install']
[3.439s] Level 1:colcon.colcon_core.package_identification:_identify(/home/tomersi2/ros2_ws/install) by extension 'ignore'
[3.440s] Level 1:colcon.colcon_core.package_identification:_identify(/home/tomersi2/ros2_ws/install) ignored
[3.444s] Level 1:colcon.colcon_core.package_identification:_identify(/home/tomersi2/ros2_ws/log) by extensions ['ignore', 'ignore_ament_install']
[3.446s] Level 1:colcon.colcon_core.package_identification:_identify(/home/tomersi2/ros2_ws/log) by extension 'ignore'
[3.448s] Level 1:colcon.colcon_core.package_identification:_identify(/home/tomersi2/ros2_ws/log) ignored
[3.451s] Level 1:colcon.colcon_core.package_identification:_identify(/home/tomersi2/ros2_ws/src) by extensions ['ignore', 'ignore_ament_install']
[3.453s] Level 1:colcon.colcon_core.package_identification:_identify(/home/tomersi2/ros2_ws/src) by extension 'ignore'
[3.455s] Level 1:colcon.colcon_core.package_identification:_identify(/home/tomersi2/ros2_ws/src) by extension 'ignore_ament_install'
[3.456s] Level 1:colcon.colcon_core.package_identification:_identify(/home/tomersi2/ros2_ws/src) by extensions ['colcon_pkg']
[3.457s] Level 1:colcon.colcon_core.package_identification:_identify(/home/tomersi2/ros2_ws/src) by extension 'colcon_pkg'
[3.458s] Level 1:colcon.colcon_core.package_identification:_identify(/home/tomersi2/ros2_ws/src) by extensions ['colcon_meta']
[3.459s] Level 1:colcon.colcon_core.package_identification:_identify(/home/tomersi2/ros2_ws/src) by extension 'colcon_meta'
[3.460s] Level 1:colcon.colcon_core.package_identification:_identify(/home/tomersi2/ros2_ws/src) by extensions ['ros']
[3.461s] Level 1:colcon.colcon_core.package_identification:_identify(/home/tomersi2/ros2_ws/src) by extension 'ros'
[3.463s] Level 1:colcon.colcon_core.package_identification:_identify(/home/tomersi2/ros2_ws/src) by extensions ['cmake', 'python']
[3.463s] Level 1:colcon.colcon_core.package_identification:_identify(/home/tomersi2/ros2_ws/src) by extension 'cmake'
[3.464s] Level 1:colcon.colcon_core.package_identification:_identify(/home/tomersi2/ros2_ws/src) by extension 'python'
[3.466s] Level 1:colcon.colcon_core.package_identification:_identify(/home/tomersi2/ros2_ws/src) by extensions ['python_setup_py']
[3.468s] Level 1:colcon.colcon_core.package_identification:_identify(/home/tomersi2/ros2_ws/src) by extension 'python_setup_py'
[3.471s] Level 1:colcon.colcon_core.package_identification:_identify(/home/tomersi2/ros2_ws/src/my_robot_controller) by extensions ['ignore', 'ignore_ament_install']
[3.473s] Level 1:colcon.colcon_core.package_identification:_identify(/home/tomersi2/ros2_ws/src/my_robot_controller) by extension 'ignore'
[3.474s] Level 1:colcon.colcon_core.package_identification:_identify(/home/tomersi2/ros2_ws/src/my_robot_controller) by extension 'ignore_ament_install'
[3.476s] Level 1:colcon.colcon_core.package_identification:_identify(/home/tomersi2/ros2_ws/src/my_robot_controller) by extensions ['colcon_pkg']
[3.477s] Level 1:colcon.colcon_core.package_identification:_identify(/home/tomersi2/ros2_ws/src/my_robot_controller) by extension 'colcon_pkg'
[3.478s] Level 1:colcon.colcon_core.package_identification:_identify(/home/tomersi2/ros2_ws/src/my_robot_controller) by extensions ['colcon_meta']
[3.479s] Level 1:colcon.colcon_core.package_identification:_identify(/home/tomersi2/ros2_ws/src/my_robot_controller) by extension 'colcon_meta'
[3.481s] Level 1:colcon.colcon_core.package_identification:_identify(/home/tomersi2/ros2_ws/src/my_robot_controller) by extensions ['ros']
[3.482s] Level 1:colcon.colcon_core.package_identification:_identify(/home/tomersi2/ros2_ws/src/my_robot_controller) by extension 'ros'
[3.512s] DEBUG:colcon.colcon_core.package_identification:Package '/home/tomersi2/ros2_ws/src/my_robot_controller' with type 'ros.ament_python' and name 'my_robot_controller'
[3.513s] Level 1:colcon.colcon_core.package_discovery:discover_packages(recursive) using defaults
