[1.123s] Invoking command in '/home/tomersi2/ros2_ws/build/sllidar_ros2': CMAKE_PREFIX_PATH=${CMAKE_PREFIX_PATH}:/home/tomersi2/ros2_ws/install/my_robot_controller:/opt/ros/humble /usr/bin/cmake --build /home/tomersi2/ros2_ws/build/sllidar_ros2 -- -j4 -l4
[1.647s] [ 10%] Built target sllidar_client
[1.670s] [100%] Built target sllidar_node
[1.748s] Invoked command in '/home/tomersi2/ros2_ws/build/sllidar_ros2' returned '0': CMAKE_PREFIX_PATH=${CMAKE_PREFIX_PATH}:/home/tomersi2/ros2_ws/install/my_robot_controller:/opt/ros/humble /usr/bin/cmake --build /home/tomersi2/ros2_ws/build/sllidar_ros2 -- -j4 -l4
[2.373s] Invoking command in '/home/tomersi2/ros2_ws/build/sllidar_ros2': CMAKE_PREFIX_PATH=${CMAKE_PREFIX_PATH}:/home/tomersi2/ros2_ws/install/my_robot_controller:/opt/ros/humble /usr/bin/cmake --install /home/tomersi2/ros2_ws/build/sllidar_ros2
[2.409s] -- Install configuration: ""
[2.412s] -- Execute custom install script
[2.421s] -- Up-to-date symlink: /home/tomersi2/ros2_ws/install/sllidar_ros2/share/sllidar_ros2/launch/sllidar_a1_launch.py
[2.423s] -- Up-to-date symlink: /home/tomersi2/ros2_ws/install/sllidar_ros2/share/sllidar_ros2/launch/sllidar_a2m12_launch .py
[2.432s] -- Up-to-date symlink: /home/tomersi2/ros2_ws/install/sllidar_ros2/share/sllidar_ros2/launch/sllidar_a2m7_launch.py
[2.435s] -- Up-to-date symlink: /home/tomersi2/ros2_ws/install/sllidar_ros2/share/sllidar_ros2/launch/sllidar_a2m8_launch.py
[2.438s] -- Up-to-date symlink: /home/tomersi2/ros2_ws/install/sllidar_ros2/share/sllidar_ros2/launch/sllidar_a3_launch.py
[2.443s] -- Up-to-date symlink: /home/tomersi2/ros2_ws/install/sllidar_ros2/share/sllidar_ros2/launch/sllidar_c1_launch.py
[2.447s] -- Up-to-date symlink: /home/tomersi2/ros2_ws/install/sllidar_ros2/share/sllidar_ros2/launch/sllidar_s1_launch.py
[2.448s] -- Up-to-date symlink: /home/tomersi2/ros2_ws/install/sllidar_ros2/share/sllidar_ros2/launch/sllidar_s1_tcp_launch.py
[2.449s] -- Up-to-date symlink: /home/tomersi2/ros2_ws/install/sllidar_ros2/share/sllidar_ros2/launch/sllidar_s2_launch.py
[2.450s] -- Up-to-date symlink: /home/tomersi2/ros2_ws/install/sllidar_ros2/share/sllidar_ros2/launch/sllidar_s2e_launch.py
[2.452s] -- Up-to-date symlink: /home/tomersi2/ros2_ws/install/sllidar_ros2/share/sllidar_ros2/launch/sllidar_s3_launch.py
[2.454s] -- Up-to-date symlink: /home/tomersi2/ros2_ws/install/sllidar_ros2/share/sllidar_ros2/launch/sllidar_t1_launch.py
[2.455s] -- Up-to-date symlink: /home/tomersi2/ros2_ws/install/sllidar_ros2/share/sllidar_ros2/launch/view_sllidar_a1_launch.py
[2.457s] -- Up-to-date symlink: /home/tomersi2/ros2_ws/install/sllidar_ros2/share/sllidar_ros2/launch/view_sllidar_a2m12_launch.py
[2.458s] -- Up-to-date symlink: /home/tomersi2/ros2_ws/install/sllidar_ros2/share/sllidar_ros2/launch/view_sllidar_a2m7_launch.py
[2.460s] -- Up-to-date symlink: /home/tomersi2/ros2_ws/install/sllidar_ros2/share/sllidar_ros2/launch/view_sllidar_a2m8_launch.py
[2.463s] -- Up-to-date symlink: /home/tomersi2/ros2_ws/install/sllidar_ros2/share/sllidar_ros2/launch/view_sllidar_a3_launch.py
[2.466s] -- Up-to-date symlink: /home/tomersi2/ros2_ws/install/sllidar_ros2/share/sllidar_ros2/launch/view_sllidar_c1_launch.py
[2.467s] -- Up-to-date symlink: /home/tomersi2/ros2_ws/install/sllidar_ros2/share/sllidar_ros2/launch/view_sllidar_s1_launch.py
[2.469s] -- Up-to-date symlink: /home/tomersi2/ros2_ws/install/sllidar_ros2/share/sllidar_ros2/launch/view_sllidar_s1_tcp_launch.py
[2.471s] -- Up-to-date symlink: /home/tomersi2/ros2_ws/install/sllidar_ros2/share/sllidar_ros2/launch/view_sllidar_s2_launch.py
[2.473s] -- Up-to-date symlink: /home/tomersi2/ros2_ws/install/sllidar_ros2/share/sllidar_ros2/launch/view_sllidar_s2e_launch.py
[2.474s] -- Up-to-date symlink: /home/tomersi2/ros2_ws/install/sllidar_ros2/share/sllidar_ros2/launch/view_sllidar_s3_launch.py
[2.476s] -- Up-to-date symlink: /home/tomersi2/ros2_ws/install/sllidar_ros2/share/sllidar_ros2/launch/view_sllidar_t1_launch.py
[2.481s] -- Up-to-date symlink: /home/tomersi2/ros2_ws/install/sllidar_ros2/share/sllidar_ros2/rviz/sllidar_ros2.rviz
[2.484s] -- Up-to-date symlink: /home/tomersi2/ros2_ws/install/sllidar_ros2/lib/sllidar_ros2/sllidar_node
[2.485s] -- Up-to-date symlink: /home/tomersi2/ros2_ws/install/sllidar_ros2/lib/sllidar_ros2/sllidar_client
[2.486s] -- Up-to-date symlink: /home/tomersi2/ros2_ws/install/sllidar_ros2/share/ament_index/resource_index/package_run_dependencies/sllidar_ros2
[2.489s] -- Up-to-date symlink: /home/tomersi2/ros2_ws/install/sllidar_ros2/share/ament_index/resource_index/parent_prefix_path/sllidar_ros2
[2.491s] -- Up-to-date symlink: /home/tomersi2/ros2_ws/install/sllidar_ros2/share/sllidar_ros2/environment/ament_prefix_path.sh
[2.492s] -- Up-to-date symlink: /home/tomersi2/ros2_ws/install/sllidar_ros2/share/sllidar_ros2/environment/ament_prefix_path.dsv
[2.496s] -- Up-to-date symlink: /home/tomersi2/ros2_ws/install/sllidar_ros2/share/sllidar_ros2/environment/path.sh
[2.499s] -- Up-to-date symlink: /home/tomersi2/ros2_ws/install/sllidar_ros2/share/sllidar_ros2/environment/path.dsv
[2.500s] -- Up-to-date symlink: /home/tomersi2/ros2_ws/install/sllidar_ros2/share/sllidar_ros2/local_setup.bash
[2.502s] -- Up-to-date symlink: /home/tomersi2/ros2_ws/install/sllidar_ros2/share/sllidar_ros2/local_setup.sh
[2.507s] -- Up-to-date symlink: /home/tomersi2/ros2_ws/install/sllidar_ros2/share/sllidar_ros2/local_setup.zsh
[2.511s] -- Up-to-date symlink: /home/tomersi2/ros2_ws/install/sllidar_ros2/share/sllidar_ros2/local_setup.dsv
[2.516s] -- Symlinking: /home/tomersi2/ros2_ws/install/sllidar_ros2/share/sllidar_ros2/package.dsv
[2.560s] -- Up-to-date symlink: /home/tomersi2/ros2_ws/install/sllidar_ros2/share/ament_index/resource_index/packages/sllidar_ros2
[2.564s] -- Up-to-date symlink: /home/tomersi2/ros2_ws/install/sllidar_ros2/share/sllidar_ros2/cmake/ament_cmake_export_dependencies-extras.cmake
[2.568s] -- Up-to-date symlink: /home/tomersi2/ros2_ws/install/sllidar_ros2/share/sllidar_ros2/cmake/ament_cmake_export_include_directories-extras.cmake
[2.570s] -- Up-to-date symlink: /home/tomersi2/ros2_ws/install/sllidar_ros2/share/sllidar_ros2/cmake/sllidar_ros2Config.cmake
[2.572s] -- Up-to-date symlink: /home/tomersi2/ros2_ws/install/sllidar_ros2/share/sllidar_ros2/cmake/sllidar_ros2Config-version.cmake
[2.574s] -- Up-to-date symlink: /home/tomersi2/ros2_ws/install/sllidar_ros2/share/sllidar_ros2/package.xml
[2.583s] Invoked command in '/home/tomersi2/ros2_ws/build/sllidar_ros2' returned '0': CMAKE_PREFIX_PATH=${CMAKE_PREFIX_PATH}:/home/tomersi2/ros2_ws/install/my_robot_controller:/opt/ros/humble /usr/bin/cmake --install /home/tomersi2/ros2_ws/build/sllidar_ros2
