[0.129s] Invoking command in '/home/tomersi2/ros2_ws/build/slam_toolbox': CMAKE_PREFIX_PATH=${CMAKE_PREFIX_PATH}:/home/tomersi2/ros2_ws/install/my_robot_controller:/opt/ros/humble /usr/bin/cmake /home/tomersi2/ros2_ws/src/slam_toolbox -DCMAKE_INSTALL_PREFIX=/home/tomersi2/ros2_ws/install/slam_toolbox
[2.797s] -- The C compiler identification is GNU 11.4.0
[5.383s] -- The CXX compiler identification is GNU 11.4.0
[5.467s] -- Detecting C compiler ABI info
[6.290s] -- Detecting C compiler ABI info - done
[6.329s] -- Check for working C compiler: /usr/bin/cc - skipped
[6.335s] -- Detecting C compile features
[6.337s] -- Detecting C compile features - done
[6.370s] -- Detecting CXX compiler ABI info
[7.183s] -- Detecting CXX compiler ABI info - done
[7.223s] -- Check for working CXX compiler: /usr/bin/c++ - skipped
[7.225s] -- Detecting CXX compile features
[7.227s] -- Detecting CXX compile features - done
[7.286s] -- Found ament_cmake: 1.3.8 (/opt/ros/humble/share/ament_cmake/cmake)
[11.759s] -- Found Python3: /usr/bin/python3 (found version "3.10.12") found components: Interpreter 
[12.998s] -- Found message_filters: 4.3.3 (/opt/ros/humble/share/message_filters/cmake)
[13.668s] -- Found rosidl_generator_c: 3.1.5 (/opt/ros/humble/share/rosidl_generator_c/cmake)
[13.737s] -- Found rosidl_adapter: 3.1.5 (/opt/ros/humble/share/rosidl_adapter/cmake)
[13.858s] -- Found rosidl_generator_cpp: 3.1.5 (/opt/ros/humble/share/rosidl_generator_cpp/cmake)
[14.026s] -- Using all available rosidl_typesupport_c: rosidl_typesupport_fastrtps_c;rosidl_typesupport_introspection_c
[14.264s] -- Using all available rosidl_typesupport_cpp: rosidl_typesupport_fastrtps_cpp;rosidl_typesupport_introspection_cpp
[14.981s] -- Found rmw_implementation_cmake: 6.1.1 (/opt/ros/humble/share/rmw_implementation_cmake/cmake)
[15.025s] -- Found rmw_fastrtps_cpp: 6.2.6 (/opt/ros/humble/share/rmw_fastrtps_cpp/cmake)
[16.046s] -- Found OpenSSL: /usr/lib/aarch64-linux-gnu/libcrypto.so (found version "3.0.2")  
[16.332s] -- Found FastRTPS: /opt/ros/humble/include  
[16.799s] -- Using RMW implementation 'rmw_fastrtps_cpp' as default
[16.936s] -- Looking for pthread.h
[17.809s] -- Looking for pthread.h - found
[17.811s] -- Performing Test CMAKE_HAVE_LIBC_PTHREAD
[18.562s] -- Performing Test CMAKE_HAVE_LIBC_PTHREAD - Success
[18.566s] -- Found Threads: TRUE  
[19.861s] -- Found nav_msgs: 4.2.3 (/opt/ros/humble/share/nav_msgs/cmake)
[20.719s] -- Found sensor_msgs: 4.2.3 (/opt/ros/humble/share/sensor_msgs/cmake)
[21.306s] -- Found tf2: 0.25.6 (/opt/ros/humble/share/tf2/cmake)
[21.479s] -- Found tf2_ros: 0.25.6 (/opt/ros/humble/share/tf2_ros/cmake)
[23.724s] -- Found visualization_msgs: 4.2.3 (/opt/ros/humble/share/visualization_msgs/cmake)
[24.327s] -- Found pluginlib: 5.1.0 (/opt/ros/humble/share/pluginlib/cmake)
[24.523s] -- Found tf2_geometry_msgs: 0.25.6 (/opt/ros/humble/share/tf2_geometry_msgs/cmake)
[24.665s] -- Found eigen3_cmake_module: 0.1.1 (/opt/ros/humble/share/eigen3_cmake_module/cmake)
[24.672s] -- Found Eigen3: TRUE (found version "3.4.0") 
[24.672s] -- Ensuring Eigen3 include directory is part of orocos-kdl CMake target
[24.727s] -- Found tf2_sensor_msgs: 0.25.6 (/opt/ros/humble/share/tf2_sensor_msgs/cmake)
[24.828s] -- Found std_srvs: 4.2.3 (/opt/ros/humble/share/std_srvs/cmake)
[24.945s] -- Found rosidl_default_generators: 1.2.0 (/opt/ros/humble/share/rosidl_default_generators/cmake)
[25.022s] -- Found lifecycle_msgs: 1.2.1 (/opt/ros/humble/share/lifecycle_msgs/cmake)
[25.135s] -- Found bondcpp: 3.0.2 (/opt/ros/humble/share/bondcpp/cmake)
[25.654s] -- Found rviz_common: 11.2.12 (/opt/ros/humble/share/rviz_common/cmake)
[25.880s] -- Setting OGRE_DIR to: '/opt/ros/humble/share/rviz_ogre_vendor/cmake/../../../opt/rviz_ogre_vendor/lib/OGRE/cmake'
[25.889s] -- Found OGRE
[25.889s] --   static     : OFF
[25.890s] --   components : HLMS;MeshLodGenerator;Overlay;Paging;Property;RTShaderSystem;Terrain;Volume
[25.890s] --   plugins    : Plugin_BSPSceneManager;Plugin_OctreeSceneManager;Plugin_PCZSceneManager;Plugin_ParticleFX;RenderSystem_GL;RenderSystem_GL3Plus;Codec_STBI
[25.891s] --   media      : /opt/ros/humble/opt/rviz_ogre_vendor/share/OGRE/Media
[25.892s] -- OGRE_LIBRARIES: OgreHLMS;OgreMeshLodGenerator;OgreOverlay;OgrePaging;OgreProperty;OgreRTShaderSystem;OgreTerrain;OgreVolume;OgreMain
[25.893s] -- OGRE_LIBRARY_DIRS: /opt/ros/humble/opt/rviz_ogre_vendor/lib
[25.894s] -- OGRE_PLUGINS: Plugin_BSPSceneManager;Plugin_OctreeSceneManager;Plugin_PCZSceneManager;Plugin_ParticleFX;RenderSystem_GL;RenderSystem_GL3Plus;Codec_STBI
[25.894s] -- OGRE_PLUGIN_DIR: /opt/ros/humble/opt/rviz_ogre_vendor/lib/OGRE
[25.895s] -- rviz_ogre_vendor::OgreOverlay for IMPORTED_LOCATION_RELEASE: /opt/ros/humble/opt/rviz_ogre_vendor/lib/libOgreOverlay.so
[25.896s] -- rviz_ogre_vendor::OgreOverlay for IMPORTED_LOCATION_DEBUG: /opt/ros/humble/opt/rviz_ogre_vendor/lib/libOgreOverlay.so
[25.896s] -- rviz_ogre_vendor::OgreMain for IMPORTED_LOCATION_RELEASE: /opt/ros/humble/opt/rviz_ogre_vendor/lib/libOgreMain.so
[25.897s] -- rviz_ogre_vendor::OgreMain for IMPORTED_LOCATION_DEBUG: /opt/ros/humble/opt/rviz_ogre_vendor/lib/libOgreMain.so
[25.897s] -- Could not find freeimage library
[25.960s] -- Found ZLIB: /usr/lib/aarch64-linux-gnu/libz.so (found version "1.2.11") 
[25.979s] -- Found OpenGL: /usr/lib/aarch64-linux-gnu/libOpenGL.so   
[26.100s] -- Found X11: /usr/include   
[26.102s] -- Looking for XOpenDisplay in /usr/lib/aarch64-linux-gnu/libX11.so;/usr/lib/aarch64-linux-gnu/libXext.so
[26.481s] -- Looking for XOpenDisplay in /usr/lib/aarch64-linux-gnu/libX11.so;/usr/lib/aarch64-linux-gnu/libXext.so - found
[26.482s] -- Looking for gethostbyname
[26.848s] -- Looking for gethostbyname - found
[26.849s] -- Looking for connect
[27.209s] -- Looking for connect - found
[27.210s] -- Looking for remove
[27.558s] -- Looking for remove - found
[27.559s] -- Looking for shmat
[27.909s] -- Looking for shmat - found
[27.910s] -- Looking for IceConnectionNumber in ICE
[28.277s] -- Looking for IceConnectionNumber in ICE - found
[28.284s] -- rviz_ogre_vendor::RenderSystem_GL for IMPORTED_LOCATION_RELEASE: _render_system_gl_static_library_abs-NOTFOUND
[28.284s] -- rviz_ogre_vendor::RenderSystem_GL for IMPORTED_LOCATION_DEBUG: _render_system_gl_static_library_abs-NOTFOUND
[28.740s] -- library: /usr/lib/aarch64-linux-gnu/libcurl.so
[29.137s] -- Found rviz_default_plugins: 11.2.12 (/opt/ros/humble/share/rviz_default_plugins/cmake)
[31.082s] [31mCMake Error at /usr/share/cmake-3.22/Modules/FindPackageHandleStandardArgs.cmake:230 (message):
[31.083s]   Could NOT find Boost (missing: Boost_INCLUDE_DIR system serialization
[31.084s]   filesystem thread)
[31.084s] Call Stack (most recent call first):
[31.085s]   /usr/share/cmake-3.22/Modules/FindPackageHandleStandardArgs.cmake:594 (_FPHSA_FAILURE_MESSAGE)
[31.085s]   /usr/share/cmake-3.22/Modules/FindBoost.cmake:2360 (find_package_handle_standard_args)
[31.086s]   lib/karto_sdk/CMakeLists.txt:14 (find_package)
[31.086s] 
[31.087s] [0m
[31.087s] -- Configuring incomplete, errors occurred!
[31.088s] See also "/home/tomersi2/ros2_ws/build/slam_toolbox/CMakeFiles/CMakeOutput.log".
[31.156s] Invoked command in '/home/tomersi2/ros2_ws/build/slam_toolbox' returned '1': CMAKE_PREFIX_PATH=${CMAKE_PREFIX_PATH}:/home/tomersi2/ros2_ws/install/my_robot_controller:/opt/ros/humble /usr/bin/cmake /home/tomersi2/ros2_ws/src/slam_toolbox -DCMAKE_INSTALL_PREFIX=/home/tomersi2/ros2_ws/install/slam_toolbox
