[0.583s] DEBUG:colcon:Command line arguments: ['/usr/bin/colcon', 'build', '--executor', 'sequential']
[0.583s] DEBUG:colcon:Parsed command line arguments: Namespace(log_base=None, log_level=None, verb_name='build', build_base='build', install_base='install', merge_install=False, symlink_install=False, test_result_base=None, continue_on_error=False, executor='sequential', parallel_workers=4, event_handlers=None, ignore_user_meta=False, metas=['./colcon.meta'], base_paths=['.'], packages_ignore=None, packages_ignore_regex=None, paths=None, packages_up_to=None, packages_up_to_regex=None, packages_above=None, packages_above_and_dependencies=None, packages_above_depth=None, packages_select_by_dep=None, packages_skip_by_dep=None, packages_skip_up_to=None, packages_select_build_failed=False, packages_skip_build_finished=False, packages_select_test_failures=False, packages_skip_test_passed=False, packages_select=None, packages_skip=None, packages_select_regex=None, packages_skip_regex=None, packages_start=None, packages_end=None, allow_overriding=[], cmake_args=None, cmake_target=None, cmake_target_skip_unavailable=False, cmake_clean_cache=False, cmake_clean_first=False, cmake_force_configure=False, ament_cmake_args=None, catkin_cmake_args=None, catkin_skip_building_tests=False, verb_parser=<colcon_defaults.argument_parser.defaults.DefaultArgumentsDecorator object at 0xffff9356e800>, verb_extension=<colcon_core.verb.build.BuildVerb object at 0xffff936ff2e0>, main=<bound method BuildVerb.main of <colcon_core.verb.build.BuildVerb object at 0xffff936ff2e0>>)
[0.975s] Level 1:colcon.colcon_core.package_discovery:discover_packages(colcon_meta) check parameters
[0.975s] Level 1:colcon.colcon_core.package_discovery:discover_packages(recursive) check parameters
[0.976s] Level 1:colcon.colcon_core.package_discovery:discover_packages(ignore) check parameters
[0.976s] Level 1:colcon.colcon_core.package_discovery:discover_packages(path) check parameters
[0.976s] Level 1:colcon.colcon_core.package_discovery:discover_packages(colcon_meta) discover
[0.977s] Level 1:colcon.colcon_core.package_discovery:discover_packages(recursive) discover
[0.977s] INFO:colcon.colcon_core.package_discovery:Crawling recursively for packages in '/home/tomersi2/ros2_ws'
[0.978s] Level 1:colcon.colcon_core.package_identification:_identify(.) by extensions ['ignore', 'ignore_ament_install']
[0.978s] Level 1:colcon.colcon_core.package_identification:_identify(.) by extension 'ignore'
[0.979s] Level 1:colcon.colcon_core.package_identification:_identify(.) by extension 'ignore_ament_install'
[0.979s] Level 1:colcon.colcon_core.package_identification:_identify(.) by extensions ['colcon_pkg']
[0.979s] Level 1:colcon.colcon_core.package_identification:_identify(.) by extension 'colcon_pkg'
[0.979s] Level 1:colcon.colcon_core.package_identification:_identify(.) by extensions ['colcon_meta']
[0.979s] Level 1:colcon.colcon_core.package_identification:_identify(.) by extension 'colcon_meta'
[0.980s] Level 1:colcon.colcon_core.package_identification:_identify(.) by extensions ['ros']
[0.980s] Level 1:colcon.colcon_core.package_identification:_identify(.) by extension 'ros'
[1.072s] Level 1:colcon.colcon_core.package_identification:_identify(.) by extensions ['cmake', 'python']
[1.073s] Level 1:colcon.colcon_core.package_identification:_identify(.) by extension 'cmake'
[1.073s] Level 1:colcon.colcon_core.package_identification:_identify(.) by extension 'python'
[1.073s] Level 1:colcon.colcon_core.package_identification:_identify(.) by extensions ['python_setup_py']
[1.074s] Level 1:colcon.colcon_core.package_identification:_identify(.) by extension 'python_setup_py'
[1.074s] Level 1:colcon.colcon_core.package_identification:_identify(build) by extensions ['ignore', 'ignore_ament_install']
[1.075s] Level 1:colcon.colcon_core.package_identification:_identify(build) by extension 'ignore'
[1.075s] Level 1:colcon.colcon_core.package_identification:_identify(build) ignored
[1.076s] Level 1:colcon.colcon_core.package_identification:_identify(install) by extensions ['ignore', 'ignore_ament_install']
[1.077s] Level 1:colcon.colcon_core.package_identification:_identify(install) by extension 'ignore'
[1.077s] Level 1:colcon.colcon_core.package_identification:_identify(install) ignored
[1.079s] Level 1:colcon.colcon_core.package_identification:_identify(log) by extensions ['ignore', 'ignore_ament_install']
[1.079s] Level 1:colcon.colcon_core.package_identification:_identify(log) by extension 'ignore'
[1.080s] Level 1:colcon.colcon_core.package_identification:_identify(log) ignored
[1.080s] Level 1:colcon.colcon_core.package_identification:_identify(src) by extensions ['ignore', 'ignore_ament_install']
[1.081s] Level 1:colcon.colcon_core.package_identification:_identify(src) by extension 'ignore'
[1.081s] Level 1:colcon.colcon_core.package_identification:_identify(src) by extension 'ignore_ament_install'
[1.081s] Level 1:colcon.colcon_core.package_identification:_identify(src) by extensions ['colcon_pkg']
[1.082s] Level 1:colcon.colcon_core.package_identification:_identify(src) by extension 'colcon_pkg'
[1.082s] Level 1:colcon.colcon_core.package_identification:_identify(src) by extensions ['colcon_meta']
[1.082s] Level 1:colcon.colcon_core.package_identification:_identify(src) by extension 'colcon_meta'
[1.082s] Level 1:colcon.colcon_core.package_identification:_identify(src) by extensions ['ros']
[1.083s] Level 1:colcon.colcon_core.package_identification:_identify(src) by extension 'ros'
[1.083s] Level 1:colcon.colcon_core.package_identification:_identify(src) by extensions ['cmake', 'python']
[1.083s] Level 1:colcon.colcon_core.package_identification:_identify(src) by extension 'cmake'
[1.084s] Level 1:colcon.colcon_core.package_identification:_identify(src) by extension 'python'
[1.084s] Level 1:colcon.colcon_core.package_identification:_identify(src) by extensions ['python_setup_py']
[1.084s] Level 1:colcon.colcon_core.package_identification:_identify(src) by extension 'python_setup_py'
[1.085s] Level 1:colcon.colcon_core.package_identification:_identify(src/build) by extensions ['ignore', 'ignore_ament_install']
[1.085s] Level 1:colcon.colcon_core.package_identification:_identify(src/build) by extension 'ignore'
[1.086s] Level 1:colcon.colcon_core.package_identification:_identify(src/build) ignored
[1.087s] Level 1:colcon.colcon_core.package_identification:_identify(src/install) by extensions ['ignore', 'ignore_ament_install']
[1.087s] Level 1:colcon.colcon_core.package_identification:_identify(src/install) by extension 'ignore'
[1.087s] Level 1:colcon.colcon_core.package_identification:_identify(src/install) ignored
[1.088s] Level 1:colcon.colcon_core.package_identification:_identify(src/log) by extensions ['ignore', 'ignore_ament_install']
[1.089s] Level 1:colcon.colcon_core.package_identification:_identify(src/log) by extension 'ignore'
[1.089s] Level 1:colcon.colcon_core.package_identification:_identify(src/log) ignored
[1.090s] Level 1:colcon.colcon_core.package_identification:_identify(src/my_robot_controller) by extensions ['ignore', 'ignore_ament_install']
[1.090s] Level 1:colcon.colcon_core.package_identification:_identify(src/my_robot_controller) by extension 'ignore'
[1.091s] Level 1:colcon.colcon_core.package_identification:_identify(src/my_robot_controller) by extension 'ignore_ament_install'
[1.091s] Level 1:colcon.colcon_core.package_identification:_identify(src/my_robot_controller) by extensions ['colcon_pkg']
[1.091s] Level 1:colcon.colcon_core.package_identification:_identify(src/my_robot_controller) by extension 'colcon_pkg'
[1.091s] Level 1:colcon.colcon_core.package_identification:_identify(src/my_robot_controller) by extensions ['colcon_meta']
[1.092s] Level 1:colcon.colcon_core.package_identification:_identify(src/my_robot_controller) by extension 'colcon_meta'
[1.092s] Level 1:colcon.colcon_core.package_identification:_identify(src/my_robot_controller) by extensions ['ros']
[1.092s] Level 1:colcon.colcon_core.package_identification:_identify(src/my_robot_controller) by extension 'ros'
[1.103s] DEBUG:colcon.colcon_core.package_identification:Package 'src/my_robot_controller' with type 'ros.ament_python' and name 'my_robot_controller'
[1.104s] Level 1:colcon.colcon_core.package_identification:_identify(src/rf2o_laser_odometry) by extensions ['ignore', 'ignore_ament_install']
[1.105s] Level 1:colcon.colcon_core.package_identification:_identify(src/rf2o_laser_odometry) by extension 'ignore'
[1.105s] Level 1:colcon.colcon_core.package_identification:_identify(src/rf2o_laser_odometry) by extension 'ignore_ament_install'
[1.106s] Level 1:colcon.colcon_core.package_identification:_identify(src/rf2o_laser_odometry) by extensions ['colcon_pkg']
[1.106s] Level 1:colcon.colcon_core.package_identification:_identify(src/rf2o_laser_odometry) by extension 'colcon_pkg'
[1.106s] Level 1:colcon.colcon_core.package_identification:_identify(src/rf2o_laser_odometry) by extensions ['colcon_meta']
[1.106s] Level 1:colcon.colcon_core.package_identification:_identify(src/rf2o_laser_odometry) by extension 'colcon_meta'
[1.107s] Level 1:colcon.colcon_core.package_identification:_identify(src/rf2o_laser_odometry) by extensions ['ros']
[1.107s] Level 1:colcon.colcon_core.package_identification:_identify(src/rf2o_laser_odometry) by extension 'ros'
[1.112s] DEBUG:colcon.colcon_core.package_identification:Package 'src/rf2o_laser_odometry' with type 'ros.ament_cmake' and name 'rf2o_laser_odometry'
[1.113s] Level 1:colcon.colcon_core.package_identification:_identify(src/sllidar_ros2) by extensions ['ignore', 'ignore_ament_install']
[1.113s] Level 1:colcon.colcon_core.package_identification:_identify(src/sllidar_ros2) by extension 'ignore'
[1.114s] Level 1:colcon.colcon_core.package_identification:_identify(src/sllidar_ros2) by extension 'ignore_ament_install'
[1.114s] Level 1:colcon.colcon_core.package_identification:_identify(src/sllidar_ros2) by extensions ['colcon_pkg']
[1.114s] Level 1:colcon.colcon_core.package_identification:_identify(src/sllidar_ros2) by extension 'colcon_pkg'
[1.115s] Level 1:colcon.colcon_core.package_identification:_identify(src/sllidar_ros2) by extensions ['colcon_meta']
[1.115s] Level 1:colcon.colcon_core.package_identification:_identify(src/sllidar_ros2) by extension 'colcon_meta'
[1.115s] Level 1:colcon.colcon_core.package_identification:_identify(src/sllidar_ros2) by extensions ['ros']
[1.115s] Level 1:colcon.colcon_core.package_identification:_identify(src/sllidar_ros2) by extension 'ros'
[1.118s] DEBUG:colcon.colcon_core.package_identification:Package 'src/sllidar_ros2' with type 'ros.ament_cmake' and name 'sllidar_ros2'
[1.119s] Level 1:colcon.colcon_core.package_discovery:discover_packages(recursive) using defaults
[1.119s] Level 1:colcon.colcon_core.package_discovery:discover_packages(ignore) discover
[1.119s] Level 1:colcon.colcon_core.package_discovery:discover_packages(ignore) using defaults
[1.119s] Level 1:colcon.colcon_core.package_discovery:discover_packages(path) discover
[1.119s] Level 1:colcon.colcon_core.package_discovery:discover_packages(path) using defaults
[1.236s] Level 1:colcon.colcon_core.package_discovery:discover_packages(prefix_path) check parameters
[1.236s] Level 1:colcon.colcon_core.package_discovery:discover_packages(prefix_path) discover
[1.258s] DEBUG:colcon.colcon_installed_package_information.package_discovery:Found 5 installed packages in /home/tomersi2/ros2_ws/install
[1.267s] DEBUG:colcon.colcon_installed_package_information.package_discovery:Found 241 installed packages in /opt/ros/humble
[1.274s] Level 1:colcon.colcon_core.package_discovery:discover_packages(prefix_path) using defaults
[1.455s] Level 5:colcon.colcon_core.verb:set package 'my_robot_controller' build argument 'cmake_args' from command line to 'None'
[1.456s] Level 5:colcon.colcon_core.verb:set package 'my_robot_controller' build argument 'cmake_target' from command line to 'None'
[1.456s] Level 5:colcon.colcon_core.verb:set package 'my_robot_controller' build argument 'cmake_target_skip_unavailable' from command line to 'False'
[1.456s] Level 5:colcon.colcon_core.verb:set package 'my_robot_controller' build argument 'cmake_clean_cache' from command line to 'False'
[1.456s] Level 5:colcon.colcon_core.verb:set package 'my_robot_controller' build argument 'cmake_clean_first' from command line to 'False'
[1.456s] Level 5:colcon.colcon_core.verb:set package 'my_robot_controller' build argument 'cmake_force_configure' from command line to 'False'
[1.456s] Level 5:colcon.colcon_core.verb:set package 'my_robot_controller' build argument 'ament_cmake_args' from command line to 'None'
[1.457s] Level 5:colcon.colcon_core.verb:set package 'my_robot_controller' build argument 'catkin_cmake_args' from command line to 'None'
[1.457s] Level 5:colcon.colcon_core.verb:set package 'my_robot_controller' build argument 'catkin_skip_building_tests' from command line to 'False'
[1.457s] DEBUG:colcon.colcon_core.verb:Building package 'my_robot_controller' with the following arguments: {'ament_cmake_args': None, 'build_base': '/home/tomersi2/ros2_ws/build/my_robot_controller', 'catkin_cmake_args': None, 'catkin_skip_building_tests': False, 'cmake_args': None, 'cmake_clean_cache': False, 'cmake_clean_first': False, 'cmake_force_configure': False, 'cmake_target': None, 'cmake_target_skip_unavailable': False, 'install_base': '/home/tomersi2/ros2_ws/install/my_robot_controller', 'merge_install': False, 'path': '/home/tomersi2/ros2_ws/src/my_robot_controller', 'symlink_install': False, 'test_result_base': None}
[1.459s] Level 5:colcon.colcon_core.verb:set package 'rf2o_laser_odometry' build argument 'cmake_args' from command line to 'None'
[1.459s] Level 5:colcon.colcon_core.verb:set package 'rf2o_laser_odometry' build argument 'cmake_target' from command line to 'None'
[1.459s] Level 5:colcon.colcon_core.verb:set package 'rf2o_laser_odometry' build argument 'cmake_target_skip_unavailable' from command line to 'False'
[1.459s] Level 5:colcon.colcon_core.verb:set package 'rf2o_laser_odometry' build argument 'cmake_clean_cache' from command line to 'False'
[1.459s] Level 5:colcon.colcon_core.verb:set package 'rf2o_laser_odometry' build argument 'cmake_clean_first' from command line to 'False'
[1.459s] Level 5:colcon.colcon_core.verb:set package 'rf2o_laser_odometry' build argument 'cmake_force_configure' from command line to 'False'
[1.460s] Level 5:colcon.colcon_core.verb:set package 'rf2o_laser_odometry' build argument 'ament_cmake_args' from command line to 'None'
[1.460s] Level 5:colcon.colcon_core.verb:set package 'rf2o_laser_odometry' build argument 'catkin_cmake_args' from command line to 'None'
[1.460s] Level 5:colcon.colcon_core.verb:set package 'rf2o_laser_odometry' build argument 'catkin_skip_building_tests' from command line to 'False'
[1.460s] DEBUG:colcon.colcon_core.verb:Building package 'rf2o_laser_odometry' with the following arguments: {'ament_cmake_args': None, 'build_base': '/home/tomersi2/ros2_ws/build/rf2o_laser_odometry', 'catkin_cmake_args': None, 'catkin_skip_building_tests': False, 'cmake_args': None, 'cmake_clean_cache': False, 'cmake_clean_first': False, 'cmake_force_configure': False, 'cmake_target': None, 'cmake_target_skip_unavailable': False, 'install_base': '/home/tomersi2/ros2_ws/install/rf2o_laser_odometry', 'merge_install': False, 'path': '/home/tomersi2/ros2_ws/src/rf2o_laser_odometry', 'symlink_install': False, 'test_result_base': None}
[1.462s] Level 5:colcon.colcon_core.verb:set package 'sllidar_ros2' build argument 'cmake_args' from command line to 'None'
[1.462s] Level 5:colcon.colcon_core.verb:set package 'sllidar_ros2' build argument 'cmake_target' from command line to 'None'
[1.462s] Level 5:colcon.colcon_core.verb:set package 'sllidar_ros2' build argument 'cmake_target_skip_unavailable' from command line to 'False'
[1.462s] Level 5:colcon.colcon_core.verb:set package 'sllidar_ros2' build argument 'cmake_clean_cache' from command line to 'False'
[1.462s] Level 5:colcon.colcon_core.verb:set package 'sllidar_ros2' build argument 'cmake_clean_first' from command line to 'False'
[1.462s] Level 5:colcon.colcon_core.verb:set package 'sllidar_ros2' build argument 'cmake_force_configure' from command line to 'False'
[1.463s] Level 5:colcon.colcon_core.verb:set package 'sllidar_ros2' build argument 'ament_cmake_args' from command line to 'None'
[1.463s] Level 5:colcon.colcon_core.verb:set package 'sllidar_ros2' build argument 'catkin_cmake_args' from command line to 'None'
[1.463s] Level 5:colcon.colcon_core.verb:set package 'sllidar_ros2' build argument 'catkin_skip_building_tests' from command line to 'False'
[1.463s] DEBUG:colcon.colcon_core.verb:Building package 'sllidar_ros2' with the following arguments: {'ament_cmake_args': None, 'build_base': '/home/tomersi2/ros2_ws/build/sllidar_ros2', 'catkin_cmake_args': None, 'catkin_skip_building_tests': False, 'cmake_args': None, 'cmake_clean_cache': False, 'cmake_clean_first': False, 'cmake_force_configure': False, 'cmake_target': None, 'cmake_target_skip_unavailable': False, 'install_base': '/home/tomersi2/ros2_ws/install/sllidar_ros2', 'merge_install': False, 'path': '/home/tomersi2/ros2_ws/src/sllidar_ros2', 'symlink_install': False, 'test_result_base': None}
[1.464s] INFO:colcon.colcon_core.executor:Executing jobs using 'sequential' executor
[1.468s] DEBUG:colcon.colcon_core.executor.sequential:run_until_complete 'my_robot_controller'
[1.469s] INFO:colcon.colcon_ros.task.ament_python.build:Building ROS package in '/home/tomersi2/ros2_ws/src/my_robot_controller' with build type 'ament_python'
[1.470s] Level 1:colcon.colcon_core.shell:create_environment_hook('my_robot_controller', 'ament_prefix_path')
[1.493s] INFO:colcon.colcon_core.plugin_system:Skipping extension 'colcon_core.shell.bat': Not used on non-Windows systems
[1.496s] INFO:colcon.colcon_core.shell:Creating environment hook '/home/tomersi2/ros2_ws/install/my_robot_controller/share/my_robot_controller/hook/ament_prefix_path.ps1'
[1.501s] INFO:colcon.colcon_core.shell:Creating environment descriptor '/home/tomersi2/ros2_ws/install/my_robot_controller/share/my_robot_controller/hook/ament_prefix_path.dsv'
[1.504s] INFO:colcon.colcon_core.shell:Creating environment hook '/home/tomersi2/ros2_ws/install/my_robot_controller/share/my_robot_controller/hook/ament_prefix_path.sh'
[1.509s] INFO:colcon.colcon_core.shell:Skip shell extension 'powershell' for command environment: Not usable outside of PowerShell
[1.510s] DEBUG:colcon.colcon_core.shell:Skip shell extension 'dsv' for command environment
[2.740s] INFO:colcon.colcon_core.task.python.build:Building Python package in '/home/tomersi2/ros2_ws/src/my_robot_controller'
[2.741s] INFO:colcon.colcon_core.shell:Skip shell extension 'powershell' for command environment: Not usable outside of PowerShell
[2.741s] DEBUG:colcon.colcon_core.shell:Skip shell extension 'dsv' for command environment
[6.289s] DEBUG:colcon.colcon_core.event_handler.log_command:Invoking command in '/home/tomersi2/ros2_ws/src/my_robot_controller': PYTHONPATH=/home/tomersi2/ros2_ws/build/my_robot_controller/prefix_override:/home/tomersi2/ros2_ws/install/my_robot_controller/lib/python3.10/site-packages:${PYTHONPATH} /usr/bin/python3 -W ignore:setup.py install is deprecated setup.py egg_info --egg-base ../../build/my_robot_controller build --build-base /home/tomersi2/ros2_ws/build/my_robot_controller/build install --record /home/tomersi2/ros2_ws/build/my_robot_controller/install.log --single-version-externally-managed install_data
[9.181s] DEBUG:colcon.colcon_core.event_handler.log_command:Invoked command in '/home/tomersi2/ros2_ws/src/my_robot_controller' returned '0': PYTHONPATH=/home/tomersi2/ros2_ws/build/my_robot_controller/prefix_override:/home/tomersi2/ros2_ws/install/my_robot_controller/lib/python3.10/site-packages:${PYTHONPATH} /usr/bin/python3 -W ignore:setup.py install is deprecated setup.py egg_info --egg-base ../../build/my_robot_controller build --build-base /home/tomersi2/ros2_ws/build/my_robot_controller/build install --record /home/tomersi2/ros2_ws/build/my_robot_controller/install.log --single-version-externally-managed install_data
[9.204s] Level 1:colcon.colcon_core.environment:checking '/home/tomersi2/ros2_ws/install/my_robot_controller' for CMake module files
[9.207s] Level 1:colcon.colcon_core.environment:checking '/home/tomersi2/ros2_ws/install/my_robot_controller' for CMake config files
[9.213s] Level 1:colcon.colcon_core.environment:checking '/home/tomersi2/ros2_ws/install/my_robot_controller/lib'
[9.214s] Level 1:colcon.colcon_core.environment:checking '/home/tomersi2/ros2_ws/install/my_robot_controller/bin'
[9.215s] Level 1:colcon.colcon_core.environment:checking '/home/tomersi2/ros2_ws/install/my_robot_controller/lib/pkgconfig/my_robot_controller.pc'
[9.216s] Level 1:colcon.colcon_core.environment:checking '/home/tomersi2/ros2_ws/install/my_robot_controller/lib/python3.10/site-packages'
[9.216s] Level 1:colcon.colcon_core.shell:create_environment_hook('my_robot_controller', 'pythonpath')
[9.217s] INFO:colcon.colcon_core.shell:Creating environment hook '/home/tomersi2/ros2_ws/install/my_robot_controller/share/my_robot_controller/hook/pythonpath.ps1'
[9.219s] INFO:colcon.colcon_core.shell:Creating environment descriptor '/home/tomersi2/ros2_ws/install/my_robot_controller/share/my_robot_controller/hook/pythonpath.dsv'
[9.222s] INFO:colcon.colcon_core.shell:Creating environment hook '/home/tomersi2/ros2_ws/install/my_robot_controller/share/my_robot_controller/hook/pythonpath.sh'
[9.225s] Level 1:colcon.colcon_core.environment:checking '/home/tomersi2/ros2_ws/install/my_robot_controller/bin'
[9.225s] Level 1:colcon.colcon_core.environment:create_environment_scripts_only(my_robot_controller)
[9.227s] INFO:colcon.colcon_core.shell:Creating package script '/home/tomersi2/ros2_ws/install/my_robot_controller/share/my_robot_controller/package.ps1'
[9.231s] INFO:colcon.colcon_core.shell:Creating package descriptor '/home/tomersi2/ros2_ws/install/my_robot_controller/share/my_robot_controller/package.dsv'
[9.234s] INFO:colcon.colcon_core.shell:Creating package script '/home/tomersi2/ros2_ws/install/my_robot_controller/share/my_robot_controller/package.sh'
[9.239s] INFO:colcon.colcon_core.shell:Creating package script '/home/tomersi2/ros2_ws/install/my_robot_controller/share/my_robot_controller/package.bash'
[9.244s] INFO:colcon.colcon_core.shell:Creating package script '/home/tomersi2/ros2_ws/install/my_robot_controller/share/my_robot_controller/package.zsh'
[9.248s] Level 1:colcon.colcon_core.environment:create_file_with_runtime_dependencies(/home/tomersi2/ros2_ws/install/my_robot_controller/share/colcon-core/packages/my_robot_controller)
[9.250s] DEBUG:colcon.colcon_core.executor.sequential:run_until_complete 'my_robot_controller' finished with '0'
[9.250s] DEBUG:colcon.colcon_core.executor.sequential:run_until_complete 'rf2o_laser_odometry'
[9.251s] INFO:colcon.colcon_ros.task.ament_cmake.build:Building ROS package in '/home/tomersi2/ros2_ws/src/rf2o_laser_odometry' with build type 'ament_cmake'
[9.252s] INFO:colcon.colcon_cmake.task.cmake.build:Building CMake package in '/home/tomersi2/ros2_ws/src/rf2o_laser_odometry'
[9.253s] INFO:colcon.colcon_core.shell:Skip shell extension 'powershell' for command environment: Not usable outside of PowerShell
[9.254s] DEBUG:colcon.colcon_core.shell:Skip shell extension 'dsv' for command environment
[9.312s] DEBUG:colcon.colcon_core.event_handler.log_command:Invoking command in '/home/tomersi2/ros2_ws/build/rf2o_laser_odometry': CMAKE_PREFIX_PATH=${CMAKE_PREFIX_PATH}:/home/tomersi2/ros2_ws/install/my_robot_controller:/opt/ros/humble /usr/bin/cmake --build /home/tomersi2/ros2_ws/build/rf2o_laser_odometry -- -j4 -l4
[9.759s] DEBUG:colcon.colcon_core.event_handler.log_command:Invoked command in '/home/tomersi2/ros2_ws/build/rf2o_laser_odometry' returned '0': CMAKE_PREFIX_PATH=${CMAKE_PREFIX_PATH}:/home/tomersi2/ros2_ws/install/my_robot_controller:/opt/ros/humble /usr/bin/cmake --build /home/tomersi2/ros2_ws/build/rf2o_laser_odometry -- -j4 -l4
[9.975s] DEBUG:colcon.colcon_core.event_handler.log_command:Invoking command in '/home/tomersi2/ros2_ws/build/rf2o_laser_odometry': CMAKE_PREFIX_PATH=${CMAKE_PREFIX_PATH}:/home/tomersi2/ros2_ws/install/my_robot_controller:/opt/ros/humble /usr/bin/cmake --install /home/tomersi2/ros2_ws/build/rf2o_laser_odometry
[10.025s] Level 1:colcon.colcon_core.environment:create_environment_scripts_only(rf2o_laser_odometry)
[10.026s] Level 1:colcon.colcon_core.environment:checking '/home/tomersi2/ros2_ws/install/rf2o_laser_odometry' for CMake module files
[10.030s] Level 1:colcon.colcon_core.environment:checking '/home/tomersi2/ros2_ws/install/rf2o_laser_odometry' for CMake config files
[10.031s] Level 1:colcon.colcon_core.shell:create_environment_hook('rf2o_laser_odometry', 'cmake_prefix_path')
[10.032s] INFO:colcon.colcon_core.shell:Creating environment hook '/home/tomersi2/ros2_ws/install/rf2o_laser_odometry/share/rf2o_laser_odometry/hook/cmake_prefix_path.ps1'
[10.035s] DEBUG:colcon.colcon_core.event_handler.log_command:Invoked command in '/home/tomersi2/ros2_ws/build/rf2o_laser_odometry' returned '0': CMAKE_PREFIX_PATH=${CMAKE_PREFIX_PATH}:/home/tomersi2/ros2_ws/install/my_robot_controller:/opt/ros/humble /usr/bin/cmake --install /home/tomersi2/ros2_ws/build/rf2o_laser_odometry
[10.037s] INFO:colcon.colcon_core.shell:Creating environment descriptor '/home/tomersi2/ros2_ws/install/rf2o_laser_odometry/share/rf2o_laser_odometry/hook/cmake_prefix_path.dsv'
[10.039s] INFO:colcon.colcon_core.shell:Creating environment hook '/home/tomersi2/ros2_ws/install/rf2o_laser_odometry/share/rf2o_laser_odometry/hook/cmake_prefix_path.sh'
[10.042s] Level 1:colcon.colcon_core.environment:checking '/home/tomersi2/ros2_ws/install/rf2o_laser_odometry/lib'
[10.043s] Level 1:colcon.colcon_core.environment:checking '/home/tomersi2/ros2_ws/install/rf2o_laser_odometry/bin'
[10.043s] Level 1:colcon.colcon_core.environment:checking '/home/tomersi2/ros2_ws/install/rf2o_laser_odometry/lib/pkgconfig/rf2o_laser_odometry.pc'
[10.044s] Level 1:colcon.colcon_core.environment:checking '/home/tomersi2/ros2_ws/install/rf2o_laser_odometry/lib/python3.10/site-packages'
[10.046s] Level 1:colcon.colcon_core.environment:checking '/home/tomersi2/ros2_ws/install/rf2o_laser_odometry/bin'
[10.048s] INFO:colcon.colcon_core.shell:Creating package script '/home/tomersi2/ros2_ws/install/rf2o_laser_odometry/share/rf2o_laser_odometry/package.ps1'
[10.051s] INFO:colcon.colcon_core.shell:Creating package descriptor '/home/tomersi2/ros2_ws/install/rf2o_laser_odometry/share/rf2o_laser_odometry/package.dsv'
[10.053s] INFO:colcon.colcon_core.shell:Creating package script '/home/tomersi2/ros2_ws/install/rf2o_laser_odometry/share/rf2o_laser_odometry/package.sh'
[10.056s] INFO:colcon.colcon_core.shell:Creating package script '/home/tomersi2/ros2_ws/install/rf2o_laser_odometry/share/rf2o_laser_odometry/package.bash'
[10.058s] INFO:colcon.colcon_core.shell:Creating package script '/home/tomersi2/ros2_ws/install/rf2o_laser_odometry/share/rf2o_laser_odometry/package.zsh'
[10.060s] Level 1:colcon.colcon_core.environment:create_file_with_runtime_dependencies(/home/tomersi2/ros2_ws/install/rf2o_laser_odometry/share/colcon-core/packages/rf2o_laser_odometry)
[10.238s] Level 1:colcon.colcon_core.environment:create_environment_scripts_only(rf2o_laser_odometry)
[10.239s] Level 1:colcon.colcon_core.environment:checking '/home/tomersi2/ros2_ws/install/rf2o_laser_odometry' for CMake module files
[10.244s] Level 1:colcon.colcon_core.environment:checking '/home/tomersi2/ros2_ws/install/rf2o_laser_odometry' for CMake config files
[10.245s] Level 1:colcon.colcon_core.shell:create_environment_hook('rf2o_laser_odometry', 'cmake_prefix_path')
[10.246s] INFO:colcon.colcon_core.shell:Creating environment hook '/home/tomersi2/ros2_ws/install/rf2o_laser_odometry/share/rf2o_laser_odometry/hook/cmake_prefix_path.ps1'
[10.249s] INFO:colcon.colcon_core.shell:Creating environment descriptor '/home/tomersi2/ros2_ws/install/rf2o_laser_odometry/share/rf2o_laser_odometry/hook/cmake_prefix_path.dsv'
[10.251s] INFO:colcon.colcon_core.shell:Creating environment hook '/home/tomersi2/ros2_ws/install/rf2o_laser_odometry/share/rf2o_laser_odometry/hook/cmake_prefix_path.sh'
[10.255s] Level 1:colcon.colcon_core.environment:checking '/home/tomersi2/ros2_ws/install/rf2o_laser_odometry/lib'
[10.256s] Level 1:colcon.colcon_core.environment:checking '/home/tomersi2/ros2_ws/install/rf2o_laser_odometry/bin'
[10.256s] Level 1:colcon.colcon_core.environment:checking '/home/tomersi2/ros2_ws/install/rf2o_laser_odometry/lib/pkgconfig/rf2o_laser_odometry.pc'
[10.257s] Level 1:colcon.colcon_core.environment:checking '/home/tomersi2/ros2_ws/install/rf2o_laser_odometry/lib/python3.10/site-packages'
[10.258s] Level 1:colcon.colcon_core.environment:checking '/home/tomersi2/ros2_ws/install/rf2o_laser_odometry/bin'
[10.260s] INFO:colcon.colcon_core.shell:Creating package script '/home/tomersi2/ros2_ws/install/rf2o_laser_odometry/share/rf2o_laser_odometry/package.ps1'
[10.263s] INFO:colcon.colcon_core.shell:Creating package descriptor '/home/tomersi2/ros2_ws/install/rf2o_laser_odometry/share/rf2o_laser_odometry/package.dsv'
[10.265s] INFO:colcon.colcon_core.shell:Creating package script '/home/tomersi2/ros2_ws/install/rf2o_laser_odometry/share/rf2o_laser_odometry/package.sh'
[10.268s] INFO:colcon.colcon_core.shell:Creating package script '/home/tomersi2/ros2_ws/install/rf2o_laser_odometry/share/rf2o_laser_odometry/package.bash'
[10.271s] INFO:colcon.colcon_core.shell:Creating package script '/home/tomersi2/ros2_ws/install/rf2o_laser_odometry/share/rf2o_laser_odometry/package.zsh'
[10.275s] Level 1:colcon.colcon_core.environment:create_file_with_runtime_dependencies(/home/tomersi2/ros2_ws/install/rf2o_laser_odometry/share/colcon-core/packages/rf2o_laser_odometry)
[10.277s] DEBUG:colcon.colcon_core.executor.sequential:run_until_complete 'rf2o_laser_odometry' finished with '0'
[10.278s] DEBUG:colcon.colcon_core.executor.sequential:run_until_complete 'sllidar_ros2'
[10.279s] INFO:colcon.colcon_ros.task.ament_cmake.build:Building ROS package in '/home/tomersi2/ros2_ws/src/sllidar_ros2' with build type 'ament_cmake'
[10.279s] INFO:colcon.colcon_cmake.task.cmake.build:Building CMake package in '/home/tomersi2/ros2_ws/src/sllidar_ros2'
[10.281s] INFO:colcon.colcon_core.shell:Skip shell extension 'powershell' for command environment: Not usable outside of PowerShell
[10.281s] DEBUG:colcon.colcon_core.shell:Skip shell extension 'dsv' for command environment
[10.340s] DEBUG:colcon.colcon_core.event_handler.log_command:Invoking command in '/home/tomersi2/ros2_ws/build/sllidar_ros2': CMAKE_PREFIX_PATH=${CMAKE_PREFIX_PATH}:/home/tomersi2/ros2_ws/install/my_robot_controller:/opt/ros/humble /usr/bin/cmake --build /home/tomersi2/ros2_ws/build/sllidar_ros2 -- -j4 -l4
[10.793s] DEBUG:colcon.colcon_core.event_handler.log_command:Invoked command in '/home/tomersi2/ros2_ws/build/sllidar_ros2' returned '0': CMAKE_PREFIX_PATH=${CMAKE_PREFIX_PATH}:/home/tomersi2/ros2_ws/install/my_robot_controller:/opt/ros/humble /usr/bin/cmake --build /home/tomersi2/ros2_ws/build/sllidar_ros2 -- -j4 -l4
[11.234s] DEBUG:colcon.colcon_core.event_handler.log_command:Invoking command in '/home/tomersi2/ros2_ws/build/sllidar_ros2': CMAKE_PREFIX_PATH=${CMAKE_PREFIX_PATH}:/home/tomersi2/ros2_ws/install/my_robot_controller:/opt/ros/humble /usr/bin/cmake --install /home/tomersi2/ros2_ws/build/sllidar_ros2
[11.359s] Level 1:colcon.colcon_core.environment:create_environment_scripts_only(sllidar_ros2)
[11.360s] Level 1:colcon.colcon_core.environment:checking '/home/tomersi2/ros2_ws/install/sllidar_ros2' for CMake module files
[11.362s] DEBUG:colcon.colcon_core.event_handler.log_command:Invoked command in '/home/tomersi2/ros2_ws/build/sllidar_ros2' returned '0': CMAKE_PREFIX_PATH=${CMAKE_PREFIX_PATH}:/home/tomersi2/ros2_ws/install/my_robot_controller:/opt/ros/humble /usr/bin/cmake --install /home/tomersi2/ros2_ws/build/sllidar_ros2
[11.366s] Level 1:colcon.colcon_core.environment:checking '/home/tomersi2/ros2_ws/install/sllidar_ros2' for CMake config files
[11.368s] Level 1:colcon.colcon_core.shell:create_environment_hook('sllidar_ros2', 'cmake_prefix_path')
[11.369s] INFO:colcon.colcon_core.shell:Creating environment hook '/home/tomersi2/ros2_ws/install/sllidar_ros2/share/sllidar_ros2/hook/cmake_prefix_path.ps1'
[11.371s] INFO:colcon.colcon_core.shell:Creating environment descriptor '/home/tomersi2/ros2_ws/install/sllidar_ros2/share/sllidar_ros2/hook/cmake_prefix_path.dsv'
[11.374s] INFO:colcon.colcon_core.shell:Creating environment hook '/home/tomersi2/ros2_ws/install/sllidar_ros2/share/sllidar_ros2/hook/cmake_prefix_path.sh'
[11.378s] Level 1:colcon.colcon_core.environment:checking '/home/tomersi2/ros2_ws/install/sllidar_ros2/lib'
[11.379s] Level 1:colcon.colcon_core.environment:checking '/home/tomersi2/ros2_ws/install/sllidar_ros2/bin'
[11.379s] Level 1:colcon.colcon_core.environment:checking '/home/tomersi2/ros2_ws/install/sllidar_ros2/lib/pkgconfig/sllidar_ros2.pc'
[11.381s] Level 1:colcon.colcon_core.environment:checking '/home/tomersi2/ros2_ws/install/sllidar_ros2/lib/python3.10/site-packages'
[11.383s] Level 1:colcon.colcon_core.environment:checking '/home/tomersi2/ros2_ws/install/sllidar_ros2/bin'
[11.386s] INFO:colcon.colcon_core.shell:Creating package script '/home/tomersi2/ros2_ws/install/sllidar_ros2/share/sllidar_ros2/package.ps1'
[11.389s] INFO:colcon.colcon_core.shell:Creating package descriptor '/home/tomersi2/ros2_ws/install/sllidar_ros2/share/sllidar_ros2/package.dsv'
[11.396s] INFO:colcon.colcon_core.shell:Creating package script '/home/tomersi2/ros2_ws/install/sllidar_ros2/share/sllidar_ros2/package.sh'
[11.400s] INFO:colcon.colcon_core.shell:Creating package script '/home/tomersi2/ros2_ws/install/sllidar_ros2/share/sllidar_ros2/package.bash'
[11.403s] INFO:colcon.colcon_core.shell:Creating package script '/home/tomersi2/ros2_ws/install/sllidar_ros2/share/sllidar_ros2/package.zsh'
[11.406s] Level 1:colcon.colcon_core.environment:create_file_with_runtime_dependencies(/home/tomersi2/ros2_ws/install/sllidar_ros2/share/colcon-core/packages/sllidar_ros2)
[11.838s] Level 1:colcon.colcon_core.environment:create_environment_scripts_only(sllidar_ros2)
[11.839s] Level 1:colcon.colcon_core.environment:checking '/home/tomersi2/ros2_ws/install/sllidar_ros2' for CMake module files
[11.843s] Level 1:colcon.colcon_core.environment:checking '/home/tomersi2/ros2_ws/install/sllidar_ros2' for CMake config files
[11.845s] Level 1:colcon.colcon_core.shell:create_environment_hook('sllidar_ros2', 'cmake_prefix_path')
[11.846s] INFO:colcon.colcon_core.shell:Creating environment hook '/home/tomersi2/ros2_ws/install/sllidar_ros2/share/sllidar_ros2/hook/cmake_prefix_path.ps1'
[11.849s] INFO:colcon.colcon_core.shell:Creating environment descriptor '/home/tomersi2/ros2_ws/install/sllidar_ros2/share/sllidar_ros2/hook/cmake_prefix_path.dsv'
[11.851s] INFO:colcon.colcon_core.shell:Creating environment hook '/home/tomersi2/ros2_ws/install/sllidar_ros2/share/sllidar_ros2/hook/cmake_prefix_path.sh'
[11.855s] Level 1:colcon.colcon_core.environment:checking '/home/tomersi2/ros2_ws/install/sllidar_ros2/lib'
[11.856s] Level 1:colcon.colcon_core.environment:checking '/home/tomersi2/ros2_ws/install/sllidar_ros2/bin'
[11.856s] Level 1:colcon.colcon_core.environment:checking '/home/tomersi2/ros2_ws/install/sllidar_ros2/lib/pkgconfig/sllidar_ros2.pc'
[11.857s] Level 1:colcon.colcon_core.environment:checking '/home/tomersi2/ros2_ws/install/sllidar_ros2/lib/python3.10/site-packages'
[11.859s] Level 1:colcon.colcon_core.environment:checking '/home/tomersi2/ros2_ws/install/sllidar_ros2/bin'
[11.860s] INFO:colcon.colcon_core.shell:Creating package script '/home/tomersi2/ros2_ws/install/sllidar_ros2/share/sllidar_ros2/package.ps1'
[11.864s] INFO:colcon.colcon_core.shell:Creating package descriptor '/home/tomersi2/ros2_ws/install/sllidar_ros2/share/sllidar_ros2/package.dsv'
[11.867s] INFO:colcon.colcon_core.shell:Creating package script '/home/tomersi2/ros2_ws/install/sllidar_ros2/share/sllidar_ros2/package.sh'
[11.870s] INFO:colcon.colcon_core.shell:Creating package script '/home/tomersi2/ros2_ws/install/sllidar_ros2/share/sllidar_ros2/package.bash'
[11.872s] INFO:colcon.colcon_core.shell:Creating package script '/home/tomersi2/ros2_ws/install/sllidar_ros2/share/sllidar_ros2/package.zsh'
[11.875s] Level 1:colcon.colcon_core.environment:create_file_with_runtime_dependencies(/home/tomersi2/ros2_ws/install/sllidar_ros2/share/colcon-core/packages/sllidar_ros2)
[11.876s] DEBUG:colcon.colcon_core.executor.sequential:run_until_complete 'sllidar_ros2' finished with '0'
[11.877s] DEBUG:colcon.colcon_core.executor.sequential:closing loop
[11.878s] DEBUG:colcon.colcon_core.executor.sequential:loop closed
[11.879s] DEBUG:colcon.colcon_core.event_reactor:joining thread
[11.923s] INFO:colcon.colcon_core.plugin_system:Skipping extension 'colcon_notification.desktop_notification.terminal_notifier': Not used on non-Darwin systems
[11.924s] INFO:colcon.colcon_core.plugin_system:Skipping extension 'colcon_notification.desktop_notification.win32': Not used on non-Windows systems
[11.924s] INFO:colcon.colcon_notification.desktop_notification:Sending desktop notification using 'notify2'
[12.002s] DEBUG:colcon.colcon_core.event_reactor:joined thread
[12.004s] INFO:colcon.colcon_core.shell:Creating prefix script '/home/tomersi2/ros2_ws/install/local_setup.ps1'
[12.009s] INFO:colcon.colcon_core.shell:Creating prefix util module '/home/tomersi2/ros2_ws/install/_local_setup_util_ps1.py'
[12.018s] INFO:colcon.colcon_core.shell:Creating prefix chain script '/home/tomersi2/ros2_ws/install/setup.ps1'
[12.025s] INFO:colcon.colcon_core.shell:Creating prefix script '/home/tomersi2/ros2_ws/install/local_setup.sh'
[12.030s] INFO:colcon.colcon_core.shell:Creating prefix util module '/home/tomersi2/ros2_ws/install/_local_setup_util_sh.py'
[12.037s] INFO:colcon.colcon_core.shell:Creating prefix chain script '/home/tomersi2/ros2_ws/install/setup.sh'
[12.051s] INFO:colcon.colcon_core.shell:Creating prefix script '/home/tomersi2/ros2_ws/install/local_setup.bash'
[12.055s] INFO:colcon.colcon_core.shell:Creating prefix chain script '/home/tomersi2/ros2_ws/install/setup.bash'
[12.062s] INFO:colcon.colcon_core.shell:Creating prefix script '/home/tomersi2/ros2_ws/install/local_setup.zsh'
[12.066s] INFO:colcon.colcon_core.shell:Creating prefix chain script '/home/tomersi2/ros2_ws/install/setup.zsh'
