[6.630s] Invoking command in '/home/tomersi2/ros2_ws/src/my_robot_controller': PYTHONPATH=/home/tomersi2/ros2_ws/src/build/my_robot_controller/prefix_override:/home/tomersi2/ros2_ws/src/install/my_robot_controller/lib/python3.10/site-packages:${PYTHONPATH} /usr/bin/python3 -W ignore:setup.py install is deprecated setup.py egg_info --egg-base ../build/my_robot_controller build --build-base /home/tomersi2/ros2_ws/src/build/my_robot_controller/build install --record /home/tomersi2/ros2_ws/src/build/my_robot_controller/install.log --single-version-externally-managed install_data
[8.338s] running egg_info
[8.338s] creating ../build/my_robot_controller/my_robot_controller.egg-info
[8.409s] writing ../build/my_robot_controller/my_robot_controller.egg-info/PKG-INFO
[8.412s] writing dependency_links to ../build/my_robot_controller/my_robot_controller.egg-info/dependency_links.txt
[8.413s] writing entry points to ../build/my_robot_controller/my_robot_controller.egg-info/entry_points.txt
[8.414s] writing requirements to ../build/my_robot_controller/my_robot_controller.egg-info/requires.txt
[8.415s] writing top-level names to ../build/my_robot_controller/my_robot_controller.egg-info/top_level.txt
[8.428s] writing manifest file '../build/my_robot_controller/my_robot_controller.egg-info/SOURCES.txt'
[8.593s] reading manifest file '../build/my_robot_controller/my_robot_controller.egg-info/SOURCES.txt'
[8.597s] writing manifest file '../build/my_robot_controller/my_robot_controller.egg-info/SOURCES.txt'
[8.599s] running build
[8.600s] running build_py
[8.602s] creating /home/tomersi2/ros2_ws/src/build/my_robot_controller/build
[8.603s] creating /home/tomersi2/ros2_ws/src/build/my_robot_controller/build/lib
[8.603s] creating /home/tomersi2/ros2_ws/src/build/my_robot_controller/build/lib/my_robot_controller
[8.604s] copying my_robot_controller/motor_control.py -> /home/tomersi2/ros2_ws/src/build/my_robot_controller/build/lib/my_robot_controller
[8.607s] copying my_robot_controller/static_transform_publisher.py -> /home/tomersi2/ros2_ws/src/build/my_robot_controller/build/lib/my_robot_controller
[8.610s] copying my_robot_controller/__init__.py -> /home/tomersi2/ros2_ws/src/build/my_robot_controller/build/lib/my_robot_controller
[8.612s] copying my_robot_controller/transform_publisher.py -> /home/tomersi2/ros2_ws/src/build/my_robot_controller/build/lib/my_robot_controller
[8.615s] running install
[8.650s] running install_lib
[8.734s] creating /home/tomersi2/ros2_ws/src/install/my_robot_controller/lib/python3.10/site-packages/my_robot_controller
[8.735s] copying /home/tomersi2/ros2_ws/src/build/my_robot_controller/build/lib/my_robot_controller/motor_control.py -> /home/tomersi2/ros2_ws/src/install/my_robot_controller/lib/python3.10/site-packages/my_robot_controller
[8.736s] copying /home/tomersi2/ros2_ws/src/build/my_robot_controller/build/lib/my_robot_controller/static_transform_publisher.py -> /home/tomersi2/ros2_ws/src/install/my_robot_controller/lib/python3.10/site-packages/my_robot_controller
[8.737s] copying /home/tomersi2/ros2_ws/src/build/my_robot_controller/build/lib/my_robot_controller/__init__.py -> /home/tomersi2/ros2_ws/src/install/my_robot_controller/lib/python3.10/site-packages/my_robot_controller
[8.739s] copying /home/tomersi2/ros2_ws/src/build/my_robot_controller/build/lib/my_robot_controller/transform_publisher.py -> /home/tomersi2/ros2_ws/src/install/my_robot_controller/lib/python3.10/site-packages/my_robot_controller
[8.749s] byte-compiling /home/tomersi2/ros2_ws/src/install/my_robot_controller/lib/python3.10/site-packages/my_robot_controller/motor_control.py to motor_control.cpython-310.pyc
[8.758s] byte-compiling /home/tomersi2/ros2_ws/src/install/my_robot_controller/lib/python3.10/site-packages/my_robot_controller/static_transform_publisher.py to static_transform_publisher.cpython-310.pyc
[8.763s] byte-compiling /home/tomersi2/ros2_ws/src/install/my_robot_controller/lib/python3.10/site-packages/my_robot_controller/__init__.py to __init__.cpython-310.pyc
[8.766s] byte-compiling /home/tomersi2/ros2_ws/src/install/my_robot_controller/lib/python3.10/site-packages/my_robot_controller/transform_publisher.py to transform_publisher.cpython-310.pyc
[8.770s] running install_data
[8.772s] creating /home/tomersi2/ros2_ws/src/install/my_robot_controller/share/ament_index
[8.774s] creating /home/tomersi2/ros2_ws/src/install/my_robot_controller/share/ament_index/resource_index
[8.775s] creating /home/tomersi2/ros2_ws/src/install/my_robot_controller/share/ament_index/resource_index/packages
[8.777s] copying resource/my_robot_controller -> /home/tomersi2/ros2_ws/src/install/my_robot_controller/share/ament_index/resource_index/packages
[8.779s] copying package.xml -> /home/tomersi2/ros2_ws/src/install/my_robot_controller/share/my_robot_controller
[8.781s] creating /home/tomersi2/ros2_ws/src/install/my_robot_controller/share/my_robot_controller/launch
[8.782s] copying launch/start_robot.launch.py -> /home/tomersi2/ros2_ws/src/install/my_robot_controller/share/my_robot_controller/launch/
[8.784s] running install_egg_info
[8.866s] Copying ../build/my_robot_controller/my_robot_controller.egg-info to /home/tomersi2/ros2_ws/src/install/my_robot_controller/lib/python3.10/site-packages/my_robot_controller-0.0.0-py3.10.egg-info
[8.873s] running install_scripts
[9.600s] Installing motor_control script to /home/tomersi2/ros2_ws/src/install/my_robot_controller/lib/my_robot_controller
[9.602s] Installing robot_state_publisher_node script to /home/tomersi2/ros2_ws/src/install/my_robot_controller/lib/my_robot_controller
[9.603s] Installing static_transform_publisher script to /home/tomersi2/ros2_ws/src/install/my_robot_controller/lib/my_robot_controller
[9.603s] Installing transform_publisher script to /home/tomersi2/ros2_ws/src/install/my_robot_controller/lib/my_robot_controller
[9.606s] writing list of installed files to '/home/tomersi2/ros2_ws/src/build/my_robot_controller/install.log'
[9.760s] Invoked command in '/home/tomersi2/ros2_ws/src/my_robot_controller' returned '0': PYTHONPATH=/home/tomersi2/ros2_ws/src/build/my_robot_controller/prefix_override:/home/tomersi2/ros2_ws/src/install/my_robot_controller/lib/python3.10/site-packages:${PYTHONPATH} /usr/bin/python3 -W ignore:setup.py install is deprecated setup.py egg_info --egg-base ../build/my_robot_controller build --build-base /home/tomersi2/ros2_ws/src/build/my_robot_controller/build install --record /home/tomersi2/ros2_ws/src/build/my_robot_controller/install.log --single-version-externally-managed install_data
