[2.476s] Invoking command in '/home/tomersi2/ros2_ws/build/rf2o_laser_odometry': CMAKE_PREFIX_PATH=${CMAKE_PREFIX_PATH}:/home/tomersi2/ros2_ws/install/my_robot_controller:/opt/ros/humble /usr/bin/cmake --build /home/tomersi2/ros2_ws/build/rf2o_laser_odometry -- -j4 -l4
[3.124s] [ 40%] Built target rf2o_laser_odometry
[3.163s] [100%] Built target rf2o_laser_odometry_node
[3.223s] Invoked command in '/home/tomersi2/ros2_ws/build/rf2o_laser_odometry' returned '0': CMAKE_PREFIX_PATH=${CMAKE_PREFIX_PATH}:/home/tomersi2/ros2_ws/install/my_robot_controller:/opt/ros/humble /usr/bin/cmake --build /home/tomersi2/ros2_ws/build/rf2o_laser_odometry -- -j4 -l4
[3.458s] Invoking command in '/home/tomersi2/ros2_ws/build/rf2o_laser_odometry': CMAKE_PREFIX_PATH=${CMAKE_PREFIX_PATH}:/home/tomersi2/ros2_ws/install/my_robot_controller:/opt/ros/humble /usr/bin/cmake --install /home/tomersi2/ros2_ws/build/rf2o_laser_odometry
[3.508s] -- Install configuration: ""
[3.509s] -- Up-to-date: /home/tomersi2/ros2_ws/install/rf2o_laser_odometry/lib/rf2o_laser_odometry/rf2o_laser_odometry_node
[3.511s] -- Up-to-date: /home/tomersi2/ros2_ws/install/rf2o_laser_odometry/share/rf2o_laser_odometry/launch
[3.512s] -- Up-to-date: /home/tomersi2/ros2_ws/install/rf2o_laser_odometry/share/rf2o_laser_odometry/launch/rf2o_laser_odometry.launch.py
[3.512s] -- Up-to-date: /home/tomersi2/ros2_ws/install/rf2o_laser_odometry/share/ament_index/resource_index/package_run_dependencies/rf2o_laser_odometry
[3.513s] -- Up-to-date: /home/tomersi2/ros2_ws/install/rf2o_laser_odometry/share/ament_index/resource_index/parent_prefix_path/rf2o_laser_odometry
[3.514s] -- Up-to-date: /home/tomersi2/ros2_ws/install/rf2o_laser_odometry/share/rf2o_laser_odometry/environment/ament_prefix_path.sh
[3.517s] -- Up-to-date: /home/tomersi2/ros2_ws/install/rf2o_laser_odometry/share/rf2o_laser_odometry/environment/ament_prefix_path.dsv
[3.518s] -- Up-to-date: /home/tomersi2/ros2_ws/install/rf2o_laser_odometry/share/rf2o_laser_odometry/environment/path.sh
[3.519s] -- Up-to-date: /home/tomersi2/ros2_ws/install/rf2o_laser_odometry/share/rf2o_laser_odometry/environment/path.dsv
[3.520s] -- Up-to-date: /home/tomersi2/ros2_ws/install/rf2o_laser_odometry/share/rf2o_laser_odometry/local_setup.bash
[3.524s] -- Up-to-date: /home/tomersi2/ros2_ws/install/rf2o_laser_odometry/share/rf2o_laser_odometry/local_setup.sh
[3.527s] -- Up-to-date: /home/tomersi2/ros2_ws/install/rf2o_laser_odometry/share/rf2o_laser_odometry/local_setup.zsh
[3.529s] -- Up-to-date: /home/tomersi2/ros2_ws/install/rf2o_laser_odometry/share/rf2o_laser_odometry/local_setup.dsv
[3.566s] -- Installing: /home/tomersi2/ros2_ws/install/rf2o_laser_odometry/share/rf2o_laser_odometry/package.dsv
[3.568s] -- Up-to-date: /home/tomersi2/ros2_ws/install/rf2o_laser_odometry/share/ament_index/resource_index/packages/rf2o_laser_odometry
[3.570s] -- Up-to-date: /home/tomersi2/ros2_ws/install/rf2o_laser_odometry/share/rf2o_laser_odometry/cmake/rf2o_laser_odometryConfig.cmake
[3.571s] -- Up-to-date: /home/tomersi2/ros2_ws/install/rf2o_laser_odometry/share/rf2o_laser_odometry/cmake/rf2o_laser_odometryConfig-version.cmake
[3.571s] -- Up-to-date: /home/tomersi2/ros2_ws/install/rf2o_laser_odometry/share/rf2o_laser_odometry/package.xml
[3.572s] Invoked command in '/home/tomersi2/ros2_ws/build/rf2o_laser_odometry' returned '0': CMAKE_PREFIX_PATH=${CMAKE_PREFIX_PATH}:/home/tomersi2/ros2_ws/install/my_robot_controller:/opt/ros/humble /usr/bin/cmake --install /home/tomersi2/ros2_ws/build/rf2o_laser_odometry
