[1.107s] Invoking command in '/home/tomersi2/ros2_ws/build/rf2o_laser_odometry': CMAKE_PREFIX_PATH=${CMAKE_PREFIX_PATH}:/home/tomersi2/ros2_ws/install/my_robot_controller:/opt/ros/humble /usr/bin/cmake /home/tomersi2/ros2_ws/src/rf2o_laser_odometry -DCMAKE_INSTALL_PREFIX=/home/tomersi2/ros2_ws/install/rf2o_laser_odometry
[1.492s] -- The C compiler identification is GNU 11.4.0
[1.839s] -- The CXX compiler identification is GNU 11.4.0
[1.874s] -- Detecting C compiler ABI info
[2.338s] -- Detecting C compiler ABI info - done
[2.374s] -- Check for working C compiler: /usr/bin/cc - skipped
[2.393s] -- Detecting C compile features
[2.394s] -- Detecting C compile features - done
[2.416s] -- Detecting CXX compiler ABI info
[2.929s] -- Detecting CXX compiler ABI info - done
[2.962s] -- Check for working CXX compiler: /usr/bin/c++ - skipped
[2.963s] -- Detecting CXX compile features
[2.965s] -- Detecting CXX compile features - done
[3.000s] -- Found ament_cmake: 1.3.8 (/opt/ros/humble/share/ament_cmake/cmake)
[5.223s] -- Found Python3: /usr/bin/python3 (found version "3.10.12") found components: Interpreter 
[6.086s] -- Found rclcpp: 16.0.8 (/opt/ros/humble/share/rclcpp/cmake)
[6.564s] -- Found rosidl_generator_c: 3.1.5 (/opt/ros/humble/share/rosidl_generator_c/cmake)
[6.622s] -- Found rosidl_adapter: 3.1.5 (/opt/ros/humble/share/rosidl_adapter/cmake)
[6.718s] -- Found rosidl_generator_cpp: 3.1.5 (/opt/ros/humble/share/rosidl_generator_cpp/cmake)
[6.888s] -- Using all available rosidl_typesupport_c: rosidl_typesupport_fastrtps_c;rosidl_typesupport_introspection_c
[7.173s] -- Using all available rosidl_typesupport_cpp: rosidl_typesupport_fastrtps_cpp;rosidl_typesupport_introspection_cpp
[7.838s] -- Found rmw_implementation_cmake: 6.1.1 (/opt/ros/humble/share/rmw_implementation_cmake/cmake)
[7.869s] -- Found rmw_fastrtps_cpp: 6.2.6 (/opt/ros/humble/share/rmw_fastrtps_cpp/cmake)
[8.647s] -- Found OpenSSL: /usr/lib/aarch64-linux-gnu/libcrypto.so (found version "3.0.2")  
[8.912s] -- Found FastRTPS: /opt/ros/humble/include  
[9.356s] -- Using RMW implementation 'rmw_fastrtps_cpp' as default
[9.450s] -- Looking for pthread.h
[9.856s] -- Looking for pthread.h - found
[9.858s] -- Performing Test CMAKE_HAVE_LIBC_PTHREAD
[10.228s] -- Performing Test CMAKE_HAVE_LIBC_PTHREAD - Success
[10.233s] -- Found Threads: TRUE  
[11.122s] -- Found geometry_msgs: 4.2.3 (/opt/ros/humble/share/geometry_msgs/cmake)
[11.333s] -- Found tf2_geometry_msgs: 0.25.6 (/opt/ros/humble/share/tf2_geometry_msgs/cmake)
[11.519s] -- Found eigen3_cmake_module: 0.1.1 (/opt/ros/humble/share/eigen3_cmake_module/cmake)
[11.526s] -- Found Eigen3: TRUE (found version "3.4.0") 
[11.526s] -- Ensuring Eigen3 include directory is part of orocos-kdl CMake target
[13.708s] -- Found sensor_msgs: 4.2.3 (/opt/ros/humble/share/sensor_msgs/cmake)
[14.213s] -- Found nav_msgs: 4.2.3 (/opt/ros/humble/share/nav_msgs/cmake)
[14.628s] -- Found Boost: /usr/lib/aarch64-linux-gnu/cmake/Boost-1.74.0/BoostConfig.cmake (found version "1.74.0")  
[15.036s] -- Configuring done
[15.141s] -- Generating done
[15.158s] -- Build files have been written to: /home/tomersi2/ros2_ws/build/rf2o_laser_odometry
[15.205s] Invoked command in '/home/tomersi2/ros2_ws/build/rf2o_laser_odometry' returned '0': CMAKE_PREFIX_PATH=${CMAKE_PREFIX_PATH}:/home/tomersi2/ros2_ws/install/my_robot_controller:/opt/ros/humble /usr/bin/cmake /home/tomersi2/ros2_ws/src/rf2o_laser_odometry -DCMAKE_INSTALL_PREFIX=/home/tomersi2/ros2_ws/install/rf2o_laser_odometry
[15.220s] Invoking command in '/home/tomersi2/ros2_ws/build/rf2o_laser_odometry': CMAKE_PREFIX_PATH=${CMAKE_PREFIX_PATH}:/home/tomersi2/ros2_ws/install/my_robot_controller:/opt/ros/humble /usr/bin/cmake --build /home/tomersi2/ros2_ws/build/rf2o_laser_odometry -- -j4 -l4
[15.475s] [ 20%] [32mBuilding CXX object CMakeFiles/rf2o_laser_odometry_node.dir/src/CLaserOdometry2DNode.cpp.o[0m
[15.479s] [ 40%] [32mBuilding CXX object CMakeFiles/rf2o_laser_odometry_node.dir/src/CLaserOdometry2D.cpp.o[0m
[15.491s] [ 60%] [32mBuilding CXX object CMakeFiles/rf2o_laser_odometry.dir/src/CLaserOdometry2D.cpp.o[0m
