[8.171s] Invoking command in '/home/tomersi2/ros2_ws/src/my_robot_controller': PYTHONPATH=/home/tomersi2/ros2_ws/build/my_robot_controller/prefix_override:/home/tomersi2/ros2_ws/install/my_robot_controller/lib/python3.10/site-packages:${PYTHONPATH} /usr/bin/python3 -W ignore:setup.py install is deprecated setup.py egg_info --egg-base ../../build/my_robot_controller build --build-base /home/tomersi2/ros2_ws/build/my_robot_controller/build install --record /home/tomersi2/ros2_ws/build/my_robot_controller/install.log --single-version-externally-managed install_data
[10.570s] running egg_info
[10.696s] writing ../../build/my_robot_controller/my_robot_controller.egg-info/PKG-INFO
[10.702s] writing dependency_links to ../../build/my_robot_controller/my_robot_controller.egg-info/dependency_links.txt
[10.707s] writing entry points to ../../build/my_robot_controller/my_robot_controller.egg-info/entry_points.txt
[10.711s] writing requirements to ../../build/my_robot_controller/my_robot_controller.egg-info/requires.txt
[10.713s] writing top-level names to ../../build/my_robot_controller/my_robot_controller.egg-info/top_level.txt
[10.980s] reading manifest file '../../build/my_robot_controller/my_robot_controller.egg-info/SOURCES.txt'
[10.993s] writing manifest file '../../build/my_robot_controller/my_robot_controller.egg-info/SOURCES.txt'
[10.996s] running build
[10.997s] running build_py
[10.999s] copying my_robot_controller/motor_control.py -> /home/tomersi2/ros2_ws/build/my_robot_controller/build/lib/my_robot_controller
[11.003s] copying my_robot_controller/__init__.py -> /home/tomersi2/ros2_ws/build/my_robot_controller/build/lib/my_robot_controller
[11.005s] copying my_robot_controller/robot_state_publisher.py -> /home/tomersi2/ros2_ws/build/my_robot_controller/build/lib/my_robot_controller
[11.009s] running install
[11.052s] running install_lib
[11.181s] copying /home/tomersi2/ros2_ws/build/my_robot_controller/build/lib/my_robot_controller/robot_state_publisher.py -> /home/tomersi2/ros2_ws/install/my_robot_controller/lib/python3.10/site-packages/my_robot_controller
[11.190s] byte-compiling /home/tomersi2/ros2_ws/install/my_robot_controller/lib/python3.10/site-packages/my_robot_controller/robot_state_publisher.py to robot_state_publisher.cpython-310.pyc
[11.202s] running install_data
[11.205s] copying resource/my_robot_controller -> /home/tomersi2/ros2_ws/install/my_robot_controller/share/ament_index/resource_index/packages
[11.207s] copying package.xml -> /home/tomersi2/ros2_ws/install/my_robot_controller/share/my_robot_controller
[11.211s] copying launch/start_robot.launch.py -> /home/tomersi2/ros2_ws/install/my_robot_controller/share/my_robot_controller/launch/
[11.216s] running install_egg_info
[11.370s] removing '/home/tomersi2/ros2_ws/install/my_robot_controller/lib/python3.10/site-packages/my_robot_controller-0.0.0-py3.10.egg-info' (and everything under it)
[11.373s] Copying ../../build/my_robot_controller/my_robot_controller.egg-info to /home/tomersi2/ros2_ws/install/my_robot_controller/lib/python3.10/site-packages/my_robot_controller-0.0.0-py3.10.egg-info
[11.390s] running install_scripts
[12.897s] Installing motor_control script to /home/tomersi2/ros2_ws/install/my_robot_controller/lib/my_robot_controller
[12.901s] Installing robot_state_publisher_node script to /home/tomersi2/ros2_ws/install/my_robot_controller/lib/my_robot_controller
[12.906s] writing list of installed files to '/home/tomersi2/ros2_ws/build/my_robot_controller/install.log'
[13.328s] Invoked command in '/home/tomersi2/ros2_ws/src/my_robot_controller' returned '0': PYTHONPATH=/home/tomersi2/ros2_ws/build/my_robot_controller/prefix_override:/home/tomersi2/ros2_ws/install/my_robot_controller/lib/python3.10/site-packages:${PYTHONPATH} /usr/bin/python3 -W ignore:setup.py install is deprecated setup.py egg_info --egg-base ../../build/my_robot_controller build --build-base /home/tomersi2/ros2_ws/build/my_robot_controller/build install --record /home/tomersi2/ros2_ws/build/my_robot_controller/install.log --single-version-externally-managed install_data
