[0.983s] Invoking command in '/home/tomersi2/ros2_ws/build/sllidar_ros2': CMAKE_PREFIX_PATH=${CMAKE_PREFIX_PATH}:/home/tomersi2/ros2_ws/install/my_robot_controller:/opt/ros/humble /usr/bin/cmake --build /home/tomersi2/ros2_ws/build/sllidar_ros2 -- -j4 -l4
[1.535s] [ 10%] Built target sllidar_client
[1.544s] [100%] Built target sllidar_node
[1.591s] Invoked command in '/home/tomersi2/ros2_ws/build/sllidar_ros2' returned '0': CMAKE_PREFIX_PATH=${CMAKE_PREFIX_PATH}:/home/tomersi2/ros2_ws/install/my_robot_controller:/opt/ros/humble /usr/bin/cmake --build /home/tomersi2/ros2_ws/build/sllidar_ros2 -- -j4 -l4
[2.042s] Invoking command in '/home/tomersi2/ros2_ws/build/sllidar_ros2': CMAKE_PREFIX_PATH=${CMAKE_PREFIX_PATH}:/home/tomersi2/ros2_ws/install/my_robot_controller:/opt/ros/humble /usr/bin/cmake --install /home/tomersi2/ros2_ws/build/sllidar_ros2
[2.071s] -- Install configuration: ""
[2.074s] -- Execute custom install script
[2.079s] -- Up-to-date symlink: /home/tomersi2/ros2_ws/install/sllidar_ros2/share/sllidar_ros2/launch/sllidar_a1_launch.py
[2.080s] -- Up-to-date symlink: /home/tomersi2/ros2_ws/install/sllidar_ros2/share/sllidar_ros2/launch/sllidar_a2m12_launch .py
[2.081s] -- Up-to-date symlink: /home/tomersi2/ros2_ws/install/sllidar_ros2/share/sllidar_ros2/launch/sllidar_a2m7_launch.py
[2.083s] -- Up-to-date symlink: /home/tomersi2/ros2_ws/install/sllidar_ros2/share/sllidar_ros2/launch/sllidar_a2m8_launch.py
[2.083s] -- Up-to-date symlink: /home/tomersi2/ros2_ws/install/sllidar_ros2/share/sllidar_ros2/launch/sllidar_a3_launch.py
[2.084s] -- Up-to-date symlink: /home/tomersi2/ros2_ws/install/sllidar_ros2/share/sllidar_ros2/launch/sllidar_c1_launch.py
[2.085s] -- Up-to-date symlink: /home/tomersi2/ros2_ws/install/sllidar_ros2/share/sllidar_ros2/launch/sllidar_s1_launch.py
[2.086s] -- Up-to-date symlink: /home/tomersi2/ros2_ws/install/sllidar_ros2/share/sllidar_ros2/launch/sllidar_s1_tcp_launch.py
[2.087s] -- Up-to-date symlink: /home/tomersi2/ros2_ws/install/sllidar_ros2/share/sllidar_ros2/launch/sllidar_s2_launch.py
[2.088s] -- Up-to-date symlink: /home/tomersi2/ros2_ws/install/sllidar_ros2/share/sllidar_ros2/launch/sllidar_s2e_launch.py
[2.090s] -- Up-to-date symlink: /home/tomersi2/ros2_ws/install/sllidar_ros2/share/sllidar_ros2/launch/sllidar_s3_launch.py
[2.091s] -- Up-to-date symlink: /home/tomersi2/ros2_ws/install/sllidar_ros2/share/sllidar_ros2/launch/sllidar_t1_launch.py
[2.092s] -- Up-to-date symlink: /home/tomersi2/ros2_ws/install/sllidar_ros2/share/sllidar_ros2/launch/view_sllidar_a1_launch.py
[2.093s] -- Up-to-date symlink: /home/tomersi2/ros2_ws/install/sllidar_ros2/share/sllidar_ros2/launch/view_sllidar_a2m12_launch.py
[2.094s] -- Up-to-date symlink: /home/tomersi2/ros2_ws/install/sllidar_ros2/share/sllidar_ros2/launch/view_sllidar_a2m7_launch.py
[2.095s] -- Up-to-date symlink: /home/tomersi2/ros2_ws/install/sllidar_ros2/share/sllidar_ros2/launch/view_sllidar_a2m8_launch.py
[2.097s] -- Up-to-date symlink: /home/tomersi2/ros2_ws/install/sllidar_ros2/share/sllidar_ros2/launch/view_sllidar_a3_launch.py
[2.098s] -- Up-to-date symlink: /home/tomersi2/ros2_ws/install/sllidar_ros2/share/sllidar_ros2/launch/view_sllidar_c1_launch.py
[2.099s] -- Up-to-date symlink: /home/tomersi2/ros2_ws/install/sllidar_ros2/share/sllidar_ros2/launch/view_sllidar_s1_launch.py
[2.100s] -- Up-to-date symlink: /home/tomersi2/ros2_ws/install/sllidar_ros2/share/sllidar_ros2/launch/view_sllidar_s1_tcp_launch.py
[2.101s] -- Up-to-date symlink: /home/tomersi2/ros2_ws/install/sllidar_ros2/share/sllidar_ros2/launch/view_sllidar_s2_launch.py
[2.101s] -- Up-to-date symlink: /home/tomersi2/ros2_ws/install/sllidar_ros2/share/sllidar_ros2/launch/view_sllidar_s2e_launch.py
[2.102s] -- Up-to-date symlink: /home/tomersi2/ros2_ws/install/sllidar_ros2/share/sllidar_ros2/launch/view_sllidar_s3_launch.py
[2.104s] -- Up-to-date symlink: /home/tomersi2/ros2_ws/install/sllidar_ros2/share/sllidar_ros2/launch/view_sllidar_t1_launch.py
[2.109s] -- Up-to-date symlink: /home/tomersi2/ros2_ws/install/sllidar_ros2/share/sllidar_ros2/rviz/sllidar_ros2.rviz
[2.110s] -- Up-to-date symlink: /home/tomersi2/ros2_ws/install/sllidar_ros2/lib/sllidar_ros2/sllidar_node
[2.112s] -- Up-to-date symlink: /home/tomersi2/ros2_ws/install/sllidar_ros2/lib/sllidar_ros2/sllidar_client
[2.114s] -- Up-to-date symlink: /home/tomersi2/ros2_ws/install/sllidar_ros2/share/ament_index/resource_index/package_run_dependencies/sllidar_ros2
[2.116s] -- Up-to-date symlink: /home/tomersi2/ros2_ws/install/sllidar_ros2/share/ament_index/resource_index/parent_prefix_path/sllidar_ros2
[2.119s] -- Up-to-date symlink: /home/tomersi2/ros2_ws/install/sllidar_ros2/share/sllidar_ros2/environment/ament_prefix_path.sh
[2.120s] -- Up-to-date symlink: /home/tomersi2/ros2_ws/install/sllidar_ros2/share/sllidar_ros2/environment/ament_prefix_path.dsv
[2.122s] -- Up-to-date symlink: /home/tomersi2/ros2_ws/install/sllidar_ros2/share/sllidar_ros2/environment/path.sh
[2.124s] -- Up-to-date symlink: /home/tomersi2/ros2_ws/install/sllidar_ros2/share/sllidar_ros2/environment/path.dsv
[2.126s] -- Up-to-date symlink: /home/tomersi2/ros2_ws/install/sllidar_ros2/share/sllidar_ros2/local_setup.bash
[2.127s] -- Up-to-date symlink: /home/tomersi2/ros2_ws/install/sllidar_ros2/share/sllidar_ros2/local_setup.sh
[2.129s] -- Up-to-date symlink: /home/tomersi2/ros2_ws/install/sllidar_ros2/share/sllidar_ros2/local_setup.zsh
[2.130s] -- Up-to-date symlink: /home/tomersi2/ros2_ws/install/sllidar_ros2/share/sllidar_ros2/local_setup.dsv
[2.131s] -- Symlinking: /home/tomersi2/ros2_ws/install/sllidar_ros2/share/sllidar_ros2/package.dsv
[2.169s] -- Up-to-date symlink: /home/tomersi2/ros2_ws/install/sllidar_ros2/share/ament_index/resource_index/packages/sllidar_ros2
[2.171s] -- Up-to-date symlink: /home/tomersi2/ros2_ws/install/sllidar_ros2/share/sllidar_ros2/cmake/ament_cmake_export_dependencies-extras.cmake
[2.173s] -- Up-to-date symlink: /home/tomersi2/ros2_ws/install/sllidar_ros2/share/sllidar_ros2/cmake/ament_cmake_export_include_directories-extras.cmake
[2.174s] -- Up-to-date symlink: /home/tomersi2/ros2_ws/install/sllidar_ros2/share/sllidar_ros2/cmake/sllidar_ros2Config.cmake
[2.176s] -- Up-to-date symlink: /home/tomersi2/ros2_ws/install/sllidar_ros2/share/sllidar_ros2/cmake/sllidar_ros2Config-version.cmake
[2.177s] -- Up-to-date symlink: /home/tomersi2/ros2_ws/install/sllidar_ros2/share/sllidar_ros2/package.xml
[2.185s] Invoked command in '/home/tomersi2/ros2_ws/build/sllidar_ros2' returned '0': CMAKE_PREFIX_PATH=${CMAKE_PREFIX_PATH}:/home/tomersi2/ros2_ws/install/my_robot_controller:/opt/ros/humble /usr/bin/cmake --install /home/tomersi2/ros2_ws/build/sllidar_ros2
